Mplus VERSION 8.8 (Mac)
MUTHEN & MUTHEN
04/08/2023  11:28 AM

INPUT INSTRUCTIONS

  TITLE:   CFA MJS German

  DATA:
      FILE IS "MJS_T1.txt";



  VARIABLE:


    NAMES ARE MJS01-MJS24;

    CATEGORICAL = MJS01-MJS24;

    USEVAR MJS01-MJS24;


  ANALYSIS:
    estimator is WLSMV;


  MODEL:
      Cognitive by MJS01-MJS08;
      Emotional by MJS09-MJS16;
      Behavior by MJS17-MJS24;

  OUTPUT:
  MODINDICES STDYX;



INPUT READING TERMINATED NORMALLY



CFA MJS German

SUMMARY OF ANALYSIS

Number of groups                                                 1
Number of observations                                         138

Number of dependent variables                                   24
Number of independent variables                                  0
Number of continuous latent variables                            3

Observed dependent variables

  Binary and ordered categorical (ordinal)
   MJS01       MJS02       MJS03       MJS04       MJS05       MJS06
   MJS07       MJS08       MJS09       MJS10       MJS11       MJS12
   MJS13       MJS14       MJS15       MJS16       MJS17       MJS18
   MJS19       MJS20       MJS21       MJS22       MJS23       MJS24

Continuous latent variables
   COGNITIV    EMOTIONA    BEHAVIOR


Estimator                                                    WLSMV
Maximum number of iterations                                  1000
Convergence criterion                                    0.500D-04
Maximum number of steepest descent iterations                   20
Parameterization                                             DELTA
Link                                                        PROBIT

Input data file(s)
  MJS_T1.txt

Input data format  FREE


UNIVARIATE PROPORTIONS AND COUNTS FOR CATEGORICAL VARIABLES

    MJS01
      Category 1    0.768          106.000
      Category 2    0.196           27.000
      Category 3    0.022            3.000
      Category 4    0.014            2.000
    MJS02
      Category 1    0.312           43.000
      Category 2    0.203           28.000
      Category 3    0.167           23.000
      Category 4    0.145           20.000
      Category 5    0.101           14.000
      Category 6    0.029            4.000
      Category 7    0.043            6.000
    MJS03
      Category 1    0.167           23.000
      Category 2    0.254           35.000
      Category 3    0.203           28.000
      Category 4    0.116           16.000
      Category 5    0.203           28.000
      Category 6    0.051            7.000
      Category 7    0.007            1.000
    MJS04
      Category 1    0.804          111.000
      Category 2    0.152           21.000
      Category 3    0.029            4.000
      Category 4    0.007            1.000
      Category 5    0.007            1.000
    MJS05
      Category 1    0.167           23.000
      Category 2    0.181           25.000
      Category 3    0.152           21.000
      Category 4    0.188           26.000
      Category 5    0.203           28.000
      Category 6    0.058            8.000
      Category 7    0.051            7.000
    MJS06
      Category 1    0.399           55.000
      Category 2    0.232           32.000
      Category 3    0.130           18.000
      Category 4    0.094           13.000
      Category 5    0.101           14.000
      Category 6    0.029            4.000
      Category 7    0.014            2.000
    MJS07
      Category 1    0.848          117.000
      Category 2    0.145           20.000
      Category 3    0.007            1.000
    MJS08
      Category 1    0.399           55.000
      Category 2    0.304           42.000
      Category 3    0.174           24.000
      Category 4    0.087           12.000
      Category 5    0.022            3.000
      Category 6    0.007            1.000
      Category 7    0.007            1.000
    MJS09
      Category 1    0.036            5.000
      Category 2    0.094           13.000
      Category 3    0.145           20.000
      Category 4    0.377           52.000
      Category 5    0.210           29.000
      Category 6    0.109           15.000
      Category 7    0.029            4.000
    MJS10
      Category 1    0.036            5.000
      Category 2    0.036            5.000
      Category 3    0.145           20.000
      Category 4    0.348           48.000
      Category 5    0.268           37.000
      Category 6    0.109           15.000
      Category 7    0.058            8.000
    MJS11
      Category 1    0.116           16.000
      Category 2    0.188           26.000
      Category 3    0.225           31.000
      Category 4    0.355           49.000
      Category 5    0.087           12.000
      Category 6    0.022            3.000
      Category 7    0.007            1.000
    MJS12
      Category 1    0.022            3.000
      Category 2    0.036            5.000
      Category 3    0.101           14.000
      Category 4    0.290           40.000
      Category 5    0.355           49.000
      Category 6    0.196           27.000
    MJS13
      Category 1    0.007            1.000
      Category 2    0.029            4.000
      Category 3    0.014            2.000
      Category 4    0.123           17.000
      Category 5    0.246           34.000
      Category 6    0.406           56.000
      Category 7    0.174           24.000
    MJS14
      Category 1    0.022            3.000
      Category 2    0.051            7.000
      Category 3    0.051            7.000
      Category 4    0.159           22.000
      Category 5    0.145           20.000
      Category 6    0.210           29.000
      Category 7    0.362           50.000
    MJS15
      Category 1    0.094           13.000
      Category 2    0.072           10.000
      Category 3    0.130           18.000
      Category 4    0.254           35.000
      Category 5    0.261           36.000
      Category 6    0.123           17.000
      Category 7    0.065            9.000
    MJS16
      Category 1    0.138           19.000
      Category 2    0.196           27.000
      Category 3    0.203           28.000
      Category 4    0.341           47.000
      Category 5    0.065            9.000
      Category 6    0.051            7.000
      Category 7    0.007            1.000
    MJS17
      Category 1    0.855          118.000
      Category 2    0.116           16.000
      Category 3    0.014            2.000
      Category 4    0.007            1.000
      Category 5    0.007            1.000
    MJS18
      Category 1    0.848          117.000
      Category 2    0.094           13.000
      Category 3    0.022            3.000
      Category 4    0.014            2.000
      Category 5    0.022            3.000
    MJS19
      Category 1    0.341           47.000
      Category 2    0.304           42.000
      Category 3    0.145           20.000
      Category 4    0.094           13.000
      Category 5    0.087           12.000
      Category 6    0.022            3.000
      Category 7    0.007            1.000
    MJS20
      Category 1    0.594           82.000
      Category 2    0.174           24.000
      Category 3    0.080           11.000
      Category 4    0.072           10.000
      Category 5    0.065            9.000
      Category 6    0.014            2.000
    MJS21
      Category 1    0.442           61.000
      Category 2    0.304           42.000
      Category 3    0.072           10.000
      Category 4    0.080           11.000
      Category 5    0.051            7.000
      Category 6    0.036            5.000
      Category 7    0.014            2.000
    MJS22
      Category 1    0.239           33.000
      Category 2    0.225           31.000
      Category 3    0.094           13.000
      Category 4    0.232           32.000
      Category 5    0.116           16.000
      Category 6    0.072           10.000
      Category 7    0.022            3.000
    MJS23
      Category 1    0.210           29.000
      Category 2    0.399           55.000
      Category 3    0.181           25.000
      Category 4    0.159           22.000
      Category 5    0.043            6.000
      Category 6    0.007            1.000
    MJS24
      Category 1    0.899          124.000
      Category 2    0.072           10.000
      Category 3    0.014            2.000
      Category 4    0.007            1.000
      Category 5    0.007            1.000



THE MODEL ESTIMATION TERMINATED NORMALLY



MODEL FIT INFORMATION

Number of Free Parameters                      153

Chi-Square Test of Model Fit

          Value                            484.972*
          Degrees of Freedom                   249
          P-Value                           0.0000

*   The chi-square value for MLM, MLMV, MLR, ULSMV, WLSM and WLSMV cannot be used
    for chi-square difference testing in the regular way.  MLM, MLR and WLSM
    chi-square difference testing is described on the Mplus website.  MLMV, WLSMV,
    and ULSMV difference testing is done using the DIFFTEST option.

RMSEA (Root Mean Square Error Of Approximation)

          Estimate                           0.083
          90 Percent C.I.                    0.072  0.094
          Probability RMSEA <= .05           0.000

CFI/TLI

          CFI                                0.912
          TLI                                0.902

Chi-Square Test of Model Fit for the Baseline Model

          Value                           2947.243
          Degrees of Freedom                   276
          P-Value                           0.0000

SRMR (Standardized Root Mean Square Residual)

          Value                              0.098

Optimum Function Value for Weighted Least-Squares Estimator

          Value                     0.19996269D+01



MODEL RESULTS

                                                    Two-Tailed
                    Estimate       S.E.  Est./S.E.    P-Value

 COGNITIV BY
    MJS01              1.000      0.000    999.000    999.000
    MJS02              1.047      0.082     12.702      0.000
    MJS03              0.733      0.077      9.548      0.000
    MJS04              0.963      0.102      9.446      0.000
    MJS05              0.915      0.080     11.368      0.000
    MJS06              1.060      0.074     14.276      0.000
    MJS07              1.129      0.098     11.483      0.000
    MJS08              0.757      0.080      9.431      0.000

 EMOTIONA BY
    MJS09              1.000      0.000    999.000    999.000
    MJS10              1.152      0.074     15.646      0.000
    MJS11              1.004      0.079     12.675      0.000
    MJS12              0.821      0.089      9.256      0.000
    MJS13              0.846      0.078     10.874      0.000
    MJS14              1.164      0.077     15.058      0.000
    MJS15              1.103      0.078     14.224      0.000
    MJS16              0.968      0.077     12.561      0.000

 BEHAVIOR BY
    MJS17              1.000      0.000    999.000    999.000
    MJS18              0.922      0.212      4.347      0.000
    MJS19              0.866      0.169      5.131      0.000
    MJS20              1.146      0.224      5.121      0.000
    MJS21              0.862      0.175      4.933      0.000
    MJS22              0.960      0.185      5.192      0.000
    MJS23              0.911      0.171      5.312      0.000
    MJS24              1.531      0.328      4.669      0.000

 EMOTIONA WITH
    COGNITIVE          0.164      0.040      4.121      0.000

 BEHAVIOR WITH
    COGNITIVE          0.304      0.065      4.698      0.000
    EMOTIONAL          0.177      0.042      4.179      0.000

 Thresholds
    MJS01$1            0.733      0.118      6.221      0.000
    MJS01$2            1.796      0.200      8.976      0.000
    MJS01$3            2.184      0.277      7.892      0.000
    MJS02$1           -0.491      0.112     -4.406      0.000
    MJS02$2            0.036      0.107      0.340      0.733
    MJS02$3            0.471      0.111      4.239      0.000
    MJS02$4            0.939      0.126      7.471      0.000
    MJS02$5            1.458      0.160      9.107      0.000
    MJS02$6            1.712      0.188      9.090      0.000
    MJS03$1           -0.967      0.127     -7.619      0.000
    MJS03$2           -0.201      0.107     -1.872      0.061
    MJS03$3            0.314      0.109      2.890      0.004
    MJS03$4            0.641      0.115      5.569      0.000
    MJS03$5            1.572      0.172      9.163      0.000
    MJS03$6            2.445      0.359      6.803      0.000
    MJS04$1            0.857      0.122      7.013      0.000
    MJS04$2            1.712      0.188      9.090      0.000
    MJS04$3            2.184      0.277      7.892      0.000
    MJS04$4            2.445      0.359      6.803      0.000
    MJS05$1           -0.967      0.127     -7.619      0.000
    MJS05$2           -0.391      0.110     -3.566      0.000
    MJS05$3            0.000      0.107      0.000      1.000
    MJS05$4            0.491      0.112      4.406      0.000
    MJS05$5            1.233      0.142      8.679      0.000
    MJS05$6            1.638      0.179      9.147      0.000
    MJS06$1           -0.257      0.108     -2.381      0.017
    MJS06$2            0.333      0.109      3.059      0.002
    MJS06$3            0.709      0.117      6.059      0.000
    MJS06$4            1.058      0.132      8.048      0.000
    MJS06$5            1.712      0.188      9.090      0.000
    MJS06$6            2.184      0.277      7.892      0.000
    MJS07$1            1.027      0.130      7.908      0.000
    MJS07$2            2.445      0.359      6.803      0.000
    MJS08$1           -0.257      0.108     -2.381      0.017
    MJS08$2            0.533      0.112      4.741      0.000
    MJS08$3            1.159      0.137      8.443      0.000
    MJS08$4            1.796      0.200      8.976      0.000
    MJS08$5            2.184      0.277      7.892      0.000
    MJS08$6            2.445      0.359      6.803      0.000
    MJS09$1           -1.796      0.200     -8.976      0.000
    MJS09$2           -1.124      0.135     -8.316      0.000
    MJS09$3           -0.597      0.114     -5.239      0.000
    MJS09$4            0.391      0.110      3.566      0.000
    MJS09$5            1.091      0.133      8.184      0.000
    MJS09$6            1.896      0.216      8.779      0.000
    MJS10$1           -1.796      0.200     -8.976      0.000
    MJS10$2           -1.458      0.160     -9.107      0.000
    MJS10$3           -0.781      0.119     -6.541      0.000
    MJS10$4            0.164      0.107      1.532      0.126
    MJS10$5            0.967      0.127      7.619      0.000
    MJS10$6            1.572      0.172      9.163      0.000
    MJS11$1           -1.196      0.140     -8.564      0.000
    MJS11$2           -0.512      0.112     -4.574      0.000
    MJS11$3            0.073      0.107      0.681      0.496
    MJS11$4            1.196      0.140      8.564      0.000
    MJS11$5            1.896      0.216      8.779      0.000
    MJS11$6            2.445      0.359      6.803      0.000
    MJS12$1           -2.019      0.239     -8.451      0.000
    MJS12$2           -1.572      0.172     -9.163      0.000
    MJS12$3           -0.997      0.128     -7.765      0.000
    MJS12$4           -0.127      0.107     -1.191      0.233
    MJS12$5            0.857      0.122      7.013      0.000
    MJS13$1           -2.445      0.359     -6.803      0.000
    MJS13$2           -1.796      0.200     -8.976      0.000
    MJS13$3           -1.638      0.179     -9.147      0.000
    MJS13$4           -0.939      0.126     -7.471      0.000
    MJS13$5           -0.201      0.107     -1.872      0.061
    MJS13$6            0.939      0.126      7.471      0.000
    MJS14$1           -2.019      0.239     -8.451      0.000
    MJS14$2           -1.458      0.160     -9.107      0.000
    MJS14$3           -1.159      0.137     -8.443      0.000
    MJS14$4           -0.575      0.113     -5.074      0.000
    MJS14$5           -0.183      0.107     -1.702      0.089
    MJS14$6            0.352      0.109      3.228      0.001
    MJS15$1           -1.315      0.148     -8.885      0.000
    MJS15$2           -0.967      0.127     -7.619      0.000
    MJS15$3           -0.533      0.112     -4.741      0.000
    MJS15$4            0.127      0.107      1.191      0.233
    MJS15$5            0.884      0.123      7.168      0.000
    MJS15$6            1.512      0.165      9.147      0.000
    MJS16$1           -1.091      0.133     -8.184      0.000
    MJS16$2           -0.431      0.110     -3.903      0.000
    MJS16$3            0.091      0.107      0.851      0.395
    MJS16$4            1.159      0.137      8.443      0.000
    MJS16$5            1.572      0.172      9.163      0.000
    MJS16$6            2.445      0.359      6.803      0.000
    MJS17$1            1.058      0.132      8.048      0.000
    MJS17$2            1.896      0.216      8.779      0.000
    MJS17$3            2.184      0.277      7.892      0.000
    MJS17$4            2.445      0.359      6.803      0.000
    MJS18$1            1.027      0.130      7.908      0.000
    MJS18$2            1.572      0.172      9.163      0.000
    MJS18$3            1.796      0.200      8.976      0.000
    MJS18$4            2.019      0.239      8.451      0.000
    MJS19$1           -0.411      0.110     -3.734      0.000
    MJS19$2            0.372      0.109      3.397      0.001
    MJS19$3            0.806      0.120      6.700      0.000
    MJS19$4            1.196      0.140      8.564      0.000
    MJS19$5            1.896      0.216      8.779      0.000
    MJS19$6            2.445      0.359      6.803      0.000
    MJS20$1            0.238      0.108      2.211      0.027
    MJS20$2            0.733      0.118      6.221      0.000
    MJS20$3            1.027      0.130      7.908      0.000
    MJS20$4            1.407      0.156      9.048      0.000
    MJS20$5            2.184      0.277      7.892      0.000
    MJS21$1           -0.146      0.107     -1.362      0.173
    MJS21$2            0.663      0.116      5.733      0.000
    MJS21$3            0.911      0.124      7.320      0.000
    MJS21$4            1.273      0.145      8.787      0.000
    MJS21$5            1.638      0.179      9.147      0.000
    MJS21$6            2.184      0.277      7.892      0.000
    MJS22$1           -0.709      0.117     -6.059      0.000
    MJS22$2           -0.091      0.107     -0.851      0.395
    MJS22$3            0.146      0.107      1.362      0.173
    MJS22$4            0.806      0.120      6.700      0.000
    MJS22$5            1.315      0.148      8.885      0.000
    MJS22$6            2.019      0.239      8.451      0.000
    MJS23$1           -0.806      0.120     -6.700      0.000
    MJS23$2            0.276      0.108      2.551      0.011
    MJS23$3            0.806      0.120      6.700      0.000
    MJS23$4            1.638      0.179      9.147      0.000
    MJS23$5            2.445      0.359      6.803      0.000
    MJS24$1            1.273      0.145      8.787      0.000
    MJS24$2            1.896      0.216      8.779      0.000
    MJS24$3            2.184      0.277      7.892      0.000
    MJS24$4            2.445      0.359      6.803      0.000

 Variances
    COGNITIVE          0.651      0.082      7.955      0.000
    EMOTIONAL          0.512      0.063      8.166      0.000
    BEHAVIOR           0.360      0.113      3.192      0.001


QUALITY OF NUMERICAL RESULTS

     Condition Number for the Information Matrix              0.112E-02
       (ratio of smallest to largest eigenvalue)


STANDARDIZED MODEL RESULTS


STDYX Standardization

                                                    Two-Tailed
                    Estimate       S.E.  Est./S.E.    P-Value

 COGNITIV BY
    MJS01              0.807      0.051     15.910      0.000
    MJS02              0.844      0.031     27.270      0.000
    MJS03              0.591      0.056     10.592      0.000
    MJS04              0.777      0.059     13.251      0.000
    MJS05              0.738      0.041     18.205      0.000
    MJS06              0.855      0.033     25.813      0.000
    MJS07              0.911      0.051     17.735      0.000
    MJS08              0.611      0.055     11.054      0.000

 EMOTIONA BY
    MJS09              0.715      0.044     16.332      0.000
    MJS10              0.824      0.033     24.740      0.000
    MJS11              0.718      0.046     15.596      0.000
    MJS12              0.587      0.055     10.615      0.000
    MJS13              0.605      0.051     11.757      0.000
    MJS14              0.833      0.041     20.480      0.000
    MJS15              0.789      0.036     22.002      0.000
    MJS16              0.693      0.042     16.367      0.000

 BEHAVIOR BY
    MJS17              0.600      0.094      6.385      0.000
    MJS18              0.553      0.113      4.889      0.000
    MJS19              0.520      0.065      7.966      0.000
    MJS20              0.688      0.069     10.043      0.000
    MJS21              0.517      0.068      7.560      0.000
    MJS22              0.576      0.057     10.146      0.000
    MJS23              0.547      0.064      8.589      0.000
    MJS24              0.919      0.102      8.981      0.000

 EMOTIONA WITH
    COGNITIVE          0.285      0.059      4.818      0.000

 BEHAVIOR WITH
    COGNITIVE          0.628      0.054     11.692      0.000
    EMOTIONAL          0.412      0.066      6.258      0.000

 Thresholds
    MJS01$1            0.733      0.118      6.221      0.000
    MJS01$2            1.796      0.200      8.976      0.000
    MJS01$3            2.184      0.277      7.892      0.000
    MJS02$1           -0.491      0.112     -4.406      0.000
    MJS02$2            0.036      0.107      0.340      0.733
    MJS02$3            0.471      0.111      4.239      0.000
    MJS02$4            0.939      0.126      7.471      0.000
    MJS02$5            1.458      0.160      9.107      0.000
    MJS02$6            1.712      0.188      9.090      0.000
    MJS03$1           -0.967      0.127     -7.619      0.000
    MJS03$2           -0.201      0.107     -1.872      0.061
    MJS03$3            0.314      0.109      2.890      0.004
    MJS03$4            0.641      0.115      5.569      0.000
    MJS03$5            1.572      0.172      9.163      0.000
    MJS03$6            2.445      0.359      6.803      0.000
    MJS04$1            0.857      0.122      7.013      0.000
    MJS04$2            1.712      0.188      9.090      0.000
    MJS04$3            2.184      0.277      7.892      0.000
    MJS04$4            2.445      0.359      6.803      0.000
    MJS05$1           -0.967      0.127     -7.619      0.000
    MJS05$2           -0.391      0.110     -3.566      0.000
    MJS05$3            0.000      0.107      0.000      1.000
    MJS05$4            0.491      0.112      4.406      0.000
    MJS05$5            1.233      0.142      8.679      0.000
    MJS05$6            1.638      0.179      9.147      0.000
    MJS06$1           -0.257      0.108     -2.381      0.017
    MJS06$2            0.333      0.109      3.059      0.002
    MJS06$3            0.709      0.117      6.059      0.000
    MJS06$4            1.058      0.132      8.048      0.000
    MJS06$5            1.712      0.188      9.090      0.000
    MJS06$6            2.184      0.277      7.892      0.000
    MJS07$1            1.027      0.130      7.908      0.000
    MJS07$2            2.445      0.359      6.803      0.000
    MJS08$1           -0.257      0.108     -2.381      0.017
    MJS08$2            0.533      0.112      4.741      0.000
    MJS08$3            1.159      0.137      8.443      0.000
    MJS08$4            1.796      0.200      8.976      0.000
    MJS08$5            2.184      0.277      7.892      0.000
    MJS08$6            2.445      0.359      6.803      0.000
    MJS09$1           -1.796      0.200     -8.976      0.000
    MJS09$2           -1.124      0.135     -8.316      0.000
    MJS09$3           -0.597      0.114     -5.239      0.000
    MJS09$4            0.391      0.110      3.566      0.000
    MJS09$5            1.091      0.133      8.184      0.000
    MJS09$6            1.896      0.216      8.779      0.000
    MJS10$1           -1.796      0.200     -8.976      0.000
    MJS10$2           -1.458      0.160     -9.107      0.000
    MJS10$3           -0.781      0.119     -6.541      0.000
    MJS10$4            0.164      0.107      1.532      0.126
    MJS10$5            0.967      0.127      7.619      0.000
    MJS10$6            1.572      0.172      9.163      0.000
    MJS11$1           -1.196      0.140     -8.564      0.000
    MJS11$2           -0.512      0.112     -4.574      0.000
    MJS11$3            0.073      0.107      0.681      0.496
    MJS11$4            1.196      0.140      8.564      0.000
    MJS11$5            1.896      0.216      8.779      0.000
    MJS11$6            2.445      0.359      6.803      0.000
    MJS12$1           -2.019      0.239     -8.451      0.000
    MJS12$2           -1.572      0.172     -9.163      0.000
    MJS12$3           -0.997      0.128     -7.765      0.000
    MJS12$4           -0.127      0.107     -1.191      0.233
    MJS12$5            0.857      0.122      7.013      0.000
    MJS13$1           -2.445      0.359     -6.803      0.000
    MJS13$2           -1.796      0.200     -8.976      0.000
    MJS13$3           -1.638      0.179     -9.147      0.000
    MJS13$4           -0.939      0.126     -7.471      0.000
    MJS13$5           -0.201      0.107     -1.872      0.061
    MJS13$6            0.939      0.126      7.471      0.000
    MJS14$1           -2.019      0.239     -8.451      0.000
    MJS14$2           -1.458      0.160     -9.107      0.000
    MJS14$3           -1.159      0.137     -8.443      0.000
    MJS14$4           -0.575      0.113     -5.074      0.000
    MJS14$5           -0.183      0.107     -1.702      0.089
    MJS14$6            0.352      0.109      3.228      0.001
    MJS15$1           -1.315      0.148     -8.885      0.000
    MJS15$2           -0.967      0.127     -7.619      0.000
    MJS15$3           -0.533      0.112     -4.741      0.000
    MJS15$4            0.127      0.107      1.191      0.233
    MJS15$5            0.884      0.123      7.168      0.000
    MJS15$6            1.512      0.165      9.147      0.000
    MJS16$1           -1.091      0.133     -8.184      0.000
    MJS16$2           -0.431      0.110     -3.903      0.000
    MJS16$3            0.091      0.107      0.851      0.395
    MJS16$4            1.159      0.137      8.443      0.000
    MJS16$5            1.572      0.172      9.163      0.000
    MJS16$6            2.445      0.359      6.803      0.000
    MJS17$1            1.058      0.132      8.048      0.000
    MJS17$2            1.896      0.216      8.779      0.000
    MJS17$3            2.184      0.277      7.892      0.000
    MJS17$4            2.445      0.359      6.803      0.000
    MJS18$1            1.027      0.130      7.908      0.000
    MJS18$2            1.572      0.172      9.163      0.000
    MJS18$3            1.796      0.200      8.976      0.000
    MJS18$4            2.019      0.239      8.451      0.000
    MJS19$1           -0.411      0.110     -3.734      0.000
    MJS19$2            0.372      0.109      3.397      0.001
    MJS19$3            0.806      0.120      6.700      0.000
    MJS19$4            1.196      0.140      8.564      0.000
    MJS19$5            1.896      0.216      8.779      0.000
    MJS19$6            2.445      0.359      6.803      0.000
    MJS20$1            0.238      0.108      2.211      0.027
    MJS20$2            0.733      0.118      6.221      0.000
    MJS20$3            1.027      0.130      7.908      0.000
    MJS20$4            1.407      0.156      9.048      0.000
    MJS20$5            2.184      0.277      7.892      0.000
    MJS21$1           -0.146      0.107     -1.362      0.173
    MJS21$2            0.663      0.116      5.733      0.000
    MJS21$3            0.911      0.124      7.320      0.000
    MJS21$4            1.273      0.145      8.787      0.000
    MJS21$5            1.638      0.179      9.147      0.000
    MJS21$6            2.184      0.277      7.892      0.000
    MJS22$1           -0.709      0.117     -6.059      0.000
    MJS22$2           -0.091      0.107     -0.851      0.395
    MJS22$3            0.146      0.107      1.362      0.173
    MJS22$4            0.806      0.120      6.700      0.000
    MJS22$5            1.315      0.148      8.885      0.000
    MJS22$6            2.019      0.239      8.451      0.000
    MJS23$1           -0.806      0.120     -6.700      0.000
    MJS23$2            0.276      0.108      2.551      0.011
    MJS23$3            0.806      0.120      6.700      0.000
    MJS23$4            1.638      0.179      9.147      0.000
    MJS23$5            2.445      0.359      6.803      0.000
    MJS24$1            1.273      0.145      8.787      0.000
    MJS24$2            1.896      0.216      8.779      0.000
    MJS24$3            2.184      0.277      7.892      0.000
    MJS24$4            2.445      0.359      6.803      0.000

 Variances
    COGNITIVE          1.000      0.000    999.000    999.000
    EMOTIONAL          1.000      0.000    999.000    999.000
    BEHAVIOR           1.000      0.000    999.000    999.000


R-SQUARE

    Observed                                        Two-Tailed   Residual
    Variable        Estimate       S.E.  Est./S.E.    P-Value    Variance

    MJS01              0.651      0.082      7.955      0.000      0.349
    MJS02              0.713      0.052     13.635      0.000      0.287
    MJS03              0.349      0.066      5.296      0.000      0.651
    MJS04              0.603      0.091      6.626      0.000      0.397
    MJS05              0.545      0.060      9.103      0.000      0.455
    MJS06              0.731      0.057     12.906      0.000      0.269
    MJS07              0.829      0.094      8.867      0.000      0.171
    MJS08              0.373      0.067      5.527      0.000      0.627
    MJS09              0.512      0.063      8.166      0.000      0.488
    MJS10              0.679      0.055     12.370      0.000      0.321
    MJS11              0.516      0.066      7.798      0.000      0.484
    MJS12              0.345      0.065      5.307      0.000      0.655
    MJS13              0.366      0.062      5.879      0.000      0.634
    MJS14              0.693      0.068     10.240      0.000      0.307
    MJS15              0.622      0.057     11.001      0.000      0.378
    MJS16              0.480      0.059      8.184      0.000      0.520
    MJS17              0.360      0.113      3.192      0.001      0.640
    MJS18              0.306      0.125      2.444      0.015      0.694
    MJS19              0.270      0.068      3.983      0.000      0.730
    MJS20              0.473      0.094      5.021      0.000      0.527
    MJS21              0.268      0.071      3.780      0.000      0.732
    MJS22              0.332      0.065      5.073      0.000      0.668
    MJS23              0.299      0.070      4.295      0.000      0.701
    MJS24              0.845      0.188      4.491      0.000      0.155


MODEL MODIFICATION INDICES

NOTE:  Modification indices for direct effects of observed dependent variables
regressed on covariates and residual covariances among observed dependent
variables may not be included.  To include these, request MODINDICES (ALL).

Minimum M.I. value for printing the modification index    10.000

                                   M.I.     E.P.C.  Std E.P.C.  StdYX E.P.C.

BY Statements

COGNITIV BY MJS16                 13.417    -0.262     -0.211       -0.211
EMOTIONA BY MJS01                 14.202     0.375      0.268        0.268
EMOTIONA BY MJS03                 24.562    -0.374     -0.268       -0.268
EMOTIONA BY MJS05                 23.276    -0.400     -0.286       -0.286
EMOTIONA BY MJS07                 14.989     0.462      0.330        0.330
EMOTIONA BY MJS20                 12.777     0.381      0.273        0.273
EMOTIONA BY MJS23                 12.601     0.332      0.238        0.238
BEHAVIOR BY MJS05                 13.499    -0.707     -0.424       -0.424
BEHAVIOR BY MJS16                 14.887    -0.477     -0.286       -0.286


     Beginning Time:  11:28:43
        Ending Time:  11:28:44
       Elapsed Time:  00:00:01



MUTHEN & MUTHEN
3463 Stoner Ave.
Los Angeles, CA  90066

Tel: (310) 391-9971
Fax: (310) 391-8971
Web: www.StatModel.com
Support: Support@StatModel.com

Copyright (c) 1998-2022 Muthen & Muthen
