Mplus VERSION 8.8 (Mac)
MUTHEN & MUTHEN
03/26/2023   6:12 PM

INPUT INSTRUCTIONS

  TITLE:   CFA MJS German

  DATA:
      FILE IS "MJS_Study21.txt";



  VARIABLE:


    NAMES ARE Gender MJS01-MJS24;

    CATEGORICAL = MJS01-MJS24;

    USEVAR MJS01-MJS24;

  ANALYSIS: Rotation = GEOMIN(orthogonal);
    estimator=wlsmv;

  MODEL: G f1 f2 f3 BY MJS01-MJS24(*1);


  OUTPUT:
  MODINDICES STDYX;



INPUT READING TERMINATED NORMALLY



CFA MJS German

SUMMARY OF ANALYSIS

Number of groups                                                 1
Number of observations                                         404

Number of dependent variables                                   24
Number of independent variables                                  0
Number of continuous latent variables                            4

Observed dependent variables

  Binary and ordered categorical (ordinal)
   MJS01       MJS02       MJS03       MJS04       MJS05       MJS06
   MJS07       MJS08       MJS09       MJS10       MJS11       MJS12
   MJS13       MJS14       MJS15       MJS16       MJS17       MJS18
   MJS19       MJS20       MJS21       MJS22       MJS23       MJS24

Continuous latent variables

  EFA factors
  *1:   G           F1          F2          F3


Estimator                                                    WLSMV
Rotation                                                    GEOMIN
Row standardization                                    CORRELATION
Type of rotation                                        ORTHOGONAL
Epsilon value                                               Varies
Maximum number of iterations                                  1000
Convergence criterion                                    0.500D-04
Maximum number of steepest descent iterations                   20
Optimization Specifications for the Exploratory Factor Analysis
Rotation Algorithm
  Number of random starts                                       30
  Maximum number of iterations                               10000
  Derivative convergence criterion                       0.100D-04
Parameterization                                             DELTA
Link                                                        PROBIT

Input data file(s)
  MJS_Study21.txt

Input data format  FREE


UNIVARIATE PROPORTIONS AND COUNTS FOR CATEGORICAL VARIABLES

    MJS01
      Category 1    0.592          239.000
      Category 2    0.257          104.000
      Category 3    0.069           28.000
      Category 4    0.030           12.000
      Category 5    0.037           15.000
      Category 6    0.012            5.000
      Category 7    0.002            1.000
    MJS02
      Category 1    0.196           79.000
      Category 2    0.344          139.000
      Category 3    0.193           78.000
      Category 4    0.114           46.000
      Category 5    0.097           39.000
      Category 6    0.045           18.000
      Category 7    0.012            5.000
    MJS03
      Category 1    0.064           26.000
      Category 2    0.173           70.000
      Category 3    0.208           84.000
      Category 4    0.205           83.000
      Category 5    0.205           83.000
      Category 6    0.101           41.000
      Category 7    0.042           17.000
    MJS04
      Category 1    0.651          263.000
      Category 2    0.220           89.000
      Category 3    0.050           20.000
      Category 4    0.032           13.000
      Category 5    0.022            9.000
      Category 6    0.020            8.000
      Category 7    0.005            2.000
    MJS05
      Category 1    0.106           43.000
      Category 2    0.240           97.000
      Category 3    0.166           67.000
      Category 4    0.168           68.000
      Category 5    0.186           75.000
      Category 6    0.092           37.000
      Category 7    0.042           17.000
    MJS06
      Category 1    0.290          117.000
      Category 2    0.324          131.000
      Category 3    0.166           67.000
      Category 4    0.114           46.000
      Category 5    0.050           20.000
      Category 6    0.047           19.000
      Category 7    0.010            4.000
    MJS07
      Category 1    0.700          283.000
      Category 2    0.188           76.000
      Category 3    0.054           22.000
      Category 4    0.017            7.000
      Category 5    0.012            5.000
      Category 6    0.025           10.000
      Category 7    0.002            1.000
    MJS08
      Category 1    0.235           95.000
      Category 2    0.312          126.000
      Category 3    0.124           50.000
      Category 4    0.116           47.000
      Category 5    0.116           47.000
      Category 6    0.067           27.000
      Category 7    0.030           12.000
    MJS09
      Category 1    0.030           12.000
      Category 2    0.124           50.000
      Category 3    0.131           53.000
      Category 4    0.324          131.000
      Category 5    0.290          117.000
      Category 6    0.082           33.000
      Category 7    0.020            8.000
    MJS10
      Category 1    0.030           12.000
      Category 2    0.136           55.000
      Category 3    0.176           71.000
      Category 4    0.292          118.000
      Category 5    0.235           95.000
      Category 6    0.114           46.000
      Category 7    0.017            7.000
    MJS11
      Category 1    0.178           72.000
      Category 2    0.257          104.000
      Category 3    0.260          105.000
      Category 4    0.213           86.000
      Category 5    0.069           28.000
      Category 6    0.020            8.000
      Category 7    0.002            1.000
    MJS12
      Category 1    0.007            3.000
      Category 2    0.040           16.000
      Category 3    0.084           34.000
      Category 4    0.171           69.000
      Category 5    0.339          137.000
      Category 6    0.252          102.000
      Category 7    0.106           43.000
    MJS13
      Category 1    0.020            8.000
      Category 2    0.045           18.000
      Category 3    0.057           23.000
      Category 4    0.129           52.000
      Category 5    0.262          106.000
      Category 6    0.312          126.000
      Category 7    0.176           71.000
    MJS14
      Category 1    0.052           21.000
      Category 2    0.054           22.000
      Category 3    0.114           46.000
      Category 4    0.193           78.000
      Category 5    0.173           70.000
      Category 6    0.196           79.000
      Category 7    0.218           88.000
    MJS15
      Category 1    0.111           45.000
      Category 2    0.176           71.000
      Category 3    0.188           76.000
      Category 4    0.287          116.000
      Category 5    0.156           63.000
      Category 6    0.067           27.000
      Category 7    0.015            6.000
    MJS16
      Category 1    0.233           94.000
      Category 2    0.265          107.000
      Category 3    0.161           65.000
      Category 4    0.260          105.000
      Category 5    0.059           24.000
      Category 6    0.017            7.000
      Category 7    0.005            2.000
    MJS17
      Category 1    0.812          328.000
      Category 2    0.129           52.000
      Category 3    0.027           11.000
      Category 4    0.010            4.000
      Category 5    0.017            7.000
      Category 6    0.005            2.000
    MJS18
      Category 1    0.703          284.000
      Category 2    0.186           75.000
      Category 3    0.057           23.000
      Category 4    0.032           13.000
      Category 5    0.010            4.000
      Category 6    0.007            3.000
      Category 7    0.005            2.000
    MJS19
      Category 1    0.166           67.000
      Category 2    0.277          112.000
      Category 3    0.191           77.000
      Category 4    0.126           51.000
      Category 5    0.196           79.000
      Category 6    0.040           16.000
      Category 7    0.005            2.000
    MJS20
      Category 1    0.478          193.000
      Category 2    0.324          131.000
      Category 3    0.099           40.000
      Category 4    0.050           20.000
      Category 5    0.030           12.000
      Category 6    0.020            8.000
    MJS21
      Category 1    0.401          162.000
      Category 2    0.287          116.000
      Category 3    0.119           48.000
      Category 4    0.114           46.000
      Category 5    0.062           25.000
      Category 6    0.012            5.000
      Category 7    0.005            2.000
    MJS22
      Category 1    0.171           69.000
      Category 2    0.225           91.000
      Category 3    0.193           78.000
      Category 4    0.191           77.000
      Category 5    0.151           61.000
      Category 6    0.059           24.000
      Category 7    0.010            4.000
    MJS23
      Category 1    0.280          113.000
      Category 2    0.394          159.000
      Category 3    0.166           67.000
      Category 4    0.131           53.000
      Category 5    0.017            7.000
      Category 6    0.012            5.000
    MJS24
      Category 1    0.876          354.000
      Category 2    0.089           36.000
      Category 3    0.015            6.000
      Category 4    0.015            6.000
      Category 5    0.005            2.000



THE MODEL ESTIMATION TERMINATED NORMALLY



MODEL FIT INFORMATION

Number of Free Parameters                      229

Chi-Square Test of Model Fit

          Value                            610.553*
          Degrees of Freedom                   186
          P-Value                           0.0000

*   The chi-square value for MLM, MLMV, MLR, ULSMV, WLSM and WLSMV cannot be used
    for chi-square difference testing in the regular way.  MLM, MLR and WLSM
    chi-square difference testing is described on the Mplus website.  MLMV, WLSMV,
    and ULSMV difference testing is done using the DIFFTEST option.

RMSEA (Root Mean Square Error Of Approximation)

          Estimate                           0.075
          90 Percent C.I.                    0.069  0.082
          Probability RMSEA <= .05           0.000

CFI/TLI

          CFI                                0.950
          TLI                                0.925

Chi-Square Test of Model Fit for the Baseline Model

          Value                           8685.702
          Degrees of Freedom                   276
          P-Value                           0.0000

SRMR (Standardized Root Mean Square Residual)

          Value                              0.041

Optimum Function Value for Weighted Least-Squares Estimator

          Value                     0.38160875D+00



MODEL RESULTS

                                                    Two-Tailed
                    Estimate       S.E.  Est./S.E.    P-Value

 G        BY
    MJS01              0.733      0.035     20.921      0.000
    MJS02              0.688      0.029     24.038      0.000
    MJS03              0.731      0.025     28.751      0.000
    MJS04              0.751      0.034     21.955      0.000
    MJS05              0.732      0.025     29.340      0.000
    MJS06              0.719      0.028     26.021      0.000
    MJS07              0.749      0.037     20.286      0.000
    MJS08              0.738      0.025     29.133      0.000
    MJS09              0.084      0.040      2.091      0.037
    MJS10              0.170      0.040      4.237      0.000
    MJS11              0.078      0.043      1.816      0.069
    MJS12             -0.014      0.037     -0.372      0.710
    MJS13             -0.065      0.039     -1.669      0.095
    MJS14              0.015      0.033      0.440      0.660
    MJS15             -0.067      0.039     -1.719      0.086
    MJS16             -0.003      0.036     -0.074      0.941
    MJS17              0.305      0.069      4.416      0.000
    MJS18              0.230      0.061      3.782      0.000
    MJS19              0.281      0.051      5.460      0.000
    MJS20              0.208      0.054      3.866      0.000
    MJS21              0.101      0.057      1.776      0.076
    MJS22              0.072      0.058      1.252      0.211
    MJS23              0.111      0.052      2.128      0.033
    MJS24              0.286      0.083      3.468      0.001

 F1       BY
    MJS01              0.052      0.037      1.413      0.158
    MJS02              0.331      0.051      6.553      0.000
    MJS03             -0.053      0.042     -1.256      0.209
    MJS04             -0.065      0.038     -1.699      0.089
    MJS05              0.118      0.056      2.092      0.036
    MJS06              0.355      0.045      7.824      0.000
    MJS07              0.029      0.036      0.803      0.422
    MJS08             -0.221      0.046     -4.853      0.000
    MJS09              0.724      0.031     23.012      0.000
    MJS10              0.645      0.039     16.416      0.000
    MJS11              0.493      0.052      9.536      0.000
    MJS12              0.754      0.027     27.841      0.000
    MJS13              0.830      0.023     35.381      0.000
    MJS14              0.745      0.027     27.318      0.000
    MJS15              0.614      0.052     11.917      0.000
    MJS16              0.499      0.059      8.423      0.000
    MJS17              0.088      0.069      1.277      0.202
    MJS18              0.217      0.062      3.499      0.000
    MJS19              0.049      0.046      1.064      0.287
    MJS20              0.360      0.053      6.830      0.000
    MJS21              0.123      0.056      2.206      0.027
    MJS22              0.231      0.056      4.083      0.000
    MJS23              0.119      0.056      2.135      0.033
    MJS24              0.267      0.085      3.140      0.002

 F2       BY
    MJS01              0.491      0.045     11.011      0.000
    MJS02             -0.045      0.041     -1.105      0.269
    MJS03              0.042      0.036      1.160      0.246
    MJS04              0.559      0.041     13.468      0.000
    MJS05             -0.184      0.047     -3.951      0.000
    MJS06             -0.009      0.038     -0.240      0.810
    MJS07              0.538      0.049     11.049      0.000
    MJS08              0.045      0.029      1.544      0.123
    MJS09              0.212      0.068      3.108      0.002
    MJS10              0.294      0.067      4.371      0.000
    MJS11              0.520      0.055      9.385      0.000
    MJS12             -0.079      0.067     -1.188      0.235
    MJS13             -0.013      0.061     -0.211      0.833
    MJS14              0.112      0.066      1.708      0.088
    MJS15              0.483      0.057      8.439      0.000
    MJS16              0.614      0.054     11.396      0.000
    MJS17              0.288      0.072      3.997      0.000
    MJS18              0.217      0.069      3.161      0.002
    MJS19             -0.030      0.046     -0.651      0.515
    MJS20              0.086      0.067      1.294      0.196
    MJS21              0.015      0.041      0.365      0.715
    MJS22              0.062      0.049      1.255      0.209
    MJS23              0.123      0.056      2.188      0.029
    MJS24              0.422      0.088      4.778      0.000

 F3       BY
    MJS01              0.068      0.035      1.951      0.051
    MJS02             -0.032      0.042     -0.765      0.444
    MJS03              0.271      0.045      6.040      0.000
    MJS04              0.006      0.027      0.211      0.833
    MJS05              0.049      0.046      1.070      0.285
    MJS06              0.058      0.040      1.448      0.148
    MJS07              0.001      0.032      0.039      0.969
    MJS08              0.202      0.046      4.363      0.000
    MJS09              0.038      0.037      1.023      0.306
    MJS10              0.042      0.033      1.285      0.199
    MJS11              0.023      0.036      0.638      0.524
    MJS12              0.053      0.045      1.166      0.244
    MJS13              0.031      0.038      0.797      0.425
    MJS14             -0.039      0.038     -1.021      0.307
    MJS15              0.078      0.040      1.973      0.049
    MJS16              0.095      0.044      2.156      0.031
    MJS17              0.390      0.063      6.166      0.000
    MJS18              0.465      0.053      8.841      0.000
    MJS19              0.493      0.043     11.414      0.000
    MJS20              0.406      0.050      8.194      0.000
    MJS21              0.731      0.039     18.604      0.000
    MJS22              0.739      0.037     20.082      0.000
    MJS23              0.428      0.045      9.546      0.000
    MJS24              0.525      0.059      8.881      0.000

 F1       WITH
    G                  0.000      0.000    999.000    999.000

 F2       WITH
    G                  0.000      0.000    999.000    999.000
    F1                 0.000      0.000    999.000    999.000

 F3       WITH
    G                  0.000      0.000    999.000    999.000
    F1                 0.000      0.000    999.000    999.000
    F2                 0.000      0.000    999.000    999.000

 Thresholds
    MJS01$1            0.232      0.063      3.679      0.000
    MJS01$2            1.032      0.076     13.570      0.000
    MJS01$3            1.394      0.090     15.448      0.000
    MJS01$4            1.626      0.104     15.660      0.000
    MJS01$5            2.174      0.160     13.565      0.000
    MJS01$6            2.810      0.321      8.743      0.000
    MJS02$1           -0.858      0.071    -12.004      0.000
    MJS02$2            0.099      0.062      1.592      0.111
    MJS02$3            0.621      0.067      9.278      0.000
    MJS02$4            1.022      0.076     13.487      0.000
    MJS02$5            1.581      0.101     15.678      0.000
    MJS02$6            2.245      0.171     13.095      0.000
    MJS03$1           -1.519      0.097    -15.657      0.000
    MJS03$2           -0.714      0.068    -10.425      0.000
    MJS03$3           -0.137      0.063     -2.188      0.029
    MJS03$4            0.388      0.064      6.054      0.000
    MJS03$5            1.064      0.077     13.814      0.000
    MJS03$6            1.727      0.111     15.525      0.000
    MJS04$1            0.388      0.064      6.054      0.000
    MJS04$2            1.132      0.079     14.281      0.000
    MJS04$3            1.410      0.091     15.489      0.000
    MJS04$4            1.674      0.107     15.612      0.000
    MJS04$5            1.964      0.133     14.728      0.000
    MJS04$6            2.579      0.244     10.586      0.000
    MJS05$1           -1.246      0.084    -14.909      0.000
    MJS05$2           -0.395      0.064     -6.152      0.000
    MJS05$3            0.031      0.062      0.498      0.619
    MJS05$4            0.470      0.065      7.234      0.000
    MJS05$5            1.109      0.079     14.128      0.000
    MJS05$6            1.727      0.111     15.525      0.000
    MJS06$1           -0.555      0.066     -8.406      0.000
    MJS06$2            0.289      0.063      4.571      0.000
    MJS06$3            0.771      0.070     11.083      0.000
    MJS06$4            1.246      0.084     14.909      0.000
    MJS06$5            1.581      0.101     15.678      0.000
    MJS06$6            2.330      0.186     12.498      0.000
    MJS07$1            0.526      0.066      8.017      0.000
    MJS07$2            1.219      0.082     14.778      0.000
    MJS07$3            1.581      0.101     15.678      0.000
    MJS07$4            1.755      0.114     15.464      0.000
    MJS07$5            1.923      0.129     14.909      0.000
    MJS07$6            2.810      0.321      8.743      0.000
    MJS08$1           -0.722      0.069    -10.519      0.000
    MJS08$2            0.118      0.063      1.890      0.059
    MJS08$3            0.442      0.065      6.841      0.000
    MJS08$4            0.796      0.070     11.362      0.000
    MJS08$5            1.302      0.086     15.150      0.000
    MJS08$6            1.885      0.125     15.062      0.000
    MJS09$1           -1.885      0.125    -15.062      0.000
    MJS09$2           -1.022      0.076    -13.487      0.000
    MJS09$3           -0.569      0.066     -8.601      0.000
    MJS09$4            0.276      0.063      4.373      0.000
    MJS09$5            1.273      0.085     15.033      0.000
    MJS09$6            2.058      0.144     14.254      0.000
    MJS10$1           -1.885      0.125    -15.062      0.000
    MJS10$2           -0.971      0.074    -13.065      0.000
    MJS10$3           -0.408      0.064     -6.350      0.000
    MJS10$4            0.342      0.064      5.363      0.000
    MJS10$5            1.121      0.079     14.205      0.000
    MJS10$6            2.112      0.151     13.943      0.000
    MJS11$1           -0.922      0.073    -12.630      0.000
    MJS11$2           -0.162      0.063     -2.586      0.010
    MJS11$3            0.512      0.065      7.822      0.000
    MJS11$4            1.331      0.087     15.259      0.000
    MJS11$5            2.009      0.138     14.512      0.000
    MJS11$6            2.810      0.321      8.743      0.000
    MJS12$1           -2.436      0.208    -11.708      0.000
    MJS12$2           -1.674      0.107    -15.612      0.000
    MJS12$3           -1.121      0.079    -14.205      0.000
    MJS12$4           -0.519      0.066     -7.919      0.000
    MJS12$5            0.361      0.064      5.659      0.000
    MJS12$6            1.246      0.084     14.909      0.000
    MJS13$1           -2.058      0.144    -14.254      0.000
    MJS13$2           -1.519      0.097    -15.657      0.000
    MJS13$3           -1.169      0.081    -14.501      0.000
    MJS13$4           -0.674      0.068     -9.949      0.000
    MJS13$5            0.031      0.062      0.498      0.619
    MJS13$6            0.932      0.073     12.718      0.000
    MJS14$1           -1.626      0.104    -15.660      0.000
    MJS14$2           -1.246      0.084    -14.909      0.000
    MJS14$3           -0.771      0.070    -11.083      0.000
    MJS14$4           -0.219      0.063     -3.480      0.001
    MJS14$5            0.219      0.063      3.480      0.001
    MJS14$6            0.780      0.070     11.176      0.000
    MJS15$1           -1.219      0.082    -14.778      0.000
    MJS15$2           -0.562      0.066     -8.504      0.000
    MJS15$3           -0.062      0.062     -0.995      0.320
    MJS15$4            0.714      0.068     10.425      0.000
    MJS15$5            1.394      0.090     15.448      0.000
    MJS15$6            2.174      0.160     13.565      0.000
    MJS16$1           -0.730      0.069    -10.614      0.000
    MJS16$2           -0.006      0.062     -0.100      0.921
    MJS16$3            0.408      0.064      6.350      0.000
    MJS16$4            1.394      0.090     15.448      0.000
    MJS16$5            2.009      0.138     14.512      0.000
    MJS16$6            2.579      0.244     10.586      0.000
    MJS17$1            0.885      0.072     12.274      0.000
    MJS17$2            1.560      0.099     15.676      0.000
    MJS17$3            1.850      0.122     15.191      0.000
    MJS17$4            2.009      0.138     14.512      0.000
    MJS17$5            2.579      0.244     10.586      0.000
    MJS18$1            0.533      0.066      8.114      0.000
    MJS18$2            1.219      0.082     14.778      0.000
    MJS18$3            1.603      0.102     15.673      0.000
    MJS18$4            2.009      0.138     14.512      0.000
    MJS18$5            2.245      0.171     13.095      0.000
    MJS18$6            2.579      0.244     10.586      0.000
    MJS19$1           -0.971      0.074    -13.065      0.000
    MJS19$2           -0.143      0.063     -2.288      0.022
    MJS19$3            0.342      0.064      5.363      0.000
    MJS19$4            0.706      0.068     10.330      0.000
    MJS19$5            1.700      0.109     15.574      0.000
    MJS19$6            2.579      0.244     10.586      0.000
    MJS20$1           -0.056      0.062     -0.895      0.371
    MJS20$2            0.849      0.071     11.913      0.000
    MJS20$3            1.287      0.085     15.092      0.000
    MJS20$4            1.650      0.105     15.640      0.000
    MJS20$5            2.058      0.144     14.254      0.000
    MJS21$1           -0.251      0.063     -3.976      0.000
    MJS21$2            0.491      0.065      7.528      0.000
    MJS21$3            0.867      0.072     12.094      0.000
    MJS21$4            1.410      0.091     15.489      0.000
    MJS21$5            2.112      0.151     13.943      0.000
    MJS21$6            2.579      0.244     10.586      0.000
    MJS22$1           -0.951      0.074    -12.892      0.000
    MJS22$2           -0.264      0.063     -4.174      0.000
    MJS22$3            0.225      0.063      3.579      0.000
    MJS22$4            0.771      0.070     11.083      0.000
    MJS22$5            1.481      0.095     15.617      0.000
    MJS22$6            2.330      0.186     12.498      0.000
    MJS23$1           -0.584      0.066     -8.795      0.000
    MJS23$2            0.449      0.065      6.940      0.000
    MJS23$3            0.991      0.075     13.236      0.000
    MJS23$4            1.885      0.125     15.062      0.000
    MJS23$5            2.245      0.171     13.095      0.000
    MJS24$1            1.156      0.080     14.429      0.000
    MJS24$2            1.816      0.119     15.299      0.000
    MJS24$3            2.058      0.144     14.254      0.000
    MJS24$4            2.579      0.244     10.586      0.000

 Variances
    G                  1.000      0.000    999.000    999.000
    F1                 1.000      0.000    999.000    999.000
    F2                 1.000      0.000    999.000    999.000
    F3                 1.000      0.000    999.000    999.000


QUALITY OF NUMERICAL RESULTS

     Condition Number for the Information Matrix              0.187E-02
       (ratio of smallest to largest eigenvalue)


STANDARDIZED MODEL RESULTS


STDYX Standardization

                                                    Two-Tailed
                    Estimate       S.E.  Est./S.E.    P-Value

 G        BY
    MJS01              0.733      0.035     20.921      0.000
    MJS02              0.688      0.029     24.038      0.000
    MJS03              0.731      0.025     28.751      0.000
    MJS04              0.751      0.034     21.955      0.000
    MJS05              0.732      0.025     29.340      0.000
    MJS06              0.719      0.028     26.021      0.000
    MJS07              0.749      0.037     20.286      0.000
    MJS08              0.738      0.025     29.133      0.000
    MJS09              0.084      0.040      2.091      0.037
    MJS10              0.170      0.040      4.237      0.000
    MJS11              0.078      0.043      1.816      0.069
    MJS12             -0.014      0.037     -0.372      0.710
    MJS13             -0.065      0.039     -1.669      0.095
    MJS14              0.015      0.033      0.440      0.660
    MJS15             -0.067      0.039     -1.719      0.086
    MJS16             -0.003      0.036     -0.074      0.941
    MJS17              0.305      0.069      4.416      0.000
    MJS18              0.230      0.061      3.782      0.000
    MJS19              0.281      0.051      5.460      0.000
    MJS20              0.208      0.054      3.866      0.000
    MJS21              0.101      0.057      1.776      0.076
    MJS22              0.072      0.058      1.252      0.211
    MJS23              0.111      0.052      2.128      0.033
    MJS24              0.286      0.083      3.468      0.001

 F1       BY
    MJS01              0.052      0.037      1.413      0.158
    MJS02              0.331      0.051      6.553      0.000
    MJS03             -0.053      0.042     -1.256      0.209
    MJS04             -0.065      0.038     -1.699      0.089
    MJS05              0.118      0.056      2.092      0.036
    MJS06              0.355      0.045      7.824      0.000
    MJS07              0.029      0.036      0.803      0.422
    MJS08             -0.221      0.046     -4.853      0.000
    MJS09              0.724      0.031     23.012      0.000
    MJS10              0.645      0.039     16.416      0.000
    MJS11              0.493      0.052      9.536      0.000
    MJS12              0.754      0.027     27.841      0.000
    MJS13              0.830      0.023     35.381      0.000
    MJS14              0.745      0.027     27.318      0.000
    MJS15              0.614      0.052     11.917      0.000
    MJS16              0.499      0.059      8.423      0.000
    MJS17              0.088      0.069      1.277      0.202
    MJS18              0.217      0.062      3.499      0.000
    MJS19              0.049      0.046      1.064      0.287
    MJS20              0.360      0.053      6.830      0.000
    MJS21              0.123      0.056      2.206      0.027
    MJS22              0.231      0.056      4.083      0.000
    MJS23              0.119      0.056      2.135      0.033
    MJS24              0.267      0.085      3.140      0.002

 F2       BY
    MJS01              0.491      0.045     11.011      0.000
    MJS02             -0.045      0.041     -1.105      0.269
    MJS03              0.042      0.036      1.160      0.246
    MJS04              0.559      0.041     13.468      0.000
    MJS05             -0.184      0.047     -3.951      0.000
    MJS06             -0.009      0.038     -0.240      0.810
    MJS07              0.538      0.049     11.049      0.000
    MJS08              0.045      0.029      1.544      0.123
    MJS09              0.212      0.068      3.108      0.002
    MJS10              0.294      0.067      4.371      0.000
    MJS11              0.520      0.055      9.385      0.000
    MJS12             -0.079      0.067     -1.188      0.235
    MJS13             -0.013      0.061     -0.211      0.833
    MJS14              0.112      0.066      1.708      0.088
    MJS15              0.483      0.057      8.439      0.000
    MJS16              0.614      0.054     11.396      0.000
    MJS17              0.288      0.072      3.997      0.000
    MJS18              0.217      0.069      3.161      0.002
    MJS19             -0.030      0.046     -0.651      0.515
    MJS20              0.086      0.067      1.294      0.196
    MJS21              0.015      0.041      0.365      0.715
    MJS22              0.062      0.049      1.255      0.209
    MJS23              0.123      0.056      2.188      0.029
    MJS24              0.422      0.088      4.778      0.000

 F3       BY
    MJS01              0.068      0.035      1.951      0.051
    MJS02             -0.032      0.042     -0.765      0.444
    MJS03              0.271      0.045      6.040      0.000
    MJS04              0.006      0.027      0.211      0.833
    MJS05              0.049      0.046      1.070      0.285
    MJS06              0.058      0.040      1.448      0.148
    MJS07              0.001      0.032      0.039      0.969
    MJS08              0.202      0.046      4.363      0.000
    MJS09              0.038      0.037      1.023      0.306
    MJS10              0.042      0.033      1.285      0.199
    MJS11              0.023      0.036      0.638      0.524
    MJS12              0.053      0.045      1.166      0.244
    MJS13              0.031      0.038      0.797      0.425
    MJS14             -0.039      0.038     -1.021      0.307
    MJS15              0.078      0.040      1.973      0.049
    MJS16              0.095      0.044      2.156      0.031
    MJS17              0.390      0.063      6.166      0.000
    MJS18              0.465      0.053      8.841      0.000
    MJS19              0.493      0.043     11.414      0.000
    MJS20              0.406      0.050      8.194      0.000
    MJS21              0.731      0.039     18.604      0.000
    MJS22              0.739      0.037     20.082      0.000
    MJS23              0.428      0.045      9.546      0.000
    MJS24              0.525      0.059      8.881      0.000

 F1       WITH
    G                  0.000      0.000    999.000    999.000

 F2       WITH
    G                  0.000      0.000    999.000    999.000
    F1                 0.000      0.000    999.000    999.000

 F3       WITH
    G                  0.000      0.000    999.000    999.000
    F1                 0.000      0.000    999.000    999.000
    F2                 0.000      0.000    999.000    999.000

 Thresholds
    MJS01$1            0.232      0.063      3.679      0.000
    MJS01$2            1.032      0.076     13.570      0.000
    MJS01$3            1.394      0.090     15.448      0.000
    MJS01$4            1.626      0.104     15.660      0.000
    MJS01$5            2.174      0.160     13.565      0.000
    MJS01$6            2.810      0.321      8.743      0.000
    MJS02$1           -0.858      0.071    -12.004      0.000
    MJS02$2            0.099      0.062      1.592      0.111
    MJS02$3            0.621      0.067      9.278      0.000
    MJS02$4            1.022      0.076     13.487      0.000
    MJS02$5            1.581      0.101     15.678      0.000
    MJS02$6            2.245      0.171     13.095      0.000
    MJS03$1           -1.519      0.097    -15.657      0.000
    MJS03$2           -0.714      0.068    -10.425      0.000
    MJS03$3           -0.137      0.063     -2.188      0.029
    MJS03$4            0.388      0.064      6.054      0.000
    MJS03$5            1.064      0.077     13.814      0.000
    MJS03$6            1.727      0.111     15.525      0.000
    MJS04$1            0.388      0.064      6.054      0.000
    MJS04$2            1.132      0.079     14.281      0.000
    MJS04$3            1.410      0.091     15.489      0.000
    MJS04$4            1.674      0.107     15.612      0.000
    MJS04$5            1.964      0.133     14.728      0.000
    MJS04$6            2.579      0.244     10.586      0.000
    MJS05$1           -1.246      0.084    -14.909      0.000
    MJS05$2           -0.395      0.064     -6.152      0.000
    MJS05$3            0.031      0.062      0.498      0.619
    MJS05$4            0.470      0.065      7.234      0.000
    MJS05$5            1.109      0.079     14.128      0.000
    MJS05$6            1.727      0.111     15.525      0.000
    MJS06$1           -0.555      0.066     -8.406      0.000
    MJS06$2            0.289      0.063      4.571      0.000
    MJS06$3            0.771      0.070     11.083      0.000
    MJS06$4            1.246      0.084     14.909      0.000
    MJS06$5            1.581      0.101     15.678      0.000
    MJS06$6            2.330      0.186     12.498      0.000
    MJS07$1            0.526      0.066      8.017      0.000
    MJS07$2            1.219      0.082     14.778      0.000
    MJS07$3            1.581      0.101     15.678      0.000
    MJS07$4            1.755      0.114     15.464      0.000
    MJS07$5            1.923      0.129     14.909      0.000
    MJS07$6            2.810      0.321      8.743      0.000
    MJS08$1           -0.722      0.069    -10.519      0.000
    MJS08$2            0.118      0.063      1.890      0.059
    MJS08$3            0.442      0.065      6.841      0.000
    MJS08$4            0.796      0.070     11.362      0.000
    MJS08$5            1.302      0.086     15.150      0.000
    MJS08$6            1.885      0.125     15.062      0.000
    MJS09$1           -1.885      0.125    -15.062      0.000
    MJS09$2           -1.022      0.076    -13.487      0.000
    MJS09$3           -0.569      0.066     -8.601      0.000
    MJS09$4            0.276      0.063      4.373      0.000
    MJS09$5            1.273      0.085     15.033      0.000
    MJS09$6            2.058      0.144     14.254      0.000
    MJS10$1           -1.885      0.125    -15.062      0.000
    MJS10$2           -0.971      0.074    -13.065      0.000
    MJS10$3           -0.408      0.064     -6.350      0.000
    MJS10$4            0.342      0.064      5.363      0.000
    MJS10$5            1.121      0.079     14.205      0.000
    MJS10$6            2.112      0.151     13.943      0.000
    MJS11$1           -0.922      0.073    -12.630      0.000
    MJS11$2           -0.162      0.063     -2.586      0.010
    MJS11$3            0.512      0.065      7.822      0.000
    MJS11$4            1.331      0.087     15.259      0.000
    MJS11$5            2.009      0.138     14.512      0.000
    MJS11$6            2.810      0.321      8.743      0.000
    MJS12$1           -2.436      0.208    -11.708      0.000
    MJS12$2           -1.674      0.107    -15.612      0.000
    MJS12$3           -1.121      0.079    -14.205      0.000
    MJS12$4           -0.519      0.066     -7.919      0.000
    MJS12$5            0.361      0.064      5.659      0.000
    MJS12$6            1.246      0.084     14.909      0.000
    MJS13$1           -2.058      0.144    -14.254      0.000
    MJS13$2           -1.519      0.097    -15.657      0.000
    MJS13$3           -1.169      0.081    -14.501      0.000
    MJS13$4           -0.674      0.068     -9.949      0.000
    MJS13$5            0.031      0.062      0.498      0.619
    MJS13$6            0.932      0.073     12.718      0.000
    MJS14$1           -1.626      0.104    -15.660      0.000
    MJS14$2           -1.246      0.084    -14.909      0.000
    MJS14$3           -0.771      0.070    -11.083      0.000
    MJS14$4           -0.219      0.063     -3.480      0.001
    MJS14$5            0.219      0.063      3.480      0.001
    MJS14$6            0.780      0.070     11.176      0.000
    MJS15$1           -1.219      0.082    -14.778      0.000
    MJS15$2           -0.562      0.066     -8.504      0.000
    MJS15$3           -0.062      0.062     -0.995      0.320
    MJS15$4            0.714      0.068     10.425      0.000
    MJS15$5            1.394      0.090     15.448      0.000
    MJS15$6            2.174      0.160     13.565      0.000
    MJS16$1           -0.730      0.069    -10.614      0.000
    MJS16$2           -0.006      0.062     -0.100      0.921
    MJS16$3            0.408      0.064      6.350      0.000
    MJS16$4            1.394      0.090     15.448      0.000
    MJS16$5            2.009      0.138     14.512      0.000
    MJS16$6            2.579      0.244     10.586      0.000
    MJS17$1            0.885      0.072     12.274      0.000
    MJS17$2            1.560      0.099     15.676      0.000
    MJS17$3            1.850      0.122     15.191      0.000
    MJS17$4            2.009      0.138     14.512      0.000
    MJS17$5            2.579      0.244     10.586      0.000
    MJS18$1            0.533      0.066      8.114      0.000
    MJS18$2            1.219      0.082     14.778      0.000
    MJS18$3            1.603      0.102     15.673      0.000
    MJS18$4            2.009      0.138     14.512      0.000
    MJS18$5            2.245      0.171     13.095      0.000
    MJS18$6            2.579      0.244     10.586      0.000
    MJS19$1           -0.971      0.074    -13.065      0.000
    MJS19$2           -0.143      0.063     -2.288      0.022
    MJS19$3            0.342      0.064      5.363      0.000
    MJS19$4            0.706      0.068     10.330      0.000
    MJS19$5            1.700      0.109     15.574      0.000
    MJS19$6            2.579      0.244     10.586      0.000
    MJS20$1           -0.056      0.062     -0.895      0.371
    MJS20$2            0.849      0.071     11.913      0.000
    MJS20$3            1.287      0.085     15.092      0.000
    MJS20$4            1.650      0.105     15.640      0.000
    MJS20$5            2.058      0.144     14.254      0.000
    MJS21$1           -0.251      0.063     -3.976      0.000
    MJS21$2            0.491      0.065      7.528      0.000
    MJS21$3            0.867      0.072     12.094      0.000
    MJS21$4            1.410      0.091     15.489      0.000
    MJS21$5            2.112      0.151     13.943      0.000
    MJS21$6            2.579      0.244     10.586      0.000
    MJS22$1           -0.951      0.074    -12.892      0.000
    MJS22$2           -0.264      0.063     -4.174      0.000
    MJS22$3            0.225      0.063      3.579      0.000
    MJS22$4            0.771      0.070     11.083      0.000
    MJS22$5            1.481      0.095     15.617      0.000
    MJS22$6            2.330      0.186     12.498      0.000
    MJS23$1           -0.584      0.066     -8.795      0.000
    MJS23$2            0.449      0.065      6.940      0.000
    MJS23$3            0.991      0.075     13.236      0.000
    MJS23$4            1.885      0.125     15.062      0.000
    MJS23$5            2.245      0.171     13.095      0.000
    MJS24$1            1.156      0.080     14.429      0.000
    MJS24$2            1.816      0.119     15.299      0.000
    MJS24$3            2.058      0.144     14.254      0.000
    MJS24$4            2.579      0.244     10.586      0.000

 Variances
    G                  1.000      0.000    999.000    999.000
    F1                 1.000      0.000    999.000    999.000
    F2                 1.000      0.000    999.000    999.000
    F3                 1.000      0.000    999.000    999.000


R-SQUARE

    Observed                                        Two-Tailed   Residual
    Variable        Estimate       S.E.  Est./S.E.    P-Value    Variance

    MJS01              0.786      0.030     25.774      0.000      0.214
    MJS02              0.586      0.038     15.321      0.000      0.414
    MJS03              0.612      0.033     18.513      0.000      0.388
    MJS04              0.880      0.026     33.294      0.000      0.120
    MJS05              0.587      0.036     16.216      0.000      0.413
    MJS06              0.646      0.033     19.381      0.000      0.354
    MJS07              0.851      0.025     33.561      0.000      0.149
    MJS08              0.636      0.033     19.206      0.000      0.364
    MJS09              0.577      0.033     17.418      0.000      0.423
    MJS10              0.533      0.035     15.390      0.000      0.467
    MJS11              0.519      0.039     13.430      0.000      0.481
    MJS12              0.577      0.042     13.876      0.000      0.423
    MJS13              0.694      0.039     17.921      0.000      0.306
    MJS14              0.569      0.037     15.247      0.000      0.431
    MJS15              0.621      0.033     19.032      0.000      0.379
    MJS16              0.634      0.039     16.415      0.000      0.366
    MJS17              0.336      0.060      5.571      0.000      0.664
    MJS18              0.363      0.059      6.161      0.000      0.637
    MJS19              0.325      0.043      7.598      0.000      0.675
    MJS20              0.345      0.046      7.469      0.000      0.655
    MJS21              0.559      0.055     10.127      0.000      0.441
    MJS22              0.608      0.053     11.493      0.000      0.392
    MJS23              0.225      0.040      5.684      0.000      0.775
    MJS24              0.607      0.081      7.473      0.000      0.393


MODEL MODIFICATION INDICES

NOTE:  Modification indices for direct effects of observed dependent variables
regressed on covariates and residual covariances among observed dependent
variables may not be included.  To include these, request MODINDICES (ALL).

Minimum M.I. value for printing the modification index    10.000

                                   M.I.     E.P.C.  Std E.P.C.  StdYX E.P.C.

BY Statements

F2       BY MJS01                999.000     0.000      0.000        0.000
F2       BY MJS02                999.000     0.000      0.000        0.000


     Beginning Time:  18:12:54
        Ending Time:  18:12:55
       Elapsed Time:  00:00:01



MUTHEN & MUTHEN
3463 Stoner Ave.
Los Angeles, CA  90066

Tel: (310) 391-9971
Fax: (310) 391-8971
Web: www.StatModel.com
Support: Support@StatModel.com

Copyright (c) 1998-2022 Muthen & Muthen
