Mplus VERSION 8.8 (Mac)
MUTHEN & MUTHEN
04/07/2023   3:56 PM

INPUT INSTRUCTIONS

  TITLE:   CFA MJS German

  DATA:
      FILE IS "PPK_Jealousy.txt";



  VARIABLE:


    NAMES ARE Gender MJS01-MJS24;

    CATEGORICAL ARE ALL;

    USEVAR MJS01 MJS02 MJS03 MJS04
    MJS05 MJS06 MJS07 MJS08 MJS09
    MJS10 MJS11 MJS12 MJS13 MJS14
    MJS15 MJS16 MJS17 MJS18 MJS19
    MJS20 MJS21 MJS22 MJS23 MJS24;


  ANALYSIS:
    estimator is wlsmv;


  MODEL:
        Cognitive by MJS01 MJS02 MJS03 MJS04
    MJS05 MJS06 MJS07 MJS08;
        Emotional by MJS09
    MJS10 MJS11 MJS12 MJS13 MJS14
    MJS15 MJS16;
        Behavior by MJS17 MJS18 MJS19
    MJS20 MJS21 MJS22 MJS23 MJS24;


        OUTPUT: stdyx;





INPUT READING TERMINATED NORMALLY



CFA MJS German

SUMMARY OF ANALYSIS

Number of groups                                                 1
Number of observations                                         456

Number of dependent variables                                   24
Number of independent variables                                  0
Number of continuous latent variables                            3

Observed dependent variables

  Binary and ordered categorical (ordinal)
   MJS01       MJS02       MJS03       MJS04       MJS05       MJS06
   MJS07       MJS08       MJS09       MJS10       MJS11       MJS12
   MJS13       MJS14       MJS15       MJS16       MJS17       MJS18
   MJS19       MJS20       MJS21       MJS22       MJS23       MJS24

Continuous latent variables
   COGNITIV    EMOTIONA    BEHAVIOR


Estimator                                                    WLSMV
Maximum number of iterations                                  1000
Convergence criterion                                    0.500D-04
Maximum number of steepest descent iterations                   20
Parameterization                                             DELTA
Link                                                        PROBIT

Input data file(s)
  PPK_Jealousy.txt

Input data format  FREE


UNIVARIATE PROPORTIONS AND COUNTS FOR CATEGORICAL VARIABLES

    MJS01
      Category 1    0.768          350.000
      Category 2    0.173           79.000
      Category 3    0.029           13.000
      Category 4    0.018            8.000
      Category 5    0.013            6.000
    MJS02
      Category 1    0.276          126.000
      Category 2    0.202           92.000
      Category 3    0.193           88.000
      Category 4    0.138           63.000
      Category 5    0.123           56.000
      Category 6    0.042           19.000
      Category 7    0.026           12.000
    MJS03
      Category 1    0.191           87.000
      Category 2    0.246          112.000
      Category 3    0.189           86.000
      Category 4    0.151           69.000
      Category 5    0.147           67.000
      Category 6    0.066           30.000
      Category 7    0.011            5.000
    MJS04
      Category 1    0.818          373.000
      Category 2    0.125           57.000
      Category 3    0.024           11.000
      Category 4    0.015            7.000
      Category 5    0.013            6.000
      Category 6    0.002            1.000
      Category 7    0.002            1.000
    MJS05
      Category 1    0.202           92.000
      Category 2    0.197           90.000
      Category 3    0.156           71.000
      Category 4    0.156           71.000
      Category 5    0.167           76.000
      Category 6    0.083           38.000
      Category 7    0.039           18.000
    MJS06
      Category 1    0.366          167.000
      Category 2    0.283          129.000
      Category 3    0.136           62.000
      Category 4    0.077           35.000
      Category 5    0.096           44.000
      Category 6    0.031           14.000
      Category 7    0.011            5.000
    MJS07
      Category 1    0.842          384.000
      Category 2    0.121           55.000
      Category 3    0.015            7.000
      Category 4    0.009            4.000
      Category 5    0.002            1.000
      Category 6    0.004            2.000
      Category 7    0.007            3.000
    MJS08
      Category 1    0.421          192.000
      Category 2    0.276          126.000
      Category 3    0.134           61.000
      Category 4    0.086           39.000
      Category 5    0.042           19.000
      Category 6    0.024           11.000
      Category 7    0.018            8.000
    MJS09
      Category 1    0.024           11.000
      Category 2    0.081           37.000
      Category 3    0.145           66.000
      Category 4    0.327          149.000
      Category 5    0.241          110.000
      Category 6    0.136           62.000
      Category 7    0.046           21.000
    MJS10
      Category 1    0.033           15.000
      Category 2    0.053           24.000
      Category 3    0.123           56.000
      Category 4    0.305          139.000
      Category 5    0.254          116.000
      Category 6    0.169           77.000
      Category 7    0.064           29.000
    MJS11
      Category 1    0.105           48.000
      Category 2    0.145           66.000
      Category 3    0.221          101.000
      Category 4    0.364          166.000
      Category 5    0.127           58.000
      Category 6    0.024           11.000
      Category 7    0.013            6.000
    MJS12
      Category 1    0.007            3.000
      Category 2    0.020            9.000
      Category 3    0.044           20.000
      Category 4    0.103           47.000
      Category 5    0.281          128.000
      Category 6    0.303          138.000
      Category 7    0.243          111.000
    MJS13
      Category 1    0.013            6.000
      Category 2    0.020            9.000
      Category 3    0.044           20.000
      Category 4    0.114           52.000
      Category 5    0.197           90.000
      Category 6    0.300          137.000
      Category 7    0.311          142.000
    MJS14
      Category 1    0.022           10.000
      Category 2    0.042           19.000
      Category 3    0.046           21.000
      Category 4    0.158           72.000
      Category 5    0.164           75.000
      Category 6    0.180           82.000
      Category 7    0.388          177.000
    MJS15
      Category 1    0.066           30.000
      Category 2    0.081           37.000
      Category 3    0.116           53.000
      Category 4    0.281          128.000
      Category 5    0.226          103.000
      Category 6    0.164           75.000
      Category 7    0.066           30.000
    MJS16
      Category 1    0.114           52.000
      Category 2    0.184           84.000
      Category 3    0.180           82.000
      Category 4    0.333          152.000
      Category 5    0.132           60.000
      Category 6    0.044           20.000
      Category 7    0.013            6.000
    MJS17
      Category 1    0.816          372.000
      Category 2    0.143           65.000
      Category 3    0.018            8.000
      Category 4    0.004            2.000
      Category 5    0.013            6.000
      Category 6    0.002            1.000
      Category 7    0.004            2.000
    MJS18
      Category 1    0.798          364.000
      Category 2    0.136           62.000
      Category 3    0.029           13.000
      Category 4    0.020            9.000
      Category 5    0.013            6.000
      Category 6    0.002            1.000
      Category 7    0.002            1.000
    MJS19
      Category 1    0.338          154.000
      Category 2    0.268          122.000
      Category 3    0.156           71.000
      Category 4    0.096           44.000
      Category 5    0.107           49.000
      Category 6    0.026           12.000
      Category 7    0.009            4.000
    MJS20
      Category 1    0.518          236.000
      Category 2    0.195           89.000
      Category 3    0.088           40.000
      Category 4    0.088           40.000
      Category 5    0.090           41.000
      Category 6    0.013            6.000
      Category 7    0.009            4.000
    MJS21
      Category 1    0.447          204.000
      Category 2    0.250          114.000
      Category 3    0.110           50.000
      Category 4    0.086           39.000
      Category 5    0.066           30.000
      Category 6    0.029           13.000
      Category 7    0.013            6.000
    MJS22
      Category 1    0.202           92.000
      Category 2    0.193           88.000
      Category 3    0.154           70.000
      Category 4    0.193           88.000
      Category 5    0.158           72.000
      Category 6    0.081           37.000
      Category 7    0.020            9.000
    MJS23
      Category 1    0.232          106.000
      Category 2    0.353          161.000
      Category 3    0.200           91.000
      Category 4    0.160           73.000
      Category 5    0.042           19.000
      Category 6    0.013            6.000
    MJS24
      Category 1    0.884          403.000
      Category 2    0.086           39.000
      Category 3    0.018            8.000
      Category 4    0.007            3.000
      Category 5    0.007            3.000



THE MODEL ESTIMATION TERMINATED NORMALLY



MODEL FIT INFORMATION

Number of Free Parameters                      166

Chi-Square Test of Model Fit

          Value                            944.636*
          Degrees of Freedom                   249
          P-Value                           0.0000

*   The chi-square value for MLM, MLMV, MLR, ULSMV, WLSM and WLSMV cannot be used
    for chi-square difference testing in the regular way.  MLM, MLR and WLSM
    chi-square difference testing is described on the Mplus website.  MLMV, WLSMV,
    and ULSMV difference testing is done using the DIFFTEST option.

RMSEA (Root Mean Square Error Of Approximation)

          Estimate                           0.078
          90 Percent C.I.                    0.073  0.084
          Probability RMSEA <= .05           0.000

CFI/TLI

          CFI                                0.921
          TLI                                0.913

Chi-Square Test of Model Fit for the Baseline Model

          Value                           9125.428
          Degrees of Freedom                   276
          P-Value                           0.0000

SRMR (Standardized Root Mean Square Residual)

          Value                              0.072

Optimum Function Value for Weighted Least-Squares Estimator

          Value                     0.11789731D+01



MODEL RESULTS

                                                    Two-Tailed
                    Estimate       S.E.  Est./S.E.    P-Value

 COGNITIV BY
    MJS01              1.000      0.000    999.000    999.000
    MJS02              0.989      0.035     28.602      0.000
    MJS03              0.826      0.036     22.783      0.000
    MJS04              1.045      0.039     26.590      0.000
    MJS05              0.958      0.036     26.837      0.000
    MJS06              1.029      0.032     31.750      0.000
    MJS07              1.041      0.045     23.314      0.000
    MJS08              0.796      0.036     22.252      0.000

 EMOTIONA BY
    MJS09              1.000      0.000    999.000    999.000
    MJS10              1.025      0.034     29.864      0.000
    MJS11              0.935      0.037     25.338      0.000
    MJS12              0.840      0.043     19.546      0.000
    MJS13              1.006      0.036     27.870      0.000
    MJS14              1.012      0.035     28.689      0.000
    MJS15              0.957      0.033     28.694      0.000
    MJS16              0.869      0.037     23.726      0.000

 BEHAVIOR BY
    MJS17              1.000      0.000    999.000    999.000
    MJS18              1.005      0.097     10.415      0.000
    MJS19              0.819      0.087      9.389      0.000
    MJS20              1.068      0.099     10.756      0.000
    MJS21              0.986      0.086     11.440      0.000
    MJS22              1.021      0.092     11.147      0.000
    MJS23              0.721      0.091      7.938      0.000
    MJS24              1.104      0.130      8.508      0.000

 EMOTIONA WITH
    COGNITIVE          0.110      0.028      3.994      0.000

 BEHAVIOR WITH
    COGNITIVE          0.289      0.033      8.682      0.000
    EMOTIONAL          0.179      0.028      6.487      0.000

 Thresholds
    MJS01$1            0.731      0.065     11.285      0.000
    MJS01$2            1.561      0.094     16.655      0.000
    MJS01$3            1.871      0.116     16.060      0.000
    MJS01$4            2.222      0.158     14.082      0.000
    MJS02$1           -0.594      0.063     -9.484      0.000
    MJS02$2           -0.055      0.059     -0.937      0.349
    MJS02$3            0.443      0.061      7.279      0.000
    MJS02$4            0.875      0.068     12.937      0.000
    MJS02$5            1.491      0.090     16.605      0.000
    MJS02$6            1.938      0.123     15.772      0.000
    MJS03$1           -0.875      0.068    -12.937      0.000
    MJS03$2           -0.160      0.059     -2.715      0.007
    MJS03$3            0.319      0.060      5.330      0.000
    MJS03$4            0.760      0.065     11.639      0.000
    MJS03$5            1.427      0.087     16.495      0.000
    MJS03$6            2.292      0.169     13.571      0.000
    MJS04$1            0.908      0.068     13.274      0.000
    MJS04$2            1.580      0.095     16.656      0.000
    MJS04$3            1.840      0.114     16.174      0.000
    MJS04$4            2.107      0.142     14.845      0.000
    MJS04$5            2.621      0.241     10.895      0.000
    MJS04$6            2.849      0.318      8.964      0.000
    MJS05$1           -0.835      0.067    -12.510      0.000
    MJS05$2           -0.256      0.059     -4.304      0.000
    MJS05$3            0.138      0.059      2.341      0.019
    MJS05$4            0.555      0.062      8.936      0.000
    MJS05$5            1.161      0.076     15.359      0.000
    MJS05$6            1.757      0.107     16.425      0.000
    MJS06$1           -0.342      0.060     -5.702      0.000
    MJS06$2            0.383      0.060      6.353      0.000
    MJS06$3            0.789      0.066     11.990      0.000
    MJS06$4            1.089      0.073     14.860      0.000
    MJS06$5            1.732      0.105     16.484      0.000
    MJS06$6            2.292      0.169     13.571      0.000
    MJS07$1            1.003      0.071     14.170      0.000
    MJS07$2            1.783      0.109     16.355      0.000
    MJS07$3            2.015      0.131     15.382      0.000
    MJS07$4            2.222      0.158     14.082      0.000
    MJS07$5            2.292      0.169     13.571      0.000
    MJS07$6            2.479      0.205     12.082      0.000
    MJS08$1           -0.199      0.059     -3.370      0.001
    MJS08$2            0.517      0.062      8.386      0.000
    MJS08$3            0.959      0.070     13.769      0.000
    MJS08$4            1.383      0.084     16.382      0.000
    MJS08$5            1.732      0.105     16.484      0.000
    MJS08$6            2.107      0.142     14.845      0.000
    MJS09$1           -1.975      0.127    -15.592      0.000
    MJS09$2           -1.252      0.079    -15.871      0.000
    MJS09$3           -0.674      0.064    -10.570      0.000
    MJS09$4            0.194      0.059      3.276      0.001
    MJS09$5            0.908      0.068     13.274      0.000
    MJS09$6            1.684      0.102     16.571      0.000
    MJS10$1           -1.840      0.114    -16.174      0.000
    MJS10$2           -1.369      0.084    -16.340      0.000
    MJS10$3           -0.812      0.066    -12.251      0.000
    MJS10$4            0.033      0.059      0.562      0.574
    MJS10$5            0.731      0.065     11.285      0.000
    MJS10$6            1.525      0.092     16.638      0.000
    MJS11$1           -1.252      0.079    -15.871      0.000
    MJS11$2           -0.674      0.064    -10.570      0.000
    MJS11$3           -0.072      0.059     -1.217      0.223
    MJS11$4            0.976      0.070     13.931      0.000
    MJS11$5            1.783      0.109     16.355      0.000
    MJS11$6            2.222      0.158     14.082      0.000
    MJS12$1           -2.479      0.205    -12.082      0.000
    MJS12$2           -1.938      0.123    -15.772      0.000
    MJS12$3           -1.474      0.089    -16.582      0.000
    MJS12$4           -0.941      0.069    -13.605      0.000
    MJS12$5           -0.116      0.059     -1.966      0.049
    MJS12$6            0.695      0.064     10.839      0.000
    MJS13$1           -2.222      0.158    -14.082      0.000
    MJS13$2           -1.840      0.114    -16.174      0.000
    MJS13$3           -1.427      0.087    -16.495      0.000
    MJS13$4           -0.875      0.068    -12.937      0.000
    MJS13$5           -0.284      0.060     -4.770      0.000
    MJS13$6            0.492      0.061      8.018      0.000
    MJS14$1           -2.015      0.131    -15.382      0.000
    MJS14$2           -1.525      0.092    -16.638      0.000
    MJS14$3           -1.228      0.078    -15.750      0.000
    MJS14$4           -0.620      0.063     -9.848      0.000
    MJS14$5           -0.171      0.059     -2.902      0.004
    MJS14$6            0.284      0.060      4.770      0.000
    MJS15$1           -1.508      0.091    -16.623      0.000
    MJS15$2           -1.050      0.072    -14.559      0.000
    MJS15$3           -0.634      0.063    -10.029      0.000
    MJS15$4            0.110      0.059      1.873      0.061
    MJS15$5            0.738      0.065     11.373      0.000
    MJS15$6            1.508      0.091     16.623      0.000
    MJS16$1           -1.205      0.077    -15.624      0.000
    MJS16$2           -0.529      0.062     -8.570      0.000
    MJS16$3           -0.055      0.059     -0.937      0.349
    MJS16$4            0.883      0.068     13.022      0.000
    MJS16$5            1.580      0.095     16.656      0.000
    MJS16$6            2.222      0.158     14.082      0.000
    MJS17$1            0.899      0.068     13.190      0.000
    MJS17$2            1.732      0.105     16.484      0.000
    MJS17$3            1.975      0.127     15.592      0.000
    MJS17$4            2.059      0.136     15.136      0.000
    MJS17$5            2.479      0.205     12.082      0.000
    MJS17$6            2.621      0.241     10.895      0.000
    MJS18$1            0.835      0.067     12.510      0.000
    MJS18$2            1.508      0.091     16.623      0.000
    MJS18$3            1.783      0.109     16.355      0.000
    MJS18$4            2.107      0.142     14.845      0.000
    MJS18$5            2.621      0.241     10.895      0.000
    MJS18$6            2.849      0.318      8.964      0.000
    MJS19$1           -0.419      0.061     -6.909      0.000
    MJS19$2            0.267      0.059      4.490      0.000
    MJS19$3            0.709      0.064     11.018      0.000
    MJS19$4            1.069      0.073     14.711      0.000
    MJS19$5            1.811      0.111     16.272      0.000
    MJS19$6            2.375      0.184     12.927      0.000
    MJS20$1            0.044      0.059      0.749      0.454
    MJS20$2            0.561      0.062      9.028      0.000
    MJS20$3            0.843      0.067     12.596      0.000
    MJS20$4            1.217      0.078     15.688      0.000
    MJS20$5            2.015      0.131     15.382      0.000
    MJS20$6            2.375      0.184     12.927      0.000
    MJS21$1           -0.132      0.059     -2.247      0.025
    MJS21$2            0.517      0.062      8.386      0.000
    MJS21$3            0.867      0.067     12.852      0.000
    MJS21$4            1.240      0.078     15.811      0.000
    MJS21$5            1.732      0.105     16.484      0.000
    MJS21$6            2.222      0.158     14.082      0.000
    MJS22$1           -0.835      0.067    -12.510      0.000
    MJS22$2           -0.267      0.059     -4.490      0.000
    MJS22$3            0.121      0.059      2.060      0.039
    MJS22$4            0.647      0.063     10.210      0.000
    MJS22$5            1.277      0.080     15.987      0.000
    MJS22$6            2.059      0.136     15.136      0.000
    MJS23$1           -0.731      0.065    -11.285      0.000
    MJS23$2            0.216      0.059      3.650      0.000
    MJS23$3            0.789      0.066     11.990      0.000
    MJS23$4            1.600      0.096     16.652      0.000
    MJS23$5            2.222      0.158     14.082      0.000
    MJS24$1            1.194      0.077     15.559      0.000
    MJS24$2            1.871      0.116     16.060      0.000
    MJS24$3            2.222      0.158     14.082      0.000
    MJS24$4            2.479      0.205     12.082      0.000

 Variances
    COGNITIVE          0.675      0.041     16.600      0.000
    EMOTIONAL          0.589      0.031     19.017      0.000
    BEHAVIOR           0.440      0.067      6.608      0.000


QUALITY OF NUMERICAL RESULTS

     Condition Number for the Information Matrix              0.754E-03
       (ratio of smallest to largest eigenvalue)


STANDARDIZED MODEL RESULTS


STDYX Standardization

                                                    Two-Tailed
                    Estimate       S.E.  Est./S.E.    P-Value

 COGNITIV BY
    MJS01              0.821      0.025     33.201      0.000
    MJS02              0.812      0.017     48.169      0.000
    MJS03              0.678      0.026     25.805      0.000
    MJS04              0.858      0.027     32.308      0.000
    MJS05              0.787      0.020     39.975      0.000
    MJS06              0.845      0.016     54.290      0.000
    MJS07              0.855      0.029     29.881      0.000
    MJS08              0.654      0.029     22.355      0.000

 EMOTIONA BY
    MJS09              0.768      0.020     38.034      0.000
    MJS10              0.787      0.020     38.742      0.000
    MJS11              0.718      0.025     28.630      0.000
    MJS12              0.645      0.030     21.573      0.000
    MJS13              0.772      0.023     33.087      0.000
    MJS14              0.777      0.025     31.559      0.000
    MJS15              0.735      0.022     33.329      0.000
    MJS16              0.667      0.025     26.270      0.000

 BEHAVIOR BY
    MJS17              0.663      0.050     13.216      0.000
    MJS18              0.667      0.051     13.058      0.000
    MJS19              0.544      0.040     13.641      0.000
    MJS20              0.708      0.037     19.103      0.000
    MJS21              0.654      0.034     19.083      0.000
    MJS22              0.677      0.033     20.229      0.000
    MJS23              0.478      0.046     10.378      0.000
    MJS24              0.733      0.068     10.739      0.000

 EMOTIONA WITH
    COGNITIVE          0.175      0.042      4.172      0.000

 BEHAVIOR WITH
    COGNITIVE          0.530      0.036     14.545      0.000
    EMOTIONAL          0.352      0.044      7.927      0.000

 Thresholds
    MJS01$1            0.731      0.065     11.285      0.000
    MJS01$2            1.561      0.094     16.655      0.000
    MJS01$3            1.871      0.116     16.060      0.000
    MJS01$4            2.222      0.158     14.082      0.000
    MJS02$1           -0.594      0.063     -9.484      0.000
    MJS02$2           -0.055      0.059     -0.937      0.349
    MJS02$3            0.443      0.061      7.279      0.000
    MJS02$4            0.875      0.068     12.937      0.000
    MJS02$5            1.491      0.090     16.605      0.000
    MJS02$6            1.938      0.123     15.772      0.000
    MJS03$1           -0.875      0.068    -12.937      0.000
    MJS03$2           -0.160      0.059     -2.715      0.007
    MJS03$3            0.319      0.060      5.330      0.000
    MJS03$4            0.760      0.065     11.639      0.000
    MJS03$5            1.427      0.087     16.495      0.000
    MJS03$6            2.292      0.169     13.571      0.000
    MJS04$1            0.908      0.068     13.274      0.000
    MJS04$2            1.580      0.095     16.656      0.000
    MJS04$3            1.840      0.114     16.174      0.000
    MJS04$4            2.107      0.142     14.845      0.000
    MJS04$5            2.621      0.241     10.895      0.000
    MJS04$6            2.849      0.318      8.964      0.000
    MJS05$1           -0.835      0.067    -12.510      0.000
    MJS05$2           -0.256      0.059     -4.304      0.000
    MJS05$3            0.138      0.059      2.341      0.019
    MJS05$4            0.555      0.062      8.936      0.000
    MJS05$5            1.161      0.076     15.359      0.000
    MJS05$6            1.757      0.107     16.425      0.000
    MJS06$1           -0.342      0.060     -5.702      0.000
    MJS06$2            0.383      0.060      6.353      0.000
    MJS06$3            0.789      0.066     11.990      0.000
    MJS06$4            1.089      0.073     14.860      0.000
    MJS06$5            1.732      0.105     16.484      0.000
    MJS06$6            2.292      0.169     13.571      0.000
    MJS07$1            1.003      0.071     14.170      0.000
    MJS07$2            1.783      0.109     16.355      0.000
    MJS07$3            2.015      0.131     15.382      0.000
    MJS07$4            2.222      0.158     14.082      0.000
    MJS07$5            2.292      0.169     13.571      0.000
    MJS07$6            2.479      0.205     12.082      0.000
    MJS08$1           -0.199      0.059     -3.370      0.001
    MJS08$2            0.517      0.062      8.386      0.000
    MJS08$3            0.959      0.070     13.769      0.000
    MJS08$4            1.383      0.084     16.382      0.000
    MJS08$5            1.732      0.105     16.484      0.000
    MJS08$6            2.107      0.142     14.845      0.000
    MJS09$1           -1.975      0.127    -15.592      0.000
    MJS09$2           -1.252      0.079    -15.871      0.000
    MJS09$3           -0.674      0.064    -10.570      0.000
    MJS09$4            0.194      0.059      3.276      0.001
    MJS09$5            0.908      0.068     13.274      0.000
    MJS09$6            1.684      0.102     16.571      0.000
    MJS10$1           -1.840      0.114    -16.174      0.000
    MJS10$2           -1.369      0.084    -16.340      0.000
    MJS10$3           -0.812      0.066    -12.251      0.000
    MJS10$4            0.033      0.059      0.562      0.574
    MJS10$5            0.731      0.065     11.285      0.000
    MJS10$6            1.525      0.092     16.638      0.000
    MJS11$1           -1.252      0.079    -15.871      0.000
    MJS11$2           -0.674      0.064    -10.570      0.000
    MJS11$3           -0.072      0.059     -1.217      0.223
    MJS11$4            0.976      0.070     13.931      0.000
    MJS11$5            1.783      0.109     16.355      0.000
    MJS11$6            2.222      0.158     14.082      0.000
    MJS12$1           -2.479      0.205    -12.082      0.000
    MJS12$2           -1.938      0.123    -15.772      0.000
    MJS12$3           -1.474      0.089    -16.582      0.000
    MJS12$4           -0.941      0.069    -13.605      0.000
    MJS12$5           -0.116      0.059     -1.966      0.049
    MJS12$6            0.695      0.064     10.839      0.000
    MJS13$1           -2.222      0.158    -14.082      0.000
    MJS13$2           -1.840      0.114    -16.174      0.000
    MJS13$3           -1.427      0.087    -16.495      0.000
    MJS13$4           -0.875      0.068    -12.937      0.000
    MJS13$5           -0.284      0.060     -4.770      0.000
    MJS13$6            0.492      0.061      8.018      0.000
    MJS14$1           -2.015      0.131    -15.382      0.000
    MJS14$2           -1.525      0.092    -16.638      0.000
    MJS14$3           -1.228      0.078    -15.750      0.000
    MJS14$4           -0.620      0.063     -9.848      0.000
    MJS14$5           -0.171      0.059     -2.902      0.004
    MJS14$6            0.284      0.060      4.770      0.000
    MJS15$1           -1.508      0.091    -16.623      0.000
    MJS15$2           -1.050      0.072    -14.559      0.000
    MJS15$3           -0.634      0.063    -10.029      0.000
    MJS15$4            0.110      0.059      1.873      0.061
    MJS15$5            0.738      0.065     11.373      0.000
    MJS15$6            1.508      0.091     16.623      0.000
    MJS16$1           -1.205      0.077    -15.624      0.000
    MJS16$2           -0.529      0.062     -8.570      0.000
    MJS16$3           -0.055      0.059     -0.937      0.349
    MJS16$4            0.883      0.068     13.022      0.000
    MJS16$5            1.580      0.095     16.656      0.000
    MJS16$6            2.222      0.158     14.082      0.000
    MJS17$1            0.899      0.068     13.190      0.000
    MJS17$2            1.732      0.105     16.484      0.000
    MJS17$3            1.975      0.127     15.592      0.000
    MJS17$4            2.059      0.136     15.136      0.000
    MJS17$5            2.479      0.205     12.082      0.000
    MJS17$6            2.621      0.241     10.895      0.000
    MJS18$1            0.835      0.067     12.510      0.000
    MJS18$2            1.508      0.091     16.623      0.000
    MJS18$3            1.783      0.109     16.355      0.000
    MJS18$4            2.107      0.142     14.845      0.000
    MJS18$5            2.621      0.241     10.895      0.000
    MJS18$6            2.849      0.318      8.964      0.000
    MJS19$1           -0.419      0.061     -6.909      0.000
    MJS19$2            0.267      0.059      4.490      0.000
    MJS19$3            0.709      0.064     11.018      0.000
    MJS19$4            1.069      0.073     14.711      0.000
    MJS19$5            1.811      0.111     16.272      0.000
    MJS19$6            2.375      0.184     12.927      0.000
    MJS20$1            0.044      0.059      0.749      0.454
    MJS20$2            0.561      0.062      9.028      0.000
    MJS20$3            0.843      0.067     12.596      0.000
    MJS20$4            1.217      0.078     15.688      0.000
    MJS20$5            2.015      0.131     15.382      0.000
    MJS20$6            2.375      0.184     12.927      0.000
    MJS21$1           -0.132      0.059     -2.247      0.025
    MJS21$2            0.517      0.062      8.386      0.000
    MJS21$3            0.867      0.067     12.852      0.000
    MJS21$4            1.240      0.078     15.811      0.000
    MJS21$5            1.732      0.105     16.484      0.000
    MJS21$6            2.222      0.158     14.082      0.000
    MJS22$1           -0.835      0.067    -12.510      0.000
    MJS22$2           -0.267      0.059     -4.490      0.000
    MJS22$3            0.121      0.059      2.060      0.039
    MJS22$4            0.647      0.063     10.210      0.000
    MJS22$5            1.277      0.080     15.987      0.000
    MJS22$6            2.059      0.136     15.136      0.000
    MJS23$1           -0.731      0.065    -11.285      0.000
    MJS23$2            0.216      0.059      3.650      0.000
    MJS23$3            0.789      0.066     11.990      0.000
    MJS23$4            1.600      0.096     16.652      0.000
    MJS23$5            2.222      0.158     14.082      0.000
    MJS24$1            1.194      0.077     15.559      0.000
    MJS24$2            1.871      0.116     16.060      0.000
    MJS24$3            2.222      0.158     14.082      0.000
    MJS24$4            2.479      0.205     12.082      0.000

 Variances
    COGNITIVE          1.000      0.000    999.000    999.000
    EMOTIONAL          1.000      0.000    999.000    999.000
    BEHAVIOR           1.000      0.000    999.000    999.000


R-SQUARE

    Observed                                        Two-Tailed   Residual
    Variable        Estimate       S.E.  Est./S.E.    P-Value    Variance

    MJS01              0.675      0.041     16.600      0.000      0.325
    MJS02              0.660      0.027     24.085      0.000      0.340
    MJS03              0.460      0.036     12.903      0.000      0.540
    MJS04              0.736      0.046     16.154      0.000      0.264
    MJS05              0.619      0.031     19.988      0.000      0.381
    MJS06              0.715      0.026     27.145      0.000      0.285
    MJS07              0.732      0.049     14.941      0.000      0.268
    MJS08              0.428      0.038     11.178      0.000      0.572
    MJS09              0.589      0.031     19.017      0.000      0.411
    MJS10              0.620      0.032     19.371      0.000      0.380
    MJS11              0.515      0.036     14.315      0.000      0.485
    MJS12              0.416      0.039     10.787      0.000      0.584
    MJS13              0.596      0.036     16.544      0.000      0.404
    MJS14              0.603      0.038     15.780      0.000      0.397
    MJS15              0.540      0.032     16.665      0.000      0.460
    MJS16              0.445      0.034     13.135      0.000      0.555
    MJS17              0.440      0.067      6.608      0.000      0.560
    MJS18              0.445      0.068      6.529      0.000      0.555
    MJS19              0.295      0.043      6.821      0.000      0.705
    MJS20              0.502      0.053      9.552      0.000      0.498
    MJS21              0.428      0.045      9.541      0.000      0.572
    MJS22              0.459      0.045     10.115      0.000      0.541
    MJS23              0.229      0.044      5.189      0.000      0.771
    MJS24              0.537      0.100      5.370      0.000      0.463


     Beginning Time:  15:56:50
        Ending Time:  15:56:51
       Elapsed Time:  00:00:01



MUTHEN & MUTHEN
3463 Stoner Ave.
Los Angeles, CA  90066

Tel: (310) 391-9971
Fax: (310) 391-8971
Web: www.StatModel.com
Support: Support@StatModel.com

Copyright (c) 1998-2022 Muthen & Muthen
