Mplus VERSION 8.8 (Mac)
MUTHEN & MUTHEN
03/19/2023   6:20 PM

INPUT INSTRUCTIONS

  TITLE:   CFA MJS German

  DATA:
      FILE IS "MJS_Study1.txt";



  VARIABLE:


    NAMES ARE Gender MJS01-MJS24;

    CATEGORICAL = MJS01-MJS24;

    USEVAR MJS01-MJS24;

  ANALYSIS: Rotation = GEOMIN(orthogonal);
    estimator=wlsmv;

  MODEL: G f1 f2 f3 BY MJS01-MJS24(*1);


  OUTPUT:
  MODINDICES STDYX;



INPUT READING TERMINATED NORMALLY



CFA MJS German

SUMMARY OF ANALYSIS

Number of groups                                                 1
Number of observations                                         867

Number of dependent variables                                   24
Number of independent variables                                  0
Number of continuous latent variables                            4

Observed dependent variables

  Binary and ordered categorical (ordinal)
   MJS01       MJS02       MJS03       MJS04       MJS05       MJS06
   MJS07       MJS08       MJS09       MJS10       MJS11       MJS12
   MJS13       MJS14       MJS15       MJS16       MJS17       MJS18
   MJS19       MJS20       MJS21       MJS22       MJS23       MJS24

Continuous latent variables

  EFA factors
  *1:   G           F1          F2          F3


Estimator                                                    WLSMV
Rotation                                                    GEOMIN
Row standardization                                    CORRELATION
Type of rotation                                        ORTHOGONAL
Epsilon value                                               Varies
Maximum number of iterations                                  1000
Convergence criterion                                    0.500D-04
Maximum number of steepest descent iterations                   20
Optimization Specifications for the Exploratory Factor Analysis
Rotation Algorithm
  Number of random starts                                       30
  Maximum number of iterations                               10000
  Derivative convergence criterion                       0.100D-04
Parameterization                                             DELTA
Link                                                        PROBIT

Input data file(s)
  MJS_Study1.txt

Input data format  FREE


UNIVARIATE PROPORTIONS AND COUNTS FOR CATEGORICAL VARIABLES

    MJS01
      Category 1    0.549          476.000
      Category 2    0.268          232.000
      Category 3    0.080           69.000
      Category 4    0.033           29.000
      Category 5    0.052           45.000
      Category 6    0.015           13.000
      Category 7    0.003            3.000
    MJS02
      Category 1    0.225          195.000
      Category 2    0.241          209.000
      Category 3    0.181          157.000
      Category 4    0.141          122.000
      Category 5    0.119          103.000
      Category 6    0.068           59.000
      Category 7    0.025           22.000
    MJS03
      Category 1    0.107           93.000
      Category 2    0.219          190.000
      Category 3    0.165          143.000
      Category 4    0.166          144.000
      Category 5    0.197          171.000
      Category 6    0.110           95.000
      Category 7    0.036           31.000
    MJS04
      Category 1    0.656          569.000
      Category 2    0.189          164.000
      Category 3    0.060           52.000
      Category 4    0.043           37.000
      Category 5    0.027           23.000
      Category 6    0.022           19.000
      Category 7    0.003            3.000
    MJS05
      Category 1    0.158          137.000
      Category 2    0.180          156.000
      Category 3    0.186          161.000
      Category 4    0.145          126.000
      Category 5    0.171          148.000
      Category 6    0.116          101.000
      Category 7    0.044           38.000
    MJS06
      Category 1    0.307          266.000
      Category 2    0.242          210.000
      Category 3    0.151          131.000
      Category 4    0.123          107.000
      Category 5    0.101           88.000
      Category 6    0.057           49.000
      Category 7    0.018           16.000
    MJS07
      Category 1    0.692          600.000
      Category 2    0.180          156.000
      Category 3    0.052           45.000
      Category 4    0.031           27.000
      Category 5    0.024           21.000
      Category 6    0.016           14.000
      Category 7    0.005            4.000
    MJS08
      Category 1    0.353          306.000
      Category 2    0.235          204.000
      Category 3    0.125          108.000
      Category 4    0.114           99.000
      Category 5    0.099           86.000
      Category 6    0.051           44.000
      Category 7    0.023           20.000
    MJS09
      Category 1    0.029           25.000
      Category 2    0.078           68.000
      Category 3    0.171          148.000
      Category 4    0.287          249.000
      Category 5    0.263          228.000
      Category 6    0.115          100.000
      Category 7    0.057           49.000
    MJS10
      Category 1    0.033           29.000
      Category 2    0.081           70.000
      Category 3    0.157          136.000
      Category 4    0.249          216.000
      Category 5    0.310          269.000
      Category 6    0.120          104.000
      Category 7    0.050           43.000
    MJS11
      Category 1    0.174          151.000
      Category 2    0.204          177.000
      Category 3    0.233          202.000
      Category 4    0.240          208.000
      Category 5    0.100           87.000
      Category 6    0.035           30.000
      Category 7    0.014           12.000
    MJS12
      Category 1    0.017           15.000
      Category 2    0.022           19.000
      Category 3    0.059           51.000
      Category 4    0.137          119.000
      Category 5    0.270          234.000
      Category 6    0.293          254.000
      Category 7    0.202          175.000
    MJS13
      Category 1    0.020           17.000
      Category 2    0.015           13.000
      Category 3    0.054           47.000
      Category 4    0.100           87.000
      Category 5    0.219          190.000
      Category 6    0.269          233.000
      Category 7    0.323          280.000
    MJS14
      Category 1    0.023           20.000
      Category 2    0.044           38.000
      Category 3    0.053           46.000
      Category 4    0.153          133.000
      Category 5    0.174          151.000
      Category 6    0.198          172.000
      Category 7    0.354          307.000
    MJS15
      Category 1    0.058           50.000
      Category 2    0.107           93.000
      Category 3    0.159          138.000
      Category 4    0.281          244.000
      Category 5    0.235          204.000
      Category 6    0.099           86.000
      Category 7    0.060           52.000
    MJS16
      Category 1    0.149          129.000
      Category 2    0.191          166.000
      Category 3    0.196          170.000
      Category 4    0.279          242.000
      Category 5    0.118          102.000
      Category 6    0.054           47.000
      Category 7    0.013           11.000
    MJS17
      Category 1    0.764          662.000
      Category 2    0.155          134.000
      Category 3    0.037           32.000
      Category 4    0.020           17.000
      Category 5    0.017           15.000
      Category 6    0.006            5.000
      Category 7    0.002            2.000
    MJS18
      Category 1    0.639          554.000
      Category 2    0.183          159.000
      Category 3    0.081           70.000
      Category 4    0.047           41.000
      Category 5    0.038           33.000
      Category 6    0.009            8.000
      Category 7    0.002            2.000
    MJS19
      Category 1    0.197          171.000
      Category 2    0.235          204.000
      Category 3    0.186          161.000
      Category 4    0.170          147.000
      Category 5    0.140          121.000
      Category 6    0.063           55.000
      Category 7    0.009            8.000
    MJS20
      Category 1    0.439          381.000
      Category 2    0.266          231.000
      Category 3    0.119          103.000
      Category 4    0.082           71.000
      Category 5    0.062           54.000
      Category 6    0.022           19.000
      Category 7    0.009            8.000
    MJS21
      Category 1    0.439          381.000
      Category 2    0.261          226.000
      Category 3    0.121          105.000
      Category 4    0.088           76.000
      Category 5    0.065           56.000
      Category 6    0.021           18.000
      Category 7    0.006            5.000
    MJS22
      Category 1    0.173          150.000
      Category 2    0.230          199.000
      Category 3    0.170          147.000
      Category 4    0.171          148.000
      Category 5    0.172          149.000
      Category 6    0.063           55.000
      Category 7    0.022           19.000
    MJS23
      Category 1    0.290          251.000
      Category 2    0.347          301.000
      Category 3    0.173          150.000
      Category 4    0.125          108.000
      Category 5    0.043           37.000
      Category 6    0.016           14.000
      Category 7    0.007            6.000
    MJS24
      Category 1    0.814          706.000
      Category 2    0.111           96.000
      Category 3    0.035           30.000
      Category 4    0.020           17.000
      Category 5    0.012           10.000
      Category 6    0.008            7.000
      Category 7    0.001            1.000



THE MODEL ESTIMATION TERMINATED NORMALLY



MODEL FIT INFORMATION

Number of Free Parameters                      234

Chi-Square Test of Model Fit

          Value                           1090.907*
          Degrees of Freedom                   186
          P-Value                           0.0000

*   The chi-square value for MLM, MLMV, MLR, ULSMV, WLSM and WLSMV cannot be used
    for chi-square difference testing in the regular way.  MLM, MLR and WLSM
    chi-square difference testing is described on the Mplus website.  MLMV, WLSMV,
    and ULSMV difference testing is done using the DIFFTEST option.

RMSEA (Root Mean Square Error Of Approximation)

          Estimate                           0.075
          90 Percent C.I.                    0.071  0.079
          Probability RMSEA <= .05           0.000

CFI/TLI

          CFI                                0.951
          TLI                                0.928

Chi-Square Test of Model Fit for the Baseline Model

          Value                          18889.546
          Degrees of Freedom                   276
          P-Value                           0.0000

SRMR (Standardized Root Mean Square Residual)

          Value                              0.031

Optimum Function Value for Weighted Least-Squares Estimator

          Value                     0.26215856D+00



MODEL RESULTS

                                                    Two-Tailed
                    Estimate       S.E.  Est./S.E.    P-Value

 G        BY
    MJS01              0.850      0.013     63.290      0.000
    MJS02              0.531      0.036     14.919      0.000
    MJS03              0.652      0.026     25.052      0.000
    MJS04              0.938      0.010     94.344      0.000
    MJS05              0.504      0.035     14.440      0.000
    MJS06              0.592      0.033     17.791      0.000
    MJS07              0.915      0.010     88.557      0.000
    MJS08              0.678      0.024     28.785      0.000
    MJS09              0.176      0.038      4.624      0.000
    MJS10              0.208      0.037      5.600      0.000
    MJS11              0.329      0.036      9.031      0.000
    MJS12              0.080      0.038      2.074      0.038
    MJS13             -0.058      0.036     -1.603      0.109
    MJS14              0.022      0.034      0.631      0.528
    MJS15              0.267      0.039      6.876      0.000
    MJS16              0.363      0.037      9.689      0.000
    MJS17              0.485      0.043     11.326      0.000
    MJS18              0.480      0.041     11.770      0.000
    MJS19              0.265      0.041      6.478      0.000
    MJS20              0.387      0.043      9.061      0.000
    MJS21              0.274      0.049      5.577      0.000
    MJS22              0.315      0.045      6.953      0.000
    MJS23              0.293      0.040      7.256      0.000
    MJS24              0.597      0.041     14.398      0.000

 F1       BY
    MJS01              0.093      0.030      3.071      0.002
    MJS02              0.650      0.030     21.902      0.000
    MJS03              0.324      0.035      9.329      0.000
    MJS04             -0.018      0.027     -0.664      0.507
    MJS05              0.639      0.029     22.197      0.000
    MJS06              0.604      0.031     19.794      0.000
    MJS07             -0.012      0.026     -0.445      0.656
    MJS08              0.274      0.035      7.906      0.000
    MJS09              0.178      0.042      4.230      0.000
    MJS10              0.181      0.044      4.105      0.000
    MJS11             -0.032      0.036     -0.891      0.373
    MJS12              0.286      0.048      5.980      0.000
    MJS13              0.300      0.049      6.138      0.000
    MJS14              0.152      0.047      3.260      0.001
    MJS15             -0.099      0.044     -2.226      0.026
    MJS16             -0.171      0.044     -3.848      0.000
    MJS17             -0.016      0.037     -0.437      0.662
    MJS18             -0.010      0.030     -0.351      0.725
    MJS19              0.278      0.036      7.779      0.000
    MJS20              0.183      0.041      4.469      0.000
    MJS21              0.089      0.042      2.095      0.036
    MJS22              0.156      0.041      3.816      0.000
    MJS23              0.021      0.035      0.598      0.550
    MJS24             -0.132      0.046     -2.855      0.004

 F2       BY
    MJS01             -0.003      0.023     -0.121      0.904
    MJS02              0.052      0.023      2.228      0.026
    MJS03              0.007      0.025      0.290      0.772
    MJS04             -0.035      0.026     -1.360      0.174
    MJS05             -0.005      0.018     -0.278      0.781
    MJS06              0.039      0.022      1.757      0.079
    MJS07             -0.034      0.027     -1.249      0.212
    MJS08             -0.116      0.029     -4.065      0.000
    MJS09              0.641      0.021     30.953      0.000
    MJS10              0.703      0.018     38.578      0.000
    MJS11              0.589      0.025     23.690      0.000
    MJS12              0.694      0.021     32.581      0.000
    MJS13              0.788      0.024     33.448      0.000
    MJS14              0.684      0.021     33.234      0.000
    MJS15              0.740      0.021     35.694      0.000
    MJS16              0.603      0.029     20.738      0.000
    MJS17              0.076      0.039      1.922      0.055
    MJS18              0.060      0.034      1.754      0.079
    MJS19              0.002      0.029      0.078      0.938
    MJS20              0.239      0.031      7.832      0.000
    MJS21              0.122      0.033      3.651      0.000
    MJS22              0.111      0.031      3.551      0.000
    MJS23              0.174      0.032      5.360      0.000
    MJS24              0.049      0.034      1.421      0.155

 F3       BY
    MJS01             -0.043      0.031     -1.384      0.166
    MJS02              0.037      0.020      1.825      0.068
    MJS03              0.045      0.027      1.693      0.090
    MJS04             -0.041      0.030     -1.341      0.180
    MJS05             -0.017      0.020     -0.836      0.403
    MJS06              0.053      0.021      2.458      0.014
    MJS07              0.026      0.032      0.813      0.416
    MJS08             -0.003      0.026     -0.115      0.909
    MJS09              0.070      0.027      2.536      0.011
    MJS10              0.025      0.023      1.068      0.285
    MJS11              0.063      0.033      1.920      0.055
    MJS12              0.115      0.029      3.962      0.000
    MJS13              0.050      0.026      1.884      0.060
    MJS14              0.042      0.029      1.437      0.151
    MJS15              0.059      0.028      2.064      0.039
    MJS16              0.012      0.027      0.456      0.649
    MJS17              0.393      0.044      8.892      0.000
    MJS18              0.555      0.034     16.531      0.000
    MJS19              0.432      0.028     15.191      0.000
    MJS20              0.437      0.032     13.717      0.000
    MJS21              0.746      0.026     28.442      0.000
    MJS22              0.689      0.025     27.870      0.000
    MJS23              0.492      0.032     15.390      0.000
    MJS24              0.565      0.040     14.062      0.000

 F1       WITH
    G                  0.000      0.000    999.000    999.000

 F2       WITH
    G                  0.000      0.000    999.000    999.000
    F1                 0.000      0.000    999.000    999.000

 F3       WITH
    G                  0.000      0.000    999.000    999.000
    F1                 0.000      0.000    999.000    999.000
    F2                 0.000      0.000    999.000    999.000

 Thresholds
    MJS01$1            0.123      0.043      2.886      0.004
    MJS01$2            0.903      0.050     18.231      0.000
    MJS01$3            1.260      0.057     21.938      0.000
    MJS01$4            1.473      0.064     22.862      0.000
    MJS01$5            2.087      0.101     20.644      0.000
    MJS01$6            2.701      0.192     14.087      0.000
    MJS02$1           -0.756      0.047    -15.980      0.000
    MJS02$2           -0.085      0.043     -2.004      0.045
    MJS02$3            0.377      0.044      8.639      0.000
    MJS02$4            0.799      0.048     16.680      0.000
    MJS02$5            1.320      0.059     22.295      0.000
    MJS02$6            1.954      0.090     21.646      0.000
    MJS03$1           -1.241      0.057    -21.809      0.000
    MJS03$2           -0.450      0.044    -10.185      0.000
    MJS03$3           -0.022      0.043     -0.509      0.610
    MJS03$4            0.405      0.044      9.245      0.000
    MJS03$5            1.057      0.052     20.152      0.000
    MJS03$6            1.802      0.080     22.473      0.000
    MJS04$1            0.402      0.044      9.177      0.000
    MJS04$2            1.017      0.052     19.704      0.000
    MJS04$3            1.313      0.059     22.258      0.000
    MJS04$4            1.627      0.071     22.941      0.000
    MJS04$5            1.954      0.090     21.646      0.000
    MJS04$6            2.701      0.192     14.087      0.000
    MJS05$1           -1.003      0.051    -19.533      0.000
    MJS05$2           -0.418      0.044     -9.514      0.000
    MJS05$3            0.059      0.043      1.392      0.164
    MJS05$4            0.437      0.044      9.917      0.000
    MJS05$5            0.993      0.051     19.418      0.000
    MJS05$6            1.708      0.075     22.795      0.000
    MJS06$1           -0.505      0.045    -11.322      0.000
    MJS06$2            0.123      0.043      2.886      0.004
    MJS06$3            0.525      0.045     11.722      0.000
    MJS06$4            0.929      0.050     18.593      0.000
    MJS06$5            1.440      0.063     22.781      0.000
    MJS06$6            2.087      0.101     20.644      0.000
    MJS07$1            0.502      0.045     11.255      0.000
    MJS07$2            1.136      0.054     20.950      0.000
    MJS07$3            1.432      0.063     22.757      0.000
    MJS07$4            1.696      0.074     22.825      0.000
    MJS07$5            2.038      0.097     21.036      0.000
    MJS07$6            2.604      0.171     15.226      0.000
    MJS08$1           -0.377      0.044     -8.639      0.000
    MJS08$2            0.223      0.043      5.192      0.000
    MJS08$3            0.562      0.045     12.453      0.000
    MJS08$4            0.942      0.050     18.772      0.000
    MJS08$5            1.448      0.063     22.803      0.000
    MJS08$6            1.994      0.093     21.366      0.000
    MJS09$1           -1.898      0.086    -21.991      0.000
    MJS09$2           -1.241      0.057    -21.809      0.000
    MJS09$3           -0.589      0.045    -12.983      0.000
    MJS09$4            0.164      0.043      3.836      0.000
    MJS09$5            0.947      0.050     18.832      0.000
    MJS09$6            1.585      0.069     22.966      0.000
    MJS10$1           -1.832      0.082    -22.338      0.000
    MJS10$2           -1.205      0.056    -21.538      0.000
    MJS10$3           -0.610      0.046    -13.379      0.000
    MJS10$4            0.051      0.043      1.189      0.235
    MJS10$5            0.956      0.050     18.950      0.000
    MJS10$6            1.649      0.072     22.914      0.000
    MJS11$1           -0.938      0.050    -18.713      0.000
    MJS11$2           -0.310      0.043     -7.155      0.000
    MJS11$3            0.283      0.043      6.546      0.000
    MJS11$4            1.042      0.052     19.986      0.000
    MJS11$5            1.660      0.073     22.896      0.000
    MJS11$6            2.202      0.112     19.609      0.000
    MJS12$1           -2.113      0.103    -20.421      0.000
    MJS12$2           -1.760      0.078    -22.637      0.000
    MJS12$3           -1.293      0.058    -22.143      0.000
    MJS12$4           -0.722      0.047    -15.402      0.000
    MJS12$5            0.013      0.043      0.306      0.760
    MJS12$6            0.835      0.048     17.245      0.000
    MJS13$1           -2.062      0.099    -20.848      0.000
    MJS13$2           -1.817      0.081    -22.409      0.000
    MJS13$3           -1.348      0.060    -22.437      0.000
    MJS13$4           -0.881      0.049    -17.926      0.000
    MJS13$5           -0.232      0.043     -5.395      0.000
    MJS13$6            0.459      0.044     10.386      0.000
    MJS14$1           -1.994      0.093    -21.366      0.000
    MJS14$2           -1.499      0.065    -22.909      0.000
    MJS14$3           -1.175      0.055    -21.299      0.000
    MJS14$4           -0.603      0.045    -13.247      0.000
    MJS14$5           -0.132      0.043     -3.090      0.002
    MJS14$6            0.374      0.044      8.572      0.000
    MJS15$1           -1.575      0.069    -22.967      0.000
    MJS15$2           -0.974      0.051    -19.185      0.000
    MJS15$3           -0.456      0.044    -10.319      0.000
    MJS15$4            0.268      0.043      6.208      0.000
    MJS15$5            0.998      0.051     19.475      0.000
    MJS15$6            1.555      0.068     22.963      0.000
    MJS16$1           -1.042      0.052    -19.986      0.000
    MJS16$2           -0.412      0.044     -9.379      0.000
    MJS16$3            0.091      0.043      2.139      0.032
    MJS16$4            0.898      0.049     18.170      0.000
    MJS16$5            1.499      0.065     22.909      0.000
    MJS16$6            2.236      0.116     19.279      0.000
    MJS17$1            0.718      0.047     15.337      0.000
    MJS17$2            1.392      0.062     22.626      0.000
    MJS17$3            1.696      0.074     22.825      0.000
    MJS17$4            1.954      0.090     21.646      0.000
    MJS17$5            2.406      0.138     17.490      0.000
    MJS17$6            2.833      0.226     12.547      0.000
    MJS18$1            0.356      0.044      8.167      0.000
    MJS18$2            0.924      0.050     18.533      0.000
    MJS18$3            1.300      0.059     22.182      0.000
    MJS18$4            1.649      0.072     22.914      0.000
    MJS18$5            2.272      0.120     18.910      0.000
    MJS18$6            2.833      0.226     12.547      0.000
    MJS19$1           -0.852      0.049    -17.494      0.000
    MJS19$2           -0.170      0.043     -3.972      0.000
    MJS19$3            0.301      0.043      6.952      0.000
    MJS19$4            0.799      0.048     16.680      0.000
    MJS19$5            1.456      0.064     22.824      0.000
    MJS19$6            2.356      0.131     18.027      0.000
    MJS20$1           -0.152      0.043     -3.565      0.000
    MJS20$2            0.541      0.045     12.055      0.000
    MJS20$3            0.933      0.050     18.653      0.000
    MJS20$4            1.320      0.059     22.295      0.000
    MJS20$5            1.864      0.084     22.178      0.000
    MJS20$6            2.356      0.131     18.027      0.000
    MJS21$1           -0.152      0.043     -3.565      0.000
    MJS21$2            0.525      0.045     11.722      0.000
    MJS21$3            0.920      0.050     18.473      0.000
    MJS21$4            1.334      0.060     22.368      0.000
    MJS21$5            1.934      0.089     21.771      0.000
    MJS21$6            2.526      0.157     16.125      0.000
    MJS22$1           -0.942      0.050    -18.772      0.000
    MJS22$2           -0.247      0.043     -5.734      0.000
    MJS22$3            0.182      0.043      4.243      0.000
    MJS22$4            0.652      0.046     14.167      0.000
    MJS22$5            1.370      0.061     22.535      0.000
    MJS22$6            2.016      0.095     21.208      0.000
    MJS23$1           -0.555      0.045    -12.320      0.000
    MJS23$2            0.350      0.044      8.032      0.000
    MJS23$3            0.877      0.049     17.864      0.000
    MJS23$4            1.508      0.066     22.922      0.000
    MJS23$5            1.994      0.093     21.366      0.000
    MJS23$6            2.461      0.146     16.865      0.000
    MJS24$1            0.894      0.049     18.109      0.000
    MJS24$2            1.440      0.063     22.781      0.000
    MJS24$3            1.746      0.077     22.683      0.000
    MJS24$4            2.038      0.097     21.036      0.000
    MJS24$5            2.356      0.131     18.027      0.000
    MJS24$6            3.048      0.300     10.146      0.000

 Variances
    G                  1.000      0.000    999.000    999.000
    F1                 1.000      0.000    999.000    999.000
    F2                 1.000      0.000    999.000    999.000
    F3                 1.000      0.000    999.000    999.000


QUALITY OF NUMERICAL RESULTS

     Condition Number for the Information Matrix              0.501E-04
       (ratio of smallest to largest eigenvalue)


STANDARDIZED MODEL RESULTS


STDYX Standardization

                                                    Two-Tailed
                    Estimate       S.E.  Est./S.E.    P-Value

 G        BY
    MJS01              0.850      0.013     63.290      0.000
    MJS02              0.531      0.036     14.919      0.000
    MJS03              0.652      0.026     25.052      0.000
    MJS04              0.938      0.010     94.344      0.000
    MJS05              0.504      0.035     14.440      0.000
    MJS06              0.592      0.033     17.791      0.000
    MJS07              0.915      0.010     88.557      0.000
    MJS08              0.678      0.024     28.785      0.000
    MJS09              0.176      0.038      4.624      0.000
    MJS10              0.208      0.037      5.600      0.000
    MJS11              0.329      0.036      9.031      0.000
    MJS12              0.080      0.038      2.074      0.038
    MJS13             -0.058      0.036     -1.603      0.109
    MJS14              0.022      0.034      0.631      0.528
    MJS15              0.267      0.039      6.876      0.000
    MJS16              0.363      0.037      9.689      0.000
    MJS17              0.485      0.043     11.326      0.000
    MJS18              0.480      0.041     11.770      0.000
    MJS19              0.265      0.041      6.478      0.000
    MJS20              0.387      0.043      9.061      0.000
    MJS21              0.274      0.049      5.577      0.000
    MJS22              0.315      0.045      6.953      0.000
    MJS23              0.293      0.040      7.256      0.000
    MJS24              0.597      0.041     14.398      0.000

 F1       BY
    MJS01              0.093      0.030      3.071      0.002
    MJS02              0.650      0.030     21.902      0.000
    MJS03              0.324      0.035      9.329      0.000
    MJS04             -0.018      0.027     -0.664      0.507
    MJS05              0.639      0.029     22.197      0.000
    MJS06              0.604      0.031     19.794      0.000
    MJS07             -0.012      0.026     -0.445      0.656
    MJS08              0.274      0.035      7.906      0.000
    MJS09              0.178      0.042      4.230      0.000
    MJS10              0.181      0.044      4.105      0.000
    MJS11             -0.032      0.036     -0.891      0.373
    MJS12              0.286      0.048      5.980      0.000
    MJS13              0.300      0.049      6.138      0.000
    MJS14              0.152      0.047      3.260      0.001
    MJS15             -0.099      0.044     -2.226      0.026
    MJS16             -0.171      0.044     -3.848      0.000
    MJS17             -0.016      0.037     -0.437      0.662
    MJS18             -0.010      0.030     -0.351      0.725
    MJS19              0.278      0.036      7.779      0.000
    MJS20              0.183      0.041      4.469      0.000
    MJS21              0.089      0.042      2.095      0.036
    MJS22              0.156      0.041      3.816      0.000
    MJS23              0.021      0.035      0.598      0.550
    MJS24             -0.132      0.046     -2.855      0.004

 F2       BY
    MJS01             -0.003      0.023     -0.121      0.904
    MJS02              0.052      0.023      2.228      0.026
    MJS03              0.007      0.025      0.290      0.772
    MJS04             -0.035      0.026     -1.360      0.174
    MJS05             -0.005      0.018     -0.278      0.781
    MJS06              0.039      0.022      1.757      0.079
    MJS07             -0.034      0.027     -1.249      0.212
    MJS08             -0.116      0.029     -4.065      0.000
    MJS09              0.641      0.021     30.953      0.000
    MJS10              0.703      0.018     38.578      0.000
    MJS11              0.589      0.025     23.690      0.000
    MJS12              0.694      0.021     32.581      0.000
    MJS13              0.788      0.024     33.448      0.000
    MJS14              0.684      0.021     33.234      0.000
    MJS15              0.740      0.021     35.694      0.000
    MJS16              0.603      0.029     20.738      0.000
    MJS17              0.076      0.039      1.922      0.055
    MJS18              0.060      0.034      1.754      0.079
    MJS19              0.002      0.029      0.078      0.938
    MJS20              0.239      0.031      7.832      0.000
    MJS21              0.122      0.033      3.651      0.000
    MJS22              0.111      0.031      3.551      0.000
    MJS23              0.174      0.032      5.360      0.000
    MJS24              0.049      0.034      1.421      0.155

 F3       BY
    MJS01             -0.043      0.031     -1.384      0.166
    MJS02              0.037      0.020      1.825      0.068
    MJS03              0.045      0.027      1.693      0.090
    MJS04             -0.041      0.030     -1.341      0.180
    MJS05             -0.017      0.020     -0.836      0.403
    MJS06              0.053      0.021      2.458      0.014
    MJS07              0.026      0.032      0.813      0.416
    MJS08             -0.003      0.026     -0.115      0.909
    MJS09              0.070      0.027      2.536      0.011
    MJS10              0.025      0.023      1.068      0.285
    MJS11              0.063      0.033      1.920      0.055
    MJS12              0.115      0.029      3.962      0.000
    MJS13              0.050      0.026      1.884      0.060
    MJS14              0.042      0.029      1.437      0.151
    MJS15              0.059      0.028      2.064      0.039
    MJS16              0.012      0.027      0.456      0.649
    MJS17              0.393      0.044      8.892      0.000
    MJS18              0.555      0.034     16.531      0.000
    MJS19              0.432      0.028     15.191      0.000
    MJS20              0.437      0.032     13.717      0.000
    MJS21              0.746      0.026     28.442      0.000
    MJS22              0.689      0.025     27.870      0.000
    MJS23              0.492      0.032     15.390      0.000
    MJS24              0.565      0.040     14.062      0.000

 F1       WITH
    G                  0.000      0.000    999.000    999.000

 F2       WITH
    G                  0.000      0.000    999.000    999.000
    F1                 0.000      0.000    999.000    999.000

 F3       WITH
    G                  0.000      0.000    999.000    999.000
    F1                 0.000      0.000    999.000    999.000
    F2                 0.000      0.000    999.000    999.000

 Thresholds
    MJS01$1            0.123      0.043      2.886      0.004
    MJS01$2            0.903      0.050     18.231      0.000
    MJS01$3            1.260      0.057     21.938      0.000
    MJS01$4            1.473      0.064     22.862      0.000
    MJS01$5            2.087      0.101     20.644      0.000
    MJS01$6            2.701      0.192     14.087      0.000
    MJS02$1           -0.756      0.047    -15.980      0.000
    MJS02$2           -0.085      0.043     -2.004      0.045
    MJS02$3            0.377      0.044      8.639      0.000
    MJS02$4            0.799      0.048     16.680      0.000
    MJS02$5            1.320      0.059     22.295      0.000
    MJS02$6            1.954      0.090     21.646      0.000
    MJS03$1           -1.241      0.057    -21.809      0.000
    MJS03$2           -0.450      0.044    -10.185      0.000
    MJS03$3           -0.022      0.043     -0.509      0.610
    MJS03$4            0.405      0.044      9.245      0.000
    MJS03$5            1.057      0.052     20.152      0.000
    MJS03$6            1.802      0.080     22.473      0.000
    MJS04$1            0.402      0.044      9.177      0.000
    MJS04$2            1.017      0.052     19.704      0.000
    MJS04$3            1.313      0.059     22.258      0.000
    MJS04$4            1.627      0.071     22.941      0.000
    MJS04$5            1.954      0.090     21.646      0.000
    MJS04$6            2.701      0.192     14.087      0.000
    MJS05$1           -1.003      0.051    -19.533      0.000
    MJS05$2           -0.418      0.044     -9.514      0.000
    MJS05$3            0.059      0.043      1.392      0.164
    MJS05$4            0.437      0.044      9.917      0.000
    MJS05$5            0.993      0.051     19.418      0.000
    MJS05$6            1.708      0.075     22.795      0.000
    MJS06$1           -0.505      0.045    -11.322      0.000
    MJS06$2            0.123      0.043      2.886      0.004
    MJS06$3            0.525      0.045     11.722      0.000
    MJS06$4            0.929      0.050     18.593      0.000
    MJS06$5            1.440      0.063     22.781      0.000
    MJS06$6            2.087      0.101     20.644      0.000
    MJS07$1            0.502      0.045     11.255      0.000
    MJS07$2            1.136      0.054     20.950      0.000
    MJS07$3            1.432      0.063     22.757      0.000
    MJS07$4            1.696      0.074     22.825      0.000
    MJS07$5            2.038      0.097     21.036      0.000
    MJS07$6            2.604      0.171     15.226      0.000
    MJS08$1           -0.377      0.044     -8.639      0.000
    MJS08$2            0.223      0.043      5.192      0.000
    MJS08$3            0.562      0.045     12.453      0.000
    MJS08$4            0.942      0.050     18.772      0.000
    MJS08$5            1.448      0.063     22.803      0.000
    MJS08$6            1.994      0.093     21.366      0.000
    MJS09$1           -1.898      0.086    -21.991      0.000
    MJS09$2           -1.241      0.057    -21.809      0.000
    MJS09$3           -0.589      0.045    -12.983      0.000
    MJS09$4            0.164      0.043      3.836      0.000
    MJS09$5            0.947      0.050     18.832      0.000
    MJS09$6            1.585      0.069     22.966      0.000
    MJS10$1           -1.832      0.082    -22.338      0.000
    MJS10$2           -1.205      0.056    -21.538      0.000
    MJS10$3           -0.610      0.046    -13.379      0.000
    MJS10$4            0.051      0.043      1.189      0.235
    MJS10$5            0.956      0.050     18.950      0.000
    MJS10$6            1.649      0.072     22.914      0.000
    MJS11$1           -0.938      0.050    -18.713      0.000
    MJS11$2           -0.310      0.043     -7.155      0.000
    MJS11$3            0.283      0.043      6.546      0.000
    MJS11$4            1.042      0.052     19.986      0.000
    MJS11$5            1.660      0.073     22.896      0.000
    MJS11$6            2.202      0.112     19.609      0.000
    MJS12$1           -2.113      0.103    -20.421      0.000
    MJS12$2           -1.760      0.078    -22.637      0.000
    MJS12$3           -1.293      0.058    -22.143      0.000
    MJS12$4           -0.722      0.047    -15.402      0.000
    MJS12$5            0.013      0.043      0.306      0.760
    MJS12$6            0.835      0.048     17.245      0.000
    MJS13$1           -2.062      0.099    -20.848      0.000
    MJS13$2           -1.817      0.081    -22.409      0.000
    MJS13$3           -1.348      0.060    -22.437      0.000
    MJS13$4           -0.881      0.049    -17.926      0.000
    MJS13$5           -0.232      0.043     -5.395      0.000
    MJS13$6            0.459      0.044     10.386      0.000
    MJS14$1           -1.994      0.093    -21.366      0.000
    MJS14$2           -1.499      0.065    -22.909      0.000
    MJS14$3           -1.175      0.055    -21.299      0.000
    MJS14$4           -0.603      0.045    -13.247      0.000
    MJS14$5           -0.132      0.043     -3.090      0.002
    MJS14$6            0.374      0.044      8.572      0.000
    MJS15$1           -1.575      0.069    -22.967      0.000
    MJS15$2           -0.974      0.051    -19.185      0.000
    MJS15$3           -0.456      0.044    -10.319      0.000
    MJS15$4            0.268      0.043      6.208      0.000
    MJS15$5            0.998      0.051     19.475      0.000
    MJS15$6            1.555      0.068     22.963      0.000
    MJS16$1           -1.042      0.052    -19.986      0.000
    MJS16$2           -0.412      0.044     -9.379      0.000
    MJS16$3            0.091      0.043      2.139      0.032
    MJS16$4            0.898      0.049     18.170      0.000
    MJS16$5            1.499      0.065     22.909      0.000
    MJS16$6            2.236      0.116     19.279      0.000
    MJS17$1            0.718      0.047     15.337      0.000
    MJS17$2            1.392      0.062     22.626      0.000
    MJS17$3            1.696      0.074     22.825      0.000
    MJS17$4            1.954      0.090     21.646      0.000
    MJS17$5            2.406      0.138     17.490      0.000
    MJS17$6            2.833      0.226     12.547      0.000
    MJS18$1            0.356      0.044      8.167      0.000
    MJS18$2            0.924      0.050     18.533      0.000
    MJS18$3            1.300      0.059     22.182      0.000
    MJS18$4            1.649      0.072     22.914      0.000
    MJS18$5            2.272      0.120     18.910      0.000
    MJS18$6            2.833      0.226     12.547      0.000
    MJS19$1           -0.852      0.049    -17.494      0.000
    MJS19$2           -0.170      0.043     -3.972      0.000
    MJS19$3            0.301      0.043      6.952      0.000
    MJS19$4            0.799      0.048     16.680      0.000
    MJS19$5            1.456      0.064     22.824      0.000
    MJS19$6            2.356      0.131     18.027      0.000
    MJS20$1           -0.152      0.043     -3.565      0.000
    MJS20$2            0.541      0.045     12.055      0.000
    MJS20$3            0.933      0.050     18.653      0.000
    MJS20$4            1.320      0.059     22.295      0.000
    MJS20$5            1.864      0.084     22.178      0.000
    MJS20$6            2.356      0.131     18.027      0.000
    MJS21$1           -0.152      0.043     -3.565      0.000
    MJS21$2            0.525      0.045     11.722      0.000
    MJS21$3            0.920      0.050     18.473      0.000
    MJS21$4            1.334      0.060     22.368      0.000
    MJS21$5            1.934      0.089     21.771      0.000
    MJS21$6            2.526      0.157     16.125      0.000
    MJS22$1           -0.942      0.050    -18.772      0.000
    MJS22$2           -0.247      0.043     -5.734      0.000
    MJS22$3            0.182      0.043      4.243      0.000
    MJS22$4            0.652      0.046     14.167      0.000
    MJS22$5            1.370      0.061     22.535      0.000
    MJS22$6            2.016      0.095     21.208      0.000
    MJS23$1           -0.555      0.045    -12.320      0.000
    MJS23$2            0.350      0.044      8.032      0.000
    MJS23$3            0.877      0.049     17.864      0.000
    MJS23$4            1.508      0.066     22.922      0.000
    MJS23$5            1.994      0.093     21.366      0.000
    MJS23$6            2.461      0.146     16.865      0.000
    MJS24$1            0.894      0.049     18.109      0.000
    MJS24$2            1.440      0.063     22.781      0.000
    MJS24$3            1.746      0.077     22.683      0.000
    MJS24$4            2.038      0.097     21.036      0.000
    MJS24$5            2.356      0.131     18.027      0.000
    MJS24$6            3.048      0.300     10.146      0.000

 Variances
    G                  1.000      0.000    999.000    999.000
    F1                 1.000      0.000    999.000    999.000
    F2                 1.000      0.000    999.000    999.000
    F3                 1.000      0.000    999.000    999.000


R-SQUARE

    Observed                                        Two-Tailed   Residual
    Variable        Estimate       S.E.  Est./S.E.    P-Value    Variance

    MJS01              0.733      0.022     33.322      0.000      0.267
    MJS02              0.708      0.019     37.836      0.000      0.292
    MJS03              0.532      0.024     21.746      0.000      0.468
    MJS04              0.883      0.018     47.824      0.000      0.117
    MJS05              0.663      0.021     30.881      0.000      0.337
    MJS06              0.719      0.021     34.872      0.000      0.281
    MJS07              0.838      0.019     44.803      0.000      0.162
    MJS08              0.548      0.026     21.391      0.000      0.452
    MJS09              0.478      0.026     18.440      0.000      0.522
    MJS10              0.570      0.023     25.135      0.000      0.430
    MJS11              0.460      0.025     18.438      0.000      0.540
    MJS12              0.583      0.025     23.171      0.000      0.417
    MJS13              0.716      0.026     27.562      0.000      0.284
    MJS14              0.493      0.026     18.726      0.000      0.507
    MJS15              0.631      0.025     24.898      0.000      0.369
    MJS16              0.525      0.030     17.643      0.000      0.475
    MJS17              0.396      0.041      9.749      0.000      0.604
    MJS18              0.542      0.036     15.183      0.000      0.458
    MJS19              0.334      0.028     11.741      0.000      0.666
    MJS20              0.431      0.031     13.870      0.000      0.569
    MJS21              0.654      0.031     20.957      0.000      0.346
    MJS22              0.611      0.030     20.493      0.000      0.389
    MJS23              0.358      0.033     10.912      0.000      0.642
    MJS24              0.695      0.042     16.361      0.000      0.305


MODEL MODIFICATION INDICES

NOTE:  Modification indices for direct effects of observed dependent variables
regressed on covariates and residual covariances among observed dependent
variables may not be included.  To include these, request MODINDICES (ALL).

Minimum M.I. value for printing the modification index    10.000

                                   M.I.     E.P.C.  Std E.P.C.  StdYX E.P.C.

BY Statements

F2       BY MJS02                999.000     0.000      0.000        0.000
F3       BY MJS01                999.000     0.000      0.000        0.000
F3       BY MJS02                999.000     0.000      0.000        0.000
F3       BY MJS03                999.000     0.000      0.000        0.000


     Beginning Time:  18:20:31
        Ending Time:  18:20:33
       Elapsed Time:  00:00:02



MUTHEN & MUTHEN
3463 Stoner Ave.
Los Angeles, CA  90066

Tel: (310) 391-9971
Fax: (310) 391-8971
Web: www.StatModel.com
Support: Support@StatModel.com

Copyright (c) 1998-2022 Muthen & Muthen
