Mplus VERSION 8.8 (Mac)
MUTHEN & MUTHEN
03/26/2023   6:05 PM

INPUT INSTRUCTIONS

  TITLE:   CFA MJS German

  DATA:
      FILE IS "MJS_Study1.txt";



  VARIABLE:


    NAMES ARE Gender MJS01-MJS24;

    CATEGORICAL = MJS01-MJS24;

    USEVAR MJS01-MJS24;


  ANALYSIS:
    estimator is WLSMV;


  MODEL:
      General by MJS01-MJS24;

  OUTPUT:
  MODINDICES STDYX;



INPUT READING TERMINATED NORMALLY



CFA MJS German

SUMMARY OF ANALYSIS

Number of groups                                                 1
Number of observations                                         867

Number of dependent variables                                   24
Number of independent variables                                  0
Number of continuous latent variables                            1

Observed dependent variables

  Binary and ordered categorical (ordinal)
   MJS01       MJS02       MJS03       MJS04       MJS05       MJS06
   MJS07       MJS08       MJS09       MJS10       MJS11       MJS12
   MJS13       MJS14       MJS15       MJS16       MJS17       MJS18
   MJS19       MJS20       MJS21       MJS22       MJS23       MJS24

Continuous latent variables
   GENERAL


Estimator                                                    WLSMV
Maximum number of iterations                                  1000
Convergence criterion                                    0.500D-04
Maximum number of steepest descent iterations                   20
Parameterization                                             DELTA
Link                                                        PROBIT

Input data file(s)
  MJS_Study1.txt

Input data format  FREE


UNIVARIATE PROPORTIONS AND COUNTS FOR CATEGORICAL VARIABLES

    MJS01
      Category 1    0.549          476.000
      Category 2    0.268          232.000
      Category 3    0.080           69.000
      Category 4    0.033           29.000
      Category 5    0.052           45.000
      Category 6    0.015           13.000
      Category 7    0.003            3.000
    MJS02
      Category 1    0.225          195.000
      Category 2    0.241          209.000
      Category 3    0.181          157.000
      Category 4    0.141          122.000
      Category 5    0.119          103.000
      Category 6    0.068           59.000
      Category 7    0.025           22.000
    MJS03
      Category 1    0.107           93.000
      Category 2    0.219          190.000
      Category 3    0.165          143.000
      Category 4    0.166          144.000
      Category 5    0.197          171.000
      Category 6    0.110           95.000
      Category 7    0.036           31.000
    MJS04
      Category 1    0.656          569.000
      Category 2    0.189          164.000
      Category 3    0.060           52.000
      Category 4    0.043           37.000
      Category 5    0.027           23.000
      Category 6    0.022           19.000
      Category 7    0.003            3.000
    MJS05
      Category 1    0.158          137.000
      Category 2    0.180          156.000
      Category 3    0.186          161.000
      Category 4    0.145          126.000
      Category 5    0.171          148.000
      Category 6    0.116          101.000
      Category 7    0.044           38.000
    MJS06
      Category 1    0.307          266.000
      Category 2    0.242          210.000
      Category 3    0.151          131.000
      Category 4    0.123          107.000
      Category 5    0.101           88.000
      Category 6    0.057           49.000
      Category 7    0.018           16.000
    MJS07
      Category 1    0.692          600.000
      Category 2    0.180          156.000
      Category 3    0.052           45.000
      Category 4    0.031           27.000
      Category 5    0.024           21.000
      Category 6    0.016           14.000
      Category 7    0.005            4.000
    MJS08
      Category 1    0.353          306.000
      Category 2    0.235          204.000
      Category 3    0.125          108.000
      Category 4    0.114           99.000
      Category 5    0.099           86.000
      Category 6    0.051           44.000
      Category 7    0.023           20.000
    MJS09
      Category 1    0.029           25.000
      Category 2    0.078           68.000
      Category 3    0.171          148.000
      Category 4    0.287          249.000
      Category 5    0.263          228.000
      Category 6    0.115          100.000
      Category 7    0.057           49.000
    MJS10
      Category 1    0.033           29.000
      Category 2    0.081           70.000
      Category 3    0.157          136.000
      Category 4    0.249          216.000
      Category 5    0.310          269.000
      Category 6    0.120          104.000
      Category 7    0.050           43.000
    MJS11
      Category 1    0.174          151.000
      Category 2    0.204          177.000
      Category 3    0.233          202.000
      Category 4    0.240          208.000
      Category 5    0.100           87.000
      Category 6    0.035           30.000
      Category 7    0.014           12.000
    MJS12
      Category 1    0.017           15.000
      Category 2    0.022           19.000
      Category 3    0.059           51.000
      Category 4    0.137          119.000
      Category 5    0.270          234.000
      Category 6    0.293          254.000
      Category 7    0.202          175.000
    MJS13
      Category 1    0.020           17.000
      Category 2    0.015           13.000
      Category 3    0.054           47.000
      Category 4    0.100           87.000
      Category 5    0.219          190.000
      Category 6    0.269          233.000
      Category 7    0.323          280.000
    MJS14
      Category 1    0.023           20.000
      Category 2    0.044           38.000
      Category 3    0.053           46.000
      Category 4    0.153          133.000
      Category 5    0.174          151.000
      Category 6    0.198          172.000
      Category 7    0.354          307.000
    MJS15
      Category 1    0.058           50.000
      Category 2    0.107           93.000
      Category 3    0.159          138.000
      Category 4    0.281          244.000
      Category 5    0.235          204.000
      Category 6    0.099           86.000
      Category 7    0.060           52.000
    MJS16
      Category 1    0.149          129.000
      Category 2    0.191          166.000
      Category 3    0.196          170.000
      Category 4    0.279          242.000
      Category 5    0.118          102.000
      Category 6    0.054           47.000
      Category 7    0.013           11.000
    MJS17
      Category 1    0.764          662.000
      Category 2    0.155          134.000
      Category 3    0.037           32.000
      Category 4    0.020           17.000
      Category 5    0.017           15.000
      Category 6    0.006            5.000
      Category 7    0.002            2.000
    MJS18
      Category 1    0.639          554.000
      Category 2    0.183          159.000
      Category 3    0.081           70.000
      Category 4    0.047           41.000
      Category 5    0.038           33.000
      Category 6    0.009            8.000
      Category 7    0.002            2.000
    MJS19
      Category 1    0.197          171.000
      Category 2    0.235          204.000
      Category 3    0.186          161.000
      Category 4    0.170          147.000
      Category 5    0.140          121.000
      Category 6    0.063           55.000
      Category 7    0.009            8.000
    MJS20
      Category 1    0.439          381.000
      Category 2    0.266          231.000
      Category 3    0.119          103.000
      Category 4    0.082           71.000
      Category 5    0.062           54.000
      Category 6    0.022           19.000
      Category 7    0.009            8.000
    MJS21
      Category 1    0.439          381.000
      Category 2    0.261          226.000
      Category 3    0.121          105.000
      Category 4    0.088           76.000
      Category 5    0.065           56.000
      Category 6    0.021           18.000
      Category 7    0.006            5.000
    MJS22
      Category 1    0.173          150.000
      Category 2    0.230          199.000
      Category 3    0.170          147.000
      Category 4    0.171          148.000
      Category 5    0.172          149.000
      Category 6    0.063           55.000
      Category 7    0.022           19.000
    MJS23
      Category 1    0.290          251.000
      Category 2    0.347          301.000
      Category 3    0.173          150.000
      Category 4    0.125          108.000
      Category 5    0.043           37.000
      Category 6    0.016           14.000
      Category 7    0.007            6.000
    MJS24
      Category 1    0.814          706.000
      Category 2    0.111           96.000
      Category 3    0.035           30.000
      Category 4    0.020           17.000
      Category 5    0.012           10.000
      Category 6    0.008            7.000
      Category 7    0.001            1.000



     THIS ANALYSIS MAY HAVE MULTIPLE SOLUTIONS.  EXPLORE THIS USING RANDOM STARTS,
     FOR EXAMPLE, STARTS = 20.  USE A LARGE ENOUGH NUMBER OF STARTS SO THAT THE
     BEST FIT FUNCTION VALUE IS REPLICATED SEVERAL TIMES.


THE MODEL ESTIMATION TERMINATED NORMALLY



MODEL FIT INFORMATION

Number of Free Parameters                      168

Chi-Square Test of Model Fit

          Value                           7279.710*
          Degrees of Freedom                   252
          P-Value                           0.0000

*   The chi-square value for MLM, MLMV, MLR, ULSMV, WLSM and WLSMV cannot be used
    for chi-square difference testing in the regular way.  MLM, MLR and WLSM
    chi-square difference testing is described on the Mplus website.  MLMV, WLSMV,
    and ULSMV difference testing is done using the DIFFTEST option.

RMSEA (Root Mean Square Error Of Approximation)

          Estimate                           0.179
          90 Percent C.I.                    0.176  0.183
          Probability RMSEA <= .05           0.000

CFI/TLI

          CFI                                0.622
          TLI                                0.586

Chi-Square Test of Model Fit for the Baseline Model

          Value                          18889.546
          Degrees of Freedom                   276
          P-Value                           0.0000

SRMR (Standardized Root Mean Square Residual)

          Value                              0.140

Optimum Function Value for Weighted Least-Squares Estimator

          Value                     0.53446571D+01



MODEL RESULTS

                                                    Two-Tailed
                    Estimate       S.E.  Est./S.E.    P-Value

 GENERAL  BY
    MJS01              1.000      0.000    999.000    999.000
    MJS02              0.933      0.025     37.056      0.000
    MJS03              0.821      0.026     31.692      0.000
    MJS04              1.119      0.025     44.283      0.000
    MJS05              0.858      0.027     32.290      0.000
    MJS06              0.970      0.024     40.121      0.000
    MJS07              1.101      0.024     46.347      0.000
    MJS08              0.775      0.027     28.707      0.000
    MJS09              0.680      0.033     20.687      0.000
    MJS10              0.756      0.030     25.104      0.000
    MJS11              0.684      0.030     22.698      0.000
    MJS12              0.728      0.031     23.477      0.000
    MJS13              0.692      0.034     20.149      0.000
    MJS14              0.604      0.035     17.287      0.000
    MJS15              0.738      0.032     23.385      0.000
    MJS16              0.663      0.031     21.271      0.000
    MJS17              0.659      0.042     15.664      0.000
    MJS18              0.732      0.037     19.903      0.000
    MJS19              0.534      0.038     14.046      0.000
    MJS20              0.726      0.032     22.565      0.000
    MJS21              0.706      0.035     20.440      0.000
    MJS22              0.727      0.032     22.709      0.000
    MJS23              0.567      0.037     15.281      0.000
    MJS24              0.802      0.041     19.739      0.000

 Thresholds
    MJS01$1            0.123      0.043      2.886      0.004
    MJS01$2            0.903      0.050     18.231      0.000
    MJS01$3            1.260      0.057     21.938      0.000
    MJS01$4            1.473      0.064     22.862      0.000
    MJS01$5            2.087      0.101     20.644      0.000
    MJS01$6            2.701      0.192     14.087      0.000
    MJS02$1           -0.756      0.047    -15.980      0.000
    MJS02$2           -0.085      0.043     -2.004      0.045
    MJS02$3            0.377      0.044      8.639      0.000
    MJS02$4            0.799      0.048     16.680      0.000
    MJS02$5            1.320      0.059     22.295      0.000
    MJS02$6            1.954      0.090     21.646      0.000
    MJS03$1           -1.241      0.057    -21.809      0.000
    MJS03$2           -0.450      0.044    -10.185      0.000
    MJS03$3           -0.022      0.043     -0.509      0.610
    MJS03$4            0.405      0.044      9.245      0.000
    MJS03$5            1.057      0.052     20.152      0.000
    MJS03$6            1.802      0.080     22.473      0.000
    MJS04$1            0.402      0.044      9.177      0.000
    MJS04$2            1.017      0.052     19.704      0.000
    MJS04$3            1.313      0.059     22.258      0.000
    MJS04$4            1.627      0.071     22.941      0.000
    MJS04$5            1.954      0.090     21.646      0.000
    MJS04$6            2.701      0.192     14.087      0.000
    MJS05$1           -1.003      0.051    -19.533      0.000
    MJS05$2           -0.418      0.044     -9.514      0.000
    MJS05$3            0.059      0.043      1.392      0.164
    MJS05$4            0.437      0.044      9.917      0.000
    MJS05$5            0.993      0.051     19.418      0.000
    MJS05$6            1.708      0.075     22.795      0.000
    MJS06$1           -0.505      0.045    -11.322      0.000
    MJS06$2            0.123      0.043      2.886      0.004
    MJS06$3            0.525      0.045     11.722      0.000
    MJS06$4            0.929      0.050     18.593      0.000
    MJS06$5            1.440      0.063     22.781      0.000
    MJS06$6            2.087      0.101     20.644      0.000
    MJS07$1            0.502      0.045     11.255      0.000
    MJS07$2            1.136      0.054     20.950      0.000
    MJS07$3            1.432      0.063     22.757      0.000
    MJS07$4            1.696      0.074     22.825      0.000
    MJS07$5            2.038      0.097     21.036      0.000
    MJS07$6            2.604      0.171     15.226      0.000
    MJS08$1           -0.377      0.044     -8.639      0.000
    MJS08$2            0.223      0.043      5.192      0.000
    MJS08$3            0.562      0.045     12.453      0.000
    MJS08$4            0.942      0.050     18.772      0.000
    MJS08$5            1.448      0.063     22.803      0.000
    MJS08$6            1.994      0.093     21.366      0.000
    MJS09$1           -1.898      0.086    -21.991      0.000
    MJS09$2           -1.241      0.057    -21.809      0.000
    MJS09$3           -0.589      0.045    -12.983      0.000
    MJS09$4            0.164      0.043      3.836      0.000
    MJS09$5            0.947      0.050     18.832      0.000
    MJS09$6            1.585      0.069     22.966      0.000
    MJS10$1           -1.832      0.082    -22.338      0.000
    MJS10$2           -1.205      0.056    -21.538      0.000
    MJS10$3           -0.610      0.046    -13.379      0.000
    MJS10$4            0.051      0.043      1.189      0.235
    MJS10$5            0.956      0.050     18.950      0.000
    MJS10$6            1.649      0.072     22.914      0.000
    MJS11$1           -0.938      0.050    -18.713      0.000
    MJS11$2           -0.310      0.043     -7.155      0.000
    MJS11$3            0.283      0.043      6.546      0.000
    MJS11$4            1.042      0.052     19.986      0.000
    MJS11$5            1.660      0.073     22.896      0.000
    MJS11$6            2.202      0.112     19.609      0.000
    MJS12$1           -2.113      0.103    -20.421      0.000
    MJS12$2           -1.760      0.078    -22.637      0.000
    MJS12$3           -1.293      0.058    -22.143      0.000
    MJS12$4           -0.722      0.047    -15.402      0.000
    MJS12$5            0.013      0.043      0.306      0.760
    MJS12$6            0.835      0.048     17.245      0.000
    MJS13$1           -2.062      0.099    -20.848      0.000
    MJS13$2           -1.817      0.081    -22.409      0.000
    MJS13$3           -1.348      0.060    -22.437      0.000
    MJS13$4           -0.881      0.049    -17.926      0.000
    MJS13$5           -0.232      0.043     -5.395      0.000
    MJS13$6            0.459      0.044     10.386      0.000
    MJS14$1           -1.994      0.093    -21.366      0.000
    MJS14$2           -1.499      0.065    -22.909      0.000
    MJS14$3           -1.175      0.055    -21.299      0.000
    MJS14$4           -0.603      0.045    -13.247      0.000
    MJS14$5           -0.132      0.043     -3.090      0.002
    MJS14$6            0.374      0.044      8.572      0.000
    MJS15$1           -1.575      0.069    -22.967      0.000
    MJS15$2           -0.974      0.051    -19.185      0.000
    MJS15$3           -0.456      0.044    -10.319      0.000
    MJS15$4            0.268      0.043      6.208      0.000
    MJS15$5            0.998      0.051     19.475      0.000
    MJS15$6            1.555      0.068     22.963      0.000
    MJS16$1           -1.042      0.052    -19.986      0.000
    MJS16$2           -0.412      0.044     -9.379      0.000
    MJS16$3            0.091      0.043      2.139      0.032
    MJS16$4            0.898      0.049     18.170      0.000
    MJS16$5            1.499      0.065     22.909      0.000
    MJS16$6            2.236      0.116     19.279      0.000
    MJS17$1            0.718      0.047     15.337      0.000
    MJS17$2            1.392      0.062     22.626      0.000
    MJS17$3            1.696      0.074     22.825      0.000
    MJS17$4            1.954      0.090     21.646      0.000
    MJS17$5            2.406      0.138     17.490      0.000
    MJS17$6            2.833      0.226     12.547      0.000
    MJS18$1            0.356      0.044      8.167      0.000
    MJS18$2            0.924      0.050     18.533      0.000
    MJS18$3            1.300      0.059     22.182      0.000
    MJS18$4            1.649      0.072     22.914      0.000
    MJS18$5            2.272      0.120     18.910      0.000
    MJS18$6            2.833      0.226     12.547      0.000
    MJS19$1           -0.852      0.049    -17.494      0.000
    MJS19$2           -0.170      0.043     -3.972      0.000
    MJS19$3            0.301      0.043      6.952      0.000
    MJS19$4            0.799      0.048     16.680      0.000
    MJS19$5            1.456      0.064     22.824      0.000
    MJS19$6            2.356      0.131     18.027      0.000
    MJS20$1           -0.152      0.043     -3.565      0.000
    MJS20$2            0.541      0.045     12.055      0.000
    MJS20$3            0.933      0.050     18.653      0.000
    MJS20$4            1.320      0.059     22.295      0.000
    MJS20$5            1.864      0.084     22.178      0.000
    MJS20$6            2.356      0.131     18.027      0.000
    MJS21$1           -0.152      0.043     -3.565      0.000
    MJS21$2            0.525      0.045     11.722      0.000
    MJS21$3            0.920      0.050     18.473      0.000
    MJS21$4            1.334      0.060     22.368      0.000
    MJS21$5            1.934      0.089     21.771      0.000
    MJS21$6            2.526      0.157     16.125      0.000
    MJS22$1           -0.942      0.050    -18.772      0.000
    MJS22$2           -0.247      0.043     -5.734      0.000
    MJS22$3            0.182      0.043      4.243      0.000
    MJS22$4            0.652      0.046     14.167      0.000
    MJS22$5            1.370      0.061     22.535      0.000
    MJS22$6            2.016      0.095     21.208      0.000
    MJS23$1           -0.555      0.045    -12.320      0.000
    MJS23$2            0.350      0.044      8.032      0.000
    MJS23$3            0.877      0.049     17.864      0.000
    MJS23$4            1.508      0.066     22.922      0.000
    MJS23$5            1.994      0.093     21.366      0.000
    MJS23$6            2.461      0.146     16.865      0.000
    MJS24$1            0.894      0.049     18.109      0.000
    MJS24$2            1.440      0.063     22.781      0.000
    MJS24$3            1.746      0.077     22.683      0.000
    MJS24$4            2.038      0.097     21.036      0.000
    MJS24$5            2.356      0.131     18.027      0.000
    MJS24$6            3.048      0.300     10.146      0.000

 Variances
    GENERAL            0.590      0.024     24.702      0.000


QUALITY OF NUMERICAL RESULTS

     Condition Number for the Information Matrix              0.202E-03
       (ratio of smallest to largest eigenvalue)


STANDARDIZED MODEL RESULTS


STDYX Standardization

                                                    Two-Tailed
                    Estimate       S.E.  Est./S.E.    P-Value

 GENERAL  BY
    MJS01              0.768      0.016     49.403      0.000
    MJS02              0.717      0.016     45.582      0.000
    MJS03              0.631      0.018     34.881      0.000
    MJS04              0.860      0.013     65.228      0.000
    MJS05              0.660      0.017     37.894      0.000
    MJS06              0.745      0.015     48.653      0.000
    MJS07              0.846      0.014     61.210      0.000
    MJS08              0.596      0.021     28.729      0.000
    MJS09              0.523      0.023     22.618      0.000
    MJS10              0.581      0.020     28.657      0.000
    MJS11              0.525      0.022     23.838      0.000
    MJS12              0.559      0.021     26.170      0.000
    MJS13              0.532      0.024     22.088      0.000
    MJS14              0.464      0.025     18.374      0.000
    MJS15              0.567      0.021     26.891      0.000
    MJS16              0.510      0.023     22.529      0.000
    MJS17              0.507      0.032     15.809      0.000
    MJS18              0.562      0.027     20.516      0.000
    MJS19              0.410      0.028     14.664      0.000
    MJS20              0.557      0.024     23.402      0.000
    MJS21              0.543      0.025     21.829      0.000
    MJS22              0.558      0.023     24.275      0.000
    MJS23              0.435      0.028     15.823      0.000
    MJS24              0.616      0.030     20.270      0.000

 Thresholds
    MJS01$1            0.123      0.043      2.886      0.004
    MJS01$2            0.903      0.050     18.231      0.000
    MJS01$3            1.260      0.057     21.938      0.000
    MJS01$4            1.473      0.064     22.862      0.000
    MJS01$5            2.087      0.101     20.644      0.000
    MJS01$6            2.701      0.192     14.087      0.000
    MJS02$1           -0.756      0.047    -15.980      0.000
    MJS02$2           -0.085      0.043     -2.004      0.045
    MJS02$3            0.377      0.044      8.639      0.000
    MJS02$4            0.799      0.048     16.680      0.000
    MJS02$5            1.320      0.059     22.295      0.000
    MJS02$6            1.954      0.090     21.646      0.000
    MJS03$1           -1.241      0.057    -21.809      0.000
    MJS03$2           -0.450      0.044    -10.185      0.000
    MJS03$3           -0.022      0.043     -0.509      0.610
    MJS03$4            0.405      0.044      9.245      0.000
    MJS03$5            1.057      0.052     20.152      0.000
    MJS03$6            1.802      0.080     22.473      0.000
    MJS04$1            0.402      0.044      9.177      0.000
    MJS04$2            1.017      0.052     19.704      0.000
    MJS04$3            1.313      0.059     22.258      0.000
    MJS04$4            1.627      0.071     22.941      0.000
    MJS04$5            1.954      0.090     21.646      0.000
    MJS04$6            2.701      0.192     14.087      0.000
    MJS05$1           -1.003      0.051    -19.533      0.000
    MJS05$2           -0.418      0.044     -9.514      0.000
    MJS05$3            0.059      0.043      1.392      0.164
    MJS05$4            0.437      0.044      9.917      0.000
    MJS05$5            0.993      0.051     19.418      0.000
    MJS05$6            1.708      0.075     22.795      0.000
    MJS06$1           -0.505      0.045    -11.322      0.000
    MJS06$2            0.123      0.043      2.886      0.004
    MJS06$3            0.525      0.045     11.722      0.000
    MJS06$4            0.929      0.050     18.593      0.000
    MJS06$5            1.440      0.063     22.781      0.000
    MJS06$6            2.087      0.101     20.644      0.000
    MJS07$1            0.502      0.045     11.255      0.000
    MJS07$2            1.136      0.054     20.950      0.000
    MJS07$3            1.432      0.063     22.757      0.000
    MJS07$4            1.696      0.074     22.825      0.000
    MJS07$5            2.038      0.097     21.036      0.000
    MJS07$6            2.604      0.171     15.226      0.000
    MJS08$1           -0.377      0.044     -8.639      0.000
    MJS08$2            0.223      0.043      5.192      0.000
    MJS08$3            0.562      0.045     12.453      0.000
    MJS08$4            0.942      0.050     18.772      0.000
    MJS08$5            1.448      0.063     22.803      0.000
    MJS08$6            1.994      0.093     21.366      0.000
    MJS09$1           -1.898      0.086    -21.991      0.000
    MJS09$2           -1.241      0.057    -21.809      0.000
    MJS09$3           -0.589      0.045    -12.983      0.000
    MJS09$4            0.164      0.043      3.836      0.000
    MJS09$5            0.947      0.050     18.832      0.000
    MJS09$6            1.585      0.069     22.966      0.000
    MJS10$1           -1.832      0.082    -22.338      0.000
    MJS10$2           -1.205      0.056    -21.538      0.000
    MJS10$3           -0.610      0.046    -13.379      0.000
    MJS10$4            0.051      0.043      1.189      0.235
    MJS10$5            0.956      0.050     18.950      0.000
    MJS10$6            1.649      0.072     22.914      0.000
    MJS11$1           -0.938      0.050    -18.713      0.000
    MJS11$2           -0.310      0.043     -7.155      0.000
    MJS11$3            0.283      0.043      6.546      0.000
    MJS11$4            1.042      0.052     19.986      0.000
    MJS11$5            1.660      0.073     22.896      0.000
    MJS11$6            2.202      0.112     19.609      0.000
    MJS12$1           -2.113      0.103    -20.421      0.000
    MJS12$2           -1.760      0.078    -22.637      0.000
    MJS12$3           -1.293      0.058    -22.143      0.000
    MJS12$4           -0.722      0.047    -15.402      0.000
    MJS12$5            0.013      0.043      0.306      0.760
    MJS12$6            0.835      0.048     17.245      0.000
    MJS13$1           -2.062      0.099    -20.848      0.000
    MJS13$2           -1.817      0.081    -22.409      0.000
    MJS13$3           -1.348      0.060    -22.437      0.000
    MJS13$4           -0.881      0.049    -17.926      0.000
    MJS13$5           -0.232      0.043     -5.395      0.000
    MJS13$6            0.459      0.044     10.386      0.000
    MJS14$1           -1.994      0.093    -21.366      0.000
    MJS14$2           -1.499      0.065    -22.909      0.000
    MJS14$3           -1.175      0.055    -21.299      0.000
    MJS14$4           -0.603      0.045    -13.247      0.000
    MJS14$5           -0.132      0.043     -3.090      0.002
    MJS14$6            0.374      0.044      8.572      0.000
    MJS15$1           -1.575      0.069    -22.967      0.000
    MJS15$2           -0.974      0.051    -19.185      0.000
    MJS15$3           -0.456      0.044    -10.319      0.000
    MJS15$4            0.268      0.043      6.208      0.000
    MJS15$5            0.998      0.051     19.475      0.000
    MJS15$6            1.555      0.068     22.963      0.000
    MJS16$1           -1.042      0.052    -19.986      0.000
    MJS16$2           -0.412      0.044     -9.379      0.000
    MJS16$3            0.091      0.043      2.139      0.032
    MJS16$4            0.898      0.049     18.170      0.000
    MJS16$5            1.499      0.065     22.909      0.000
    MJS16$6            2.236      0.116     19.279      0.000
    MJS17$1            0.718      0.047     15.337      0.000
    MJS17$2            1.392      0.062     22.626      0.000
    MJS17$3            1.696      0.074     22.825      0.000
    MJS17$4            1.954      0.090     21.646      0.000
    MJS17$5            2.406      0.138     17.490      0.000
    MJS17$6            2.833      0.226     12.547      0.000
    MJS18$1            0.356      0.044      8.167      0.000
    MJS18$2            0.924      0.050     18.533      0.000
    MJS18$3            1.300      0.059     22.182      0.000
    MJS18$4            1.649      0.072     22.914      0.000
    MJS18$5            2.272      0.120     18.910      0.000
    MJS18$6            2.833      0.226     12.547      0.000
    MJS19$1           -0.852      0.049    -17.494      0.000
    MJS19$2           -0.170      0.043     -3.972      0.000
    MJS19$3            0.301      0.043      6.952      0.000
    MJS19$4            0.799      0.048     16.680      0.000
    MJS19$5            1.456      0.064     22.824      0.000
    MJS19$6            2.356      0.131     18.027      0.000
    MJS20$1           -0.152      0.043     -3.565      0.000
    MJS20$2            0.541      0.045     12.055      0.000
    MJS20$3            0.933      0.050     18.653      0.000
    MJS20$4            1.320      0.059     22.295      0.000
    MJS20$5            1.864      0.084     22.178      0.000
    MJS20$6            2.356      0.131     18.027      0.000
    MJS21$1           -0.152      0.043     -3.565      0.000
    MJS21$2            0.525      0.045     11.722      0.000
    MJS21$3            0.920      0.050     18.473      0.000
    MJS21$4            1.334      0.060     22.368      0.000
    MJS21$5            1.934      0.089     21.771      0.000
    MJS21$6            2.526      0.157     16.125      0.000
    MJS22$1           -0.942      0.050    -18.772      0.000
    MJS22$2           -0.247      0.043     -5.734      0.000
    MJS22$3            0.182      0.043      4.243      0.000
    MJS22$4            0.652      0.046     14.167      0.000
    MJS22$5            1.370      0.061     22.535      0.000
    MJS22$6            2.016      0.095     21.208      0.000
    MJS23$1           -0.555      0.045    -12.320      0.000
    MJS23$2            0.350      0.044      8.032      0.000
    MJS23$3            0.877      0.049     17.864      0.000
    MJS23$4            1.508      0.066     22.922      0.000
    MJS23$5            1.994      0.093     21.366      0.000
    MJS23$6            2.461      0.146     16.865      0.000
    MJS24$1            0.894      0.049     18.109      0.000
    MJS24$2            1.440      0.063     22.781      0.000
    MJS24$3            1.746      0.077     22.683      0.000
    MJS24$4            2.038      0.097     21.036      0.000
    MJS24$5            2.356      0.131     18.027      0.000
    MJS24$6            3.048      0.300     10.146      0.000

 Variances
    GENERAL            1.000      0.000    999.000    999.000


R-SQUARE

    Observed                                        Two-Tailed   Residual
    Variable        Estimate       S.E.  Est./S.E.    P-Value    Variance

    MJS01              0.590      0.024     24.702      0.000      0.410
    MJS02              0.514      0.023     22.791      0.000      0.486
    MJS03              0.398      0.023     17.440      0.000      0.602
    MJS04              0.739      0.023     32.614      0.000      0.261
    MJS05              0.435      0.023     18.947      0.000      0.565
    MJS06              0.555      0.023     24.327      0.000      0.445
    MJS07              0.716      0.023     30.605      0.000      0.284
    MJS08              0.355      0.025     14.365      0.000      0.645
    MJS09              0.273      0.024     11.309      0.000      0.727
    MJS10              0.337      0.024     14.329      0.000      0.663
    MJS11              0.276      0.023     11.919      0.000      0.724
    MJS12              0.313      0.024     13.085      0.000      0.687
    MJS13              0.283      0.026     11.044      0.000      0.717
    MJS14              0.215      0.023      9.187      0.000      0.785
    MJS15              0.322      0.024     13.446      0.000      0.678
    MJS16              0.260      0.023     11.265      0.000      0.740
    MJS17              0.257      0.032      7.905      0.000      0.743
    MJS18              0.316      0.031     10.258      0.000      0.684
    MJS19              0.168      0.023      7.332      0.000      0.832
    MJS20              0.311      0.027     11.701      0.000      0.689
    MJS21              0.295      0.027     10.914      0.000      0.705
    MJS22              0.312      0.026     12.138      0.000      0.688
    MJS23              0.190      0.024      7.912      0.000      0.810
    MJS24              0.379      0.037     10.135      0.000      0.621


MODEL MODIFICATION INDICES

NOTE:  Modification indices for direct effects of observed dependent variables
regressed on covariates and residual covariances among observed dependent
variables may not be included.  To include these, request MODINDICES (ALL).

Minimum M.I. value for printing the modification index    10.000

                                   M.I.     E.P.C.  Std E.P.C.  StdYX E.P.C.

No modification indices above the minimum value.



     Beginning Time:  18:05:29
        Ending Time:  18:05:30
       Elapsed Time:  00:00:01



MUTHEN & MUTHEN
3463 Stoner Ave.
Los Angeles, CA  90066

Tel: (310) 391-9971
Fax: (310) 391-8971
Web: www.StatModel.com
Support: Support@StatModel.com

Copyright (c) 1998-2022 Muthen & Muthen
