Mplus VERSION 8.8 (Mac)
MUTHEN & MUTHEN
04/12/2023  10:23 AM

INPUT INSTRUCTIONS

  TITLE:   APIM MJS German

  DATA:
      FILE IS "Data_APIM.txt";



  VARIABLE:


    NAMES ARE Cogn_MT1 Emot_MT1 Beh_MT1
    Cogn_FT1 Emot_FT1 Beh_FT1
    Cogn_FT2 Emot_FT2 Beh_FT2
    Cogn_MT2 Emot_MT2 Beh_MT2
    Fasz_F Eng_F Sex_F Fut_F
    Mist_F Const_F
    Fasz_M Eng_M Sex_M Fut_M
    Mist_M Const_M;

    USEVAR Beh_MT1 Beh_FT1 Const_F
    Const_M;


  ANALYSIS:
    estimator=ml;
    bootstrap=5000;


  MODEL:
   Beh_FT1 ON Const_F (1);
   Beh_FT1 ON Const_M (2);
   Beh_MT1 ON Const_F (2);
   Beh_MT1 ON Const_M (1);

   Beh_FT1 with Beh_MT1;
   Const_M with Const_F;


  OUTPUT:
  cinterval (bootstrap) STDYX;



INPUT READING TERMINATED NORMALLY



APIM MJS German

SUMMARY OF ANALYSIS

Number of groups                                                 1
Number of observations                                          69

Number of dependent variables                                    2
Number of independent variables                                  2
Number of continuous latent variables                            0

Observed dependent variables

  Continuous
   BEH_MT1     BEH_FT1

Observed independent variables
   CONST_F     CONST_M


Estimator                                                       ML
Information matrix                                        OBSERVED
Maximum number of iterations                                  1000
Convergence criterion                                    0.500D-04
Maximum number of steepest descent iterations                   20
Number of bootstrap draws
    Requested                                                 5000
    Completed                                                 5000

Input data file(s)
  Data_APIM.txt

Input data format  FREE



UNIVARIATE SAMPLE STATISTICS


     UNIVARIATE HIGHER-ORDER MOMENT DESCRIPTIVE STATISTICS

         Variable/         Mean/     Skewness/   Minimum/ % with                Percentiles
        Sample Size      Variance    Kurtosis    Maximum  Min/Max      20%/60%    40%/80%    Median

     BEH_MT1               1.888       1.714       1.000    4.35%       1.250      1.500      1.750
              69.000       0.453       5.698       5.130    1.45%       1.880      2.500
     BEH_FT1               2.008       0.595       1.000    2.90%       1.380      1.630      1.880
              69.000       0.479      -0.520       3.750    1.45%       2.130      2.630
     CONST_F               1.557       1.233       1.000   30.43%       1.000      1.200      1.400
              69.000       0.365       0.881       3.400    1.45%       1.600      2.000
     CONST_M               1.728       0.781       1.000   17.39%       1.200      1.400      1.600
              69.000       0.428      -0.386       3.400    1.45%       1.800      2.200


THE MODEL ESTIMATION TERMINATED NORMALLY



MODEL FIT INFORMATION

Number of Free Parameters                       12

Loglikelihood

          H0 Value                        -268.405
          H1 Value                        -267.431

Information Criteria

          Akaike (AIC)                     560.810
          Bayesian (BIC)                   587.620
          Sample-Size Adjusted BIC         549.826
            (n* = (n + 2) / 24)

Chi-Square Test of Model Fit

          Value                              1.947
          Degrees of Freedom                     2
          P-Value                           0.3777

RMSEA (Root Mean Square Error Of Approximation)

          Estimate                           0.000
          90 Percent C.I.                    0.000  0.236
          Probability RMSEA <= .05           0.438

CFI/TLI

          CFI                                1.000
          TLI                                1.000

Chi-Square Test of Model Fit for the Baseline Model

          Value                             12.968
          Degrees of Freedom                     5
          P-Value                           0.0237

SRMR (Standardized Root Mean Square Residual)

          Value                              0.046



MODEL RESULTS

                                                    Two-Tailed
                    Estimate       S.E.  Est./S.E.    P-Value

 BEH_FT1  ON
    CONST_F            0.188      0.114      1.651      0.099
    CONST_M            0.130      0.124      1.046      0.295

 BEH_MT1  ON
    CONST_F            0.130      0.124      1.046      0.295
    CONST_M            0.188      0.114      1.651      0.099

 BEH_FT1  WITH
    BEH_MT1            0.103      0.077      1.327      0.184

 CONST_M  WITH
    CONST_F            0.064      0.056      1.152      0.249

 Means
    CONST_F            1.557      0.074     21.070      0.000
    CONST_M            1.728      0.078     22.030      0.000

 Intercepts
    BEH_MT1            1.362      0.275      4.946      0.000
    BEH_FT1            1.492      0.302      4.941      0.000

 Variances
    CONST_F            0.365      0.074      4.908      0.000
    CONST_M            0.428      0.065      6.561      0.000

 Residual Variances
    BEH_MT1            0.439      0.130      3.391      0.001
    BEH_FT1            0.445      0.061      7.266      0.000


STANDARDIZED MODEL RESULTS


STDYX Standardization

                                                    Two-Tailed
                    Estimate       S.E.  Est./S.E.    P-Value

 BEH_FT1  ON
    CONST_F            0.166      0.103      1.605      0.109
    CONST_M            0.124      0.112      1.107      0.268

 BEH_MT1  ON
    CONST_F            0.115      0.106      1.087      0.277
    CONST_M            0.180      0.098      1.844      0.065

 BEH_FT1  WITH
    BEH_MT1            0.232      0.153      1.516      0.130

 CONST_M  WITH
    CONST_F            0.162      0.135      1.205      0.228

 Means
    CONST_F            2.576      0.215     11.960      0.000
    CONST_M            2.641      0.169     15.622      0.000

 Intercepts
    BEH_MT1            2.000      0.705      2.836      0.005
    BEH_FT1            2.181      0.536      4.067      0.000

 Variances
    CONST_F            1.000      0.000    999.000    999.000
    CONST_M            1.000      0.000    999.000    999.000

 Residual Variances
    BEH_MT1            0.948      0.047     20.213      0.000
    BEH_FT1            0.950      0.056     16.838      0.000


R-SQUARE

    Observed                                        Two-Tailed
    Variable        Estimate       S.E.  Est./S.E.    P-Value

    BEH_MT1            0.052      0.047      1.119      0.263
    BEH_FT1            0.050      0.056      0.877      0.380


CONFIDENCE INTERVALS OF MODEL RESULTS

                  Lower .5%  Lower 2.5%    Lower 5%    Estimate    Upper 5%  Upper 2.5%   Upper .5%

 BEH_FT1  ON
    CONST_F         -0.102      -0.033       0.000       0.188       0.374       0.411       0.494
    CONST_M         -0.193      -0.120      -0.084       0.130       0.325       0.366       0.455

 BEH_MT1  ON
    CONST_F         -0.193      -0.120      -0.084       0.130       0.325       0.366       0.455
    CONST_M         -0.102      -0.033       0.000       0.188       0.374       0.411       0.494

 BEH_FT1  WITH
    BEH_MT1         -0.071      -0.039      -0.020       0.103       0.233       0.258       0.315

 CONST_M  WITH
    CONST_F         -0.069      -0.039      -0.024       0.064       0.158       0.181       0.224

 Means
    CONST_F          1.371       1.414       1.438       1.557       1.678       1.707       1.748
    CONST_M          1.530       1.577       1.600       1.728       1.858       1.881       1.939

 Intercepts
    BEH_MT1          0.650       0.845       0.934       1.362       1.834       1.925       2.106
    BEH_FT1          0.697       0.915       1.010       1.492       2.002       2.089       2.278

 Variances
    CONST_F          0.183       0.220       0.239       0.365       0.486       0.511       0.550
    CONST_M          0.255       0.299       0.317       0.428       0.530       0.549       0.591

 Residual Variances
    BEH_MT1          0.203       0.234       0.247       0.439       0.656       0.709       0.817
    BEH_FT1          0.280       0.312       0.331       0.445       0.533       0.553       0.589


CONFIDENCE INTERVALS OF STANDARDIZED MODEL RESULTS


STDYX Standardization

                  Lower .5%  Lower 2.5%    Lower 5%    Estimate    Upper 5%  Upper 2.5%   Upper .5%

 BEH_FT1  ON
    CONST_F         -0.084      -0.027       0.000       0.166       0.341       0.370       0.432
    CONST_M         -0.189      -0.124      -0.085       0.124       0.288       0.316       0.380

 BEH_MT1  ON
    CONST_F         -0.183      -0.117      -0.079       0.115       0.272       0.302       0.359
    CONST_M         -0.134      -0.041       0.000       0.180       0.318       0.345       0.400

 BEH_FT1  WITH
    BEH_MT1         -0.216      -0.121      -0.063       0.232       0.444       0.476       0.540

 CONST_M  WITH
    CONST_F         -0.204      -0.113      -0.070       0.162       0.373       0.413       0.494

 Means
    CONST_F          2.204       2.280       2.326       2.576       3.029       3.108       3.320
    CONST_M          2.302       2.381       2.421       2.641       2.972       3.043       3.214

 Intercepts
    BEH_MT1          0.731       1.015       1.149       2.000       3.447       3.703       4.245
    BEH_FT1          0.869       1.205       1.381       2.181       3.133       3.300       3.649

 Variances
    CONST_F          1.000       1.000       1.000       1.000       1.000       1.000       1.000
    CONST_M          1.000       1.000       1.000       1.000       1.000       1.000       1.000

 Residual Variances
    BEH_MT1          0.769       0.822       0.846       0.948       0.993       0.996       0.999
    BEH_FT1          0.720       0.796       0.820       0.950       0.995       0.998       0.999


     Beginning Time:  10:23:55
        Ending Time:  10:23:59
       Elapsed Time:  00:00:04



MUTHEN & MUTHEN
3463 Stoner Ave.
Los Angeles, CA  90066

Tel: (310) 391-9971
Fax: (310) 391-8971
Web: www.StatModel.com
Support: Support@StatModel.com

Copyright (c) 1998-2022 Muthen & Muthen
