Mplus VERSION 8.8 (Mac)
MUTHEN & MUTHEN
04/08/2023   1:36 PM

INPUT INSTRUCTIONS

  TITLE:   APIM MJS German

  DATA:
      FILE IS "Data_APIM.txt";



  VARIABLE:


    NAMES ARE Cogn_MT1 Emot_MT1 Beh_MT1
    Cogn_FT1 Emot_FT1 Beh_FT1
    Cogn_FT2 Emot_FT2 Beh_FT2
    Cogn_MT2 Emot_MT2 Beh_MT2
    Fasz_F Eng_F Sex_F Fut_F
    Mist_F Const_F
    Fasz_M Eng_M Sex_M Fut_M
    Mist_M Const_M;

    USEVAR Beh_MT1 Beh_FT1 Mist_F
    Mist_M;


  ANALYSIS:
    estimator=ml;
    bootstrap=5000;


  MODEL:
   Beh_FT1 ON Mist_F (1);
   Beh_FT1 ON Mist_M (2);
   Beh_MT1 ON Mist_F (2);
   Beh_MT1 ON Mist_M (1);

   Beh_FT1 with Beh_MT1;
   Mist_M with Mist_F;


  OUTPUT:
  cinterval (bootstrap) STDYX;



INPUT READING TERMINATED NORMALLY



APIM MJS German

SUMMARY OF ANALYSIS

Number of groups                                                 1
Number of observations                                          69

Number of dependent variables                                    2
Number of independent variables                                  2
Number of continuous latent variables                            0

Observed dependent variables

  Continuous
   BEH_MT1     BEH_FT1

Observed independent variables
   MIST_F      MIST_M


Estimator                                                       ML
Information matrix                                        OBSERVED
Maximum number of iterations                                  1000
Convergence criterion                                    0.500D-04
Maximum number of steepest descent iterations                   20
Number of bootstrap draws
    Requested                                                 5000
    Completed                                                 5000

Input data file(s)
  Data_APIM.txt

Input data format  FREE



UNIVARIATE SAMPLE STATISTICS


     UNIVARIATE HIGHER-ORDER MOMENT DESCRIPTIVE STATISTICS

         Variable/         Mean/     Skewness/   Minimum/ % with                Percentiles
        Sample Size      Variance    Kurtosis    Maximum  Min/Max      20%/60%    40%/80%    Median

     BEH_MT1               1.888       1.714       1.000    4.35%       1.250      1.500      1.750
              69.000       0.453       5.698       5.130    1.45%       1.880      2.500
     BEH_FT1               2.008       0.595       1.000    2.90%       1.380      1.630      1.880
              69.000       0.479      -0.520       3.750    1.45%       2.130      2.630
     MIST_F                1.527       2.019       1.000   50.72%       1.000      1.000      1.000
              69.000       0.701       3.487       4.670    1.45%       1.330      1.670
     MIST_M                1.406       2.287       1.000   50.72%       1.000      1.000      1.000
              69.000       0.364       6.046       4.000    1.45%       1.330      1.670


THE MODEL ESTIMATION TERMINATED NORMALLY



MODEL FIT INFORMATION

Number of Free Parameters                       12

Loglikelihood

          H0 Value                        -280.404
          H1 Value                        -279.318

Information Criteria

          Akaike (AIC)                     584.809
          Bayesian (BIC)                   611.618
          Sample-Size Adjusted BIC         573.824
            (n* = (n + 2) / 24)

Chi-Square Test of Model Fit

          Value                              2.172
          Degrees of Freedom                     2
          P-Value                           0.3375

RMSEA (Root Mean Square Error Of Approximation)

          Estimate                           0.035
          90 Percent C.I.                    0.000  0.244
          Probability RMSEA <= .05           0.398

CFI/TLI

          CFI                                0.991
          TLI                                0.978

Chi-Square Test of Model Fit for the Baseline Model

          Value                             24.918
          Degrees of Freedom                     5
          P-Value                           0.0001

SRMR (Standardized Root Mean Square Residual)

          Value                              0.044



MODEL RESULTS

                                                    Two-Tailed
                    Estimate       S.E.  Est./S.E.    P-Value

 BEH_FT1  ON
    MIST_F             0.321      0.071      4.543      0.000
    MIST_M             0.048      0.081      0.591      0.554

 BEH_MT1  ON
    MIST_F             0.048      0.081      0.591      0.554
    MIST_M             0.321      0.071      4.543      0.000

 BEH_FT1  WITH
    BEH_MT1            0.108      0.073      1.475      0.140

 MIST_M   WITH
    MIST_F             0.012      0.054      0.219      0.827

 Means
    MIST_F             1.527      0.101     15.176      0.000
    MIST_M             1.406      0.073     19.221      0.000

 Intercepts
    BEH_MT1            1.363      0.166      8.206      0.000
    BEH_FT1            1.451      0.199      7.291      0.000

 Variances
    MIST_F             0.701      0.193      3.626      0.000
    MIST_M             0.364      0.123      2.950      0.003

 Residual Variances
    BEH_MT1            0.411      0.130      3.167      0.002
    BEH_FT1            0.407      0.061      6.713      0.000


STANDARDIZED MODEL RESULTS


STDYX Standardization

                                                    Two-Tailed
                    Estimate       S.E.  Est./S.E.    P-Value

 BEH_FT1  ON
    MIST_F             0.388      0.094      4.108      0.000
    MIST_M             0.042      0.066      0.629      0.530

 BEH_MT1  ON
    MIST_F             0.060      0.095      0.627      0.531
    MIST_M             0.289      0.064      4.524      0.000

 BEH_FT1  WITH
    BEH_MT1            0.263      0.150      1.758      0.079

 MIST_M   WITH
    MIST_F             0.023      0.116      0.202      0.840

 Means
    MIST_F             1.823      0.201      9.092      0.000
    MIST_M             2.330      0.378      6.162      0.000

 Intercepts
    BEH_MT1            2.030      0.508      3.996      0.000
    BEH_FT1            2.093      0.375      5.575      0.000

 Variances
    MIST_F             1.000      0.000    999.000    999.000
    MIST_M             1.000      0.000    999.000    999.000

 Residual Variances
    BEH_MT1            0.912      0.038     23.869      0.000
    BEH_FT1            0.847      0.072     11.699      0.000


R-SQUARE

    Observed                                        Two-Tailed
    Variable        Estimate       S.E.  Est./S.E.    P-Value

    BEH_MT1            0.088      0.038      2.292      0.022
    BEH_FT1            0.153      0.072      2.110      0.035


CONFIDENCE INTERVALS OF MODEL RESULTS

                  Lower .5%  Lower 2.5%    Lower 5%    Estimate    Upper 5%  Upper 2.5%   Upper .5%

 BEH_FT1  ON
    MIST_F           0.129       0.177       0.203       0.321       0.434       0.458       0.502
    MIST_M          -0.164      -0.105      -0.083       0.048       0.181       0.211       0.276

 BEH_MT1  ON
    MIST_F          -0.164      -0.105      -0.083       0.048       0.181       0.211       0.276
    MIST_M           0.129       0.177       0.203       0.321       0.434       0.458       0.502

 BEH_FT1  WITH
    BEH_MT1         -0.056      -0.026      -0.009       0.108       0.230       0.256       0.308

 MIST_M   WITH
    MIST_F          -0.117      -0.090      -0.074       0.012       0.104       0.123       0.157

 Means
    MIST_F           1.299       1.339       1.367       1.527       1.696       1.735       1.807
    MIST_M           1.237       1.276       1.295       1.406       1.532       1.557       1.619

 Intercepts
    BEH_MT1          0.912       1.030       1.096       1.363       1.636       1.693       1.804
    BEH_FT1          0.920       1.055       1.125       1.451       1.780       1.839       1.974

 Variances
    MIST_F           0.257       0.339       0.381       0.701       1.021       1.087       1.225
    MIST_M           0.112       0.143       0.168       0.364       0.576       0.629       0.731

 Residual Variances
    BEH_MT1          0.189       0.212       0.225       0.411       0.637       0.689       0.787
    BEH_FT1          0.251       0.284       0.302       0.407       0.499       0.521       0.558


CONFIDENCE INTERVALS OF STANDARDIZED MODEL RESULTS


STDYX Standardization

                  Lower .5%  Lower 2.5%    Lower 5%    Estimate    Upper 5%  Upper 2.5%   Upper .5%

 BEH_FT1  ON
    MIST_F           0.132       0.190       0.221       0.388       0.532       0.558       0.606
    MIST_M          -0.136      -0.097      -0.073       0.042       0.144       0.163       0.203

 BEH_MT1  ON
    MIST_F          -0.210      -0.144      -0.110       0.060       0.201       0.226       0.281
    MIST_M           0.133       0.169       0.187       0.289       0.394       0.416       0.455

 BEH_FT1  WITH
    BEH_MT1         -0.195      -0.087      -0.030       0.263       0.464       0.493       0.551

 MIST_M   WITH
    MIST_F          -0.228      -0.173      -0.145       0.023       0.234       0.284       0.366

 Means
    MIST_F           1.546       1.595       1.631       1.823       2.258       2.371       2.629
    MIST_M           1.819       1.906       1.968       2.330       3.213       3.441       3.773

 Intercepts
    BEH_MT1          1.046       1.275       1.393       2.030       3.022       3.161       3.437
    BEH_FT1          1.173       1.433       1.531       2.093       2.763       2.884       3.133

 Variances
    MIST_F           1.000       1.000       1.000       1.000       1.000       1.000       1.000
    MIST_M           1.000       1.000       1.000       1.000       1.000       1.000       1.000

 Residual Variances
    BEH_MT1          0.774       0.815       0.833       0.912       0.956       0.963       0.976
    BEH_FT1          0.625       0.678       0.708       0.847       0.946       0.958       0.977


     Beginning Time:  13:36:52
        Ending Time:  13:36:56
       Elapsed Time:  00:00:04



MUTHEN & MUTHEN
3463 Stoner Ave.
Los Angeles, CA  90066

Tel: (310) 391-9971
Fax: (310) 391-8971
Web: www.StatModel.com
Support: Support@StatModel.com

Copyright (c) 1998-2022 Muthen & Muthen
