Mplus VERSION 8.8 (Mac)
MUTHEN & MUTHEN
04/08/2023   1:36 PM

INPUT INSTRUCTIONS

  TITLE:   APIM MJS German

  DATA:
      FILE IS "Data_APIM.txt";



  VARIABLE:


    NAMES ARE Cogn_MT1 Emot_MT1 Beh_MT1
    Cogn_FT1 Emot_FT1 Beh_FT1
    Cogn_FT2 Emot_FT2 Beh_FT2
    Cogn_MT2 Emot_MT2 Beh_MT2
    Fasz_F Eng_F Sex_F Fut_F
    Mist_F Const_F
    Fasz_M Eng_M Sex_M Fut_M
    Mist_M Const_M;

    USEVAR Beh_MT1 Beh_FT1 Fut_F
    Fut_M;


  ANALYSIS:
    estimator=ml;
    bootstrap=5000;


  MODEL:
   Beh_FT1 ON Fut_F (1);
   Beh_FT1 ON Fut_M (2);
   Beh_MT1 ON Fut_F (2);
   Beh_MT1 ON Fut_M (1);

   Beh_FT1 with Beh_MT1;
   Fut_M with Fut_F;


  OUTPUT:
  cinterval (bootstrap) STDYX;



INPUT READING TERMINATED NORMALLY



APIM MJS German

SUMMARY OF ANALYSIS

Number of groups                                                 1
Number of observations                                          69

Number of dependent variables                                    2
Number of independent variables                                  2
Number of continuous latent variables                            0

Observed dependent variables

  Continuous
   BEH_MT1     BEH_FT1

Observed independent variables
   FUT_F       FUT_M


Estimator                                                       ML
Information matrix                                        OBSERVED
Maximum number of iterations                                  1000
Convergence criterion                                    0.500D-04
Maximum number of steepest descent iterations                   20
Number of bootstrap draws
    Requested                                                 5000
    Completed                                                 5000

Input data file(s)
  Data_APIM.txt

Input data format  FREE



UNIVARIATE SAMPLE STATISTICS


     UNIVARIATE HIGHER-ORDER MOMENT DESCRIPTIVE STATISTICS

         Variable/         Mean/     Skewness/   Minimum/ % with                Percentiles
        Sample Size      Variance    Kurtosis    Maximum  Min/Max      20%/60%    40%/80%    Median

     BEH_MT1               1.888       1.714       1.000    4.35%       1.250      1.500      1.750
              69.000       0.453       5.698       5.130    1.45%       1.880      2.500
     BEH_FT1               2.008       0.595       1.000    2.90%       1.380      1.630      1.880
              69.000       0.479      -0.520       3.750    1.45%       2.130      2.630
     FUT_F                 4.771      -1.416       3.800    2.90%       4.400      5.000      5.000
              69.000       0.135       0.519       5.000   62.32%       5.000      5.000
     FUT_M                 4.690      -1.554       3.200    1.45%       4.400      4.800      5.000
              69.000       0.231       1.368       5.000   59.42%       5.000      5.000


THE MODEL ESTIMATION TERMINATED NORMALLY



MODEL FIT INFORMATION

Number of Free Parameters                       12

Loglikelihood

          H0 Value                        -210.360
          H1 Value                        -209.697

Information Criteria

          Akaike (AIC)                     444.719
          Bayesian (BIC)                   471.528
          Sample-Size Adjusted BIC         433.735
            (n* = (n + 2) / 24)

Chi-Square Test of Model Fit

          Value                              1.326
          Degrees of Freedom                     2
          P-Value                           0.5154

RMSEA (Root Mean Square Error Of Approximation)

          Estimate                           0.000
          90 Percent C.I.                    0.000  0.211
          Probability RMSEA <= .05           0.571

CFI/TLI

          CFI                                1.000
          TLI                                1.000

Chi-Square Test of Model Fit for the Baseline Model

          Value                             10.834
          Degrees of Freedom                     5
          P-Value                           0.0548

SRMR (Standardized Root Mean Square Residual)

          Value                              0.037



MODEL RESULTS

                                                    Two-Tailed
                    Estimate       S.E.  Est./S.E.    P-Value

 BEH_FT1  ON
    FUT_F             -0.275      0.176     -1.558      0.119
    FUT_M              0.082      0.184      0.446      0.656

 BEH_MT1  ON
    FUT_F              0.082      0.184      0.446      0.656
    FUT_M             -0.275      0.176     -1.558      0.119

 BEH_FT1  WITH
    BEH_MT1            0.129      0.086      1.491      0.136

 FUT_M    WITH
    FUT_F              0.059      0.024      2.465      0.014

 Means
    FUT_F              4.771      0.044    107.307      0.000
    FUT_M              4.690      0.059     80.064      0.000

 Intercepts
    BEH_MT1            2.785      1.163      2.395      0.017
    BEH_FT1            2.934      1.139      2.576      0.010

 Variances
    FUT_F              0.135      0.026      5.263      0.000
    FUT_M              0.231      0.051      4.542      0.000

 Residual Variances
    BEH_MT1            0.448      0.146      3.063      0.002
    BEH_FT1            0.459      0.066      6.913      0.000


STANDARDIZED MODEL RESULTS


STDYX Standardization

                                                    Two-Tailed
                    Estimate       S.E.  Est./S.E.    P-Value

 BEH_FT1  ON
    FUT_F             -0.147      0.096     -1.532      0.125
    FUT_M              0.058      0.128      0.452      0.651

 BEH_MT1  ON
    FUT_F              0.044      0.105      0.422      0.673
    FUT_M             -0.194      0.117     -1.660      0.097

 BEH_FT1  WITH
    BEH_MT1            0.284      0.156      1.824      0.068

 FUT_M    WITH
    FUT_F              0.336      0.118      2.862      0.004

 Means
    FUT_F             12.994      1.535      8.467      0.000
    FUT_M              9.751      1.340      7.277      0.000

 Intercepts
    BEH_MT1            4.088      1.437      2.845      0.004
    BEH_FT1            4.291      1.523      2.816      0.005

 Variances
    FUT_F              1.000      0.000    999.000    999.000
    FUT_M              1.000      0.000    999.000    999.000

 Residual Variances
    BEH_MT1            0.966      0.042     23.087      0.000
    BEH_FT1            0.981      0.036     27.581      0.000


R-SQUARE

    Observed                                        Two-Tailed
    Variable        Estimate       S.E.  Est./S.E.    P-Value

    BEH_MT1            0.034      0.042      0.808      0.419
    BEH_FT1            0.019      0.036      0.544      0.586


CONFIDENCE INTERVALS OF MODEL RESULTS

                  Lower .5%  Lower 2.5%    Lower 5%    Estimate    Upper 5%  Upper 2.5%   Upper .5%

 BEH_FT1  ON
    FUT_F           -0.740      -0.615      -0.559      -0.275       0.018       0.082       0.195
    FUT_M           -0.479      -0.326      -0.238       0.082       0.361       0.405       0.511

 BEH_MT1  ON
    FUT_F           -0.479      -0.326      -0.238       0.082       0.361       0.405       0.511
    FUT_M           -0.740      -0.615      -0.559      -0.275       0.018       0.082       0.195

 BEH_FT1  WITH
    BEH_MT1         -0.054      -0.022      -0.006       0.129       0.276       0.307       0.379

 FUT_M    WITH
    FUT_F            0.005       0.015       0.021       0.059       0.100       0.108       0.124

 Means
    FUT_F            4.649       4.681       4.696       4.771       4.841       4.855       4.878
    FUT_M            4.525       4.571       4.588       4.690       4.783       4.797       4.826

 Intercepts
    BEH_MT1         -0.005       0.649       0.930       2.785       4.803       5.185       6.143
    BEH_FT1          0.171       0.841       1.130       2.934       4.882       5.309       6.233

 Variances
    FUT_F            0.064       0.082       0.090       0.135       0.175       0.181       0.195
    FUT_M            0.104       0.131       0.145       0.231       0.315       0.331       0.360

 Residual Variances
    BEH_MT1          0.193       0.225       0.240       0.448       0.701       0.760       0.887
    BEH_FT1          0.286       0.319       0.337       0.459       0.556       0.577       0.623


CONFIDENCE INTERVALS OF STANDARDIZED MODEL RESULTS


STDYX Standardization

                  Lower .5%  Lower 2.5%    Lower 5%    Estimate    Upper 5%  Upper 2.5%   Upper .5%

 BEH_FT1  ON
    FUT_F           -0.395      -0.337      -0.304      -0.147       0.009       0.042       0.101
    FUT_M           -0.259      -0.188      -0.145       0.058       0.276       0.310       0.385

 BEH_MT1  ON
    FUT_F           -0.242      -0.161      -0.123       0.044       0.218       0.254       0.322
    FUT_M           -0.452      -0.392      -0.365      -0.194       0.015       0.069       0.153

 BEH_FT1  WITH
    BEH_MT1         -0.170      -0.071      -0.016       0.284       0.496       0.530       0.589

 FUT_M    WITH
    FUT_F            0.036       0.103       0.135       0.336       0.524       0.557       0.616

 Means
    FUT_F           10.577      11.026      11.258      12.994      16.118      16.874      19.048
    FUT_M            7.577       7.985       8.224       9.751      12.519      13.212      14.880

 Intercepts
    BEH_MT1         -0.010       1.205       1.688       4.088       6.419       6.925       7.848
    BEH_FT1          0.259       1.269       1.716       4.291       6.753       7.243       8.215

 Variances
    FUT_F            1.000       1.000       1.000       1.000       1.000       1.000       1.000
    FUT_M            1.000       1.000       1.000       1.000       1.000       1.000       1.000

 Residual Variances
    BEH_MT1          0.792       0.844       0.865       0.966       0.995       0.998       0.999
    BEH_FT1          0.821       0.864       0.889       0.981       0.996       0.998       1.000


     Beginning Time:  13:36:07
        Ending Time:  13:36:11
       Elapsed Time:  00:00:04



MUTHEN & MUTHEN
3463 Stoner Ave.
Los Angeles, CA  90066

Tel: (310) 391-9971
Fax: (310) 391-8971
Web: www.StatModel.com
Support: Support@StatModel.com

Copyright (c) 1998-2022 Muthen & Muthen
