Mplus VERSION 8.8 (Mac)
MUTHEN & MUTHEN
04/08/2023   1:34 PM

INPUT INSTRUCTIONS

  TITLE:   APIM MJS German

  DATA:
      FILE IS "Data_APIM.txt";



  VARIABLE:


    NAMES ARE Cogn_MT1 Emot_MT1 Beh_MT1
    Cogn_FT1 Emot_FT1 Beh_FT1
    Cogn_FT2 Emot_FT2 Beh_FT2
    Cogn_MT2 Emot_MT2 Beh_MT2
    Fasz_F Eng_F Sex_F Fut_F
    Mist_F Const_F
    Fasz_M Eng_M Sex_M Fut_M
    Mist_M Const_M;

    USEVAR Beh_MT1 Beh_FT1 Eng_F
    Eng_M;


  ANALYSIS:
    estimator=ml;
    bootstrap=5000;


  MODEL:
   Beh_FT1 ON Eng_F (1);
   Beh_FT1 ON Eng_M (2);
   Beh_MT1 ON Eng_F (2);
   Beh_MT1 ON Eng_M (1);

   Beh_FT1 with Beh_MT1;
   Eng_M with Eng_F;


  OUTPUT:
  cinterval (bootstrap) STDYX;



INPUT READING TERMINATED NORMALLY



APIM MJS German

SUMMARY OF ANALYSIS

Number of groups                                                 1
Number of observations                                          69

Number of dependent variables                                    2
Number of independent variables                                  2
Number of continuous latent variables                            0

Observed dependent variables

  Continuous
   BEH_MT1     BEH_FT1

Observed independent variables
   ENG_F       ENG_M


Estimator                                                       ML
Information matrix                                        OBSERVED
Maximum number of iterations                                  1000
Convergence criterion                                    0.500D-04
Maximum number of steepest descent iterations                   20
Number of bootstrap draws
    Requested                                                 5000
    Completed                                                 5000

Input data file(s)
  Data_APIM.txt

Input data format  FREE



UNIVARIATE SAMPLE STATISTICS


     UNIVARIATE HIGHER-ORDER MOMENT DESCRIPTIVE STATISTICS

         Variable/         Mean/     Skewness/   Minimum/ % with                Percentiles
        Sample Size      Variance    Kurtosis    Maximum  Min/Max      20%/60%    40%/80%    Median

     BEH_MT1               1.888       1.714       1.000    4.35%       1.250      1.500      1.750
              69.000       0.453       5.698       5.130    1.45%       1.880      2.500
     BEH_FT1               2.008       0.595       1.000    2.90%       1.380      1.630      1.880
              69.000       0.479      -0.520       3.750    1.45%       2.130      2.630
     ENG_F                 4.449      -0.832       2.800    1.45%       4.000      4.400      4.600
              69.000       0.249       0.468       5.000   26.09%       4.600      5.000
     ENG_M                 4.467      -0.967       2.800    1.45%       4.000      4.400      4.600
              69.000       0.244       0.998       5.000   26.09%       4.800      5.000


THE MODEL ESTIMATION TERMINATED NORMALLY



MODEL FIT INFORMATION

Number of Free Parameters                       12

Loglikelihood

          H0 Value                        -239.020
          H1 Value                        -238.388

Information Criteria

          Akaike (AIC)                     502.041
          Bayesian (BIC)                   528.850
          Sample-Size Adjusted BIC         491.056
            (n* = (n + 2) / 24)

Chi-Square Test of Model Fit

          Value                              1.264
          Degrees of Freedom                     2
          P-Value                           0.5314

RMSEA (Root Mean Square Error Of Approximation)

          Estimate                           0.000
          90 Percent C.I.                    0.000  0.209
          Probability RMSEA <= .05           0.586

CFI/TLI

          CFI                                1.000
          TLI                                1.000

Chi-Square Test of Model Fit for the Baseline Model

          Value                              7.104
          Degrees of Freedom                     5
          P-Value                           0.2130

SRMR (Standardized Root Mean Square Residual)

          Value                              0.040



MODEL RESULTS

                                                    Two-Tailed
                    Estimate       S.E.  Est./S.E.    P-Value

 BEH_FT1  ON
    ENG_F             -0.008      0.114     -0.068      0.946
    ENG_M             -0.093      0.107     -0.864      0.388

 BEH_MT1  ON
    ENG_F             -0.093      0.107     -0.864      0.388
    ENG_M             -0.008      0.114     -0.068      0.946

 BEH_FT1  WITH
    BEH_MT1            0.125      0.095      1.315      0.189

 ENG_M    WITH
    ENG_F             -0.023      0.028     -0.818      0.413

 Means
    ENG_F              4.449      0.061     73.335      0.000
    ENG_M              4.467      0.061     73.703      0.000

 Intercepts
    BEH_MT1            2.334      0.736      3.171      0.002
    BEH_FT1            2.456      0.738      3.327      0.001

 Variances
    ENG_F              0.249      0.046      5.366      0.000
    ENG_M              0.244      0.051      4.812      0.000

 Residual Variances
    BEH_MT1            0.456      0.155      2.950      0.003
    BEH_FT1            0.471      0.068      6.891      0.000


STANDARDIZED MODEL RESULTS


STDYX Standardization

                                                    Two-Tailed
                    Estimate       S.E.  Est./S.E.    P-Value

 BEH_FT1  ON
    ENG_F             -0.006      0.082     -0.068      0.946
    ENG_M             -0.067      0.078     -0.856      0.392

 BEH_MT1  ON
    ENG_F             -0.068      0.079     -0.861      0.389
    ENG_M             -0.006      0.085     -0.067      0.947

 BEH_FT1  WITH
    BEH_MT1            0.270      0.163      1.660      0.097

 ENG_M    WITH
    ENG_F             -0.093      0.115     -0.815      0.415

 Means
    ENG_F              8.924      0.960      9.294      0.000
    ENG_M              9.038      1.067      8.473      0.000

 Intercepts
    BEH_MT1            3.447      1.080      3.191      0.001
    BEH_FT1            3.571      1.036      3.446      0.001

 Variances
    ENG_F              1.000      0.000    999.000    999.000
    ENG_M              1.000      0.000    999.000    999.000

 Residual Variances
    BEH_MT1            0.995      0.018     53.889      0.000
    BEH_FT1            0.996      0.018     56.669      0.000


R-SQUARE

    Observed                                        Two-Tailed
    Variable        Estimate       S.E.  Est./S.E.    P-Value

    BEH_MT1            0.005      0.018      0.249      0.803
    BEH_FT1            0.004      0.018      0.250      0.803


CONFIDENCE INTERVALS OF MODEL RESULTS

                  Lower .5%  Lower 2.5%    Lower 5%    Estimate    Upper 5%  Upper 2.5%   Upper .5%

 BEH_FT1  ON
    ENG_F           -0.344      -0.258      -0.213      -0.008       0.162       0.191       0.247
    ENG_M           -0.391      -0.315      -0.277      -0.093       0.076       0.109       0.168

 BEH_MT1  ON
    ENG_F           -0.391      -0.315      -0.277      -0.093       0.076       0.109       0.168
    ENG_M           -0.344      -0.258      -0.213      -0.008       0.162       0.191       0.247

 BEH_FT1  WITH
    BEH_MT1         -0.061      -0.030      -0.014       0.125       0.292       0.336       0.418

 ENG_M    WITH
    ENG_F           -0.094      -0.078      -0.068      -0.023       0.024       0.033       0.049

 Means
    ENG_F            4.287       4.328       4.348       4.449       4.551       4.568       4.603
    ENG_M            4.299       4.342       4.365       4.467       4.565       4.580       4.612

 Intercepts
    BEH_MT1          0.672       1.068       1.257       2.334       3.680       3.966       4.566
    BEH_FT1          0.779       1.173       1.372       2.456       3.769       4.106       4.646

 Variances
    ENG_F            0.143       0.162       0.173       0.249       0.325       0.340       0.376
    ENG_M            0.135       0.154       0.164       0.244       0.331       0.348       0.389

 Residual Variances
    BEH_MT1          0.203       0.239       0.253       0.456       0.740       0.796       0.940
    BEH_FT1          0.291       0.329       0.346       0.471       0.570       0.593       0.645


CONFIDENCE INTERVALS OF STANDARDIZED MODEL RESULTS


STDYX Standardization

                  Lower .5%  Lower 2.5%    Lower 5%    Estimate    Upper 5%  Upper 2.5%   Upper .5%

 BEH_FT1  ON
    ENG_F           -0.237      -0.181      -0.149      -0.006       0.123       0.142       0.185
    ENG_M           -0.290      -0.232      -0.203      -0.067       0.055       0.078       0.124

 BEH_MT1  ON
    ENG_F           -0.284      -0.229      -0.203      -0.068       0.057       0.077       0.132
    ENG_M           -0.206      -0.162      -0.137      -0.006       0.144       0.176       0.236

 BEH_FT1  WITH
    BEH_MT1         -0.189      -0.094      -0.040       0.270       0.497       0.536       0.599

 ENG_M    WITH
    ENG_F           -0.365      -0.304      -0.271      -0.093       0.106       0.144       0.220

 Means
    ENG_F            7.107       7.509       7.708       8.924      10.837      11.239      11.976
    ENG_M            6.977       7.438       7.669       9.038      11.160      11.519      12.334

 Intercepts
    BEH_MT1          1.078       1.658       1.935       3.447       5.485       5.849       6.760
    BEH_FT1          1.183       1.788       2.067       3.571       5.447       5.917       6.678

 Variances
    ENG_F            1.000       1.000       1.000       1.000       1.000       1.000       1.000
    ENG_M            1.000       1.000       1.000       1.000       1.000       1.000       1.000

 Residual Variances
    BEH_MT1          0.899       0.932       0.946       0.995       0.999       1.000       1.000
    BEH_FT1          0.904       0.934       0.948       0.996       0.999       1.000       1.000


     Beginning Time:  13:34:37
        Ending Time:  13:34:40
       Elapsed Time:  00:00:03



MUTHEN & MUTHEN
3463 Stoner Ave.
Los Angeles, CA  90066

Tel: (310) 391-9971
Fax: (310) 391-8971
Web: www.StatModel.com
Support: Support@StatModel.com

Copyright (c) 1998-2022 Muthen & Muthen
