Mplus VERSION 8.8 (Mac)
MUTHEN & MUTHEN
04/08/2023   1:27 PM

INPUT INSTRUCTIONS

  TITLE:   APIM MJS German

  DATA:
      FILE IS "Data_APIM.txt";



  VARIABLE:


    NAMES ARE Cogn_MT1 Emot_MT1 Beh_MT1
    Cogn_FT1 Emot_FT1 Beh_FT1
    Cogn_FT2 Emot_FT2 Beh_FT2
    Cogn_MT2 Emot_MT2 Beh_MT2
    Fasz_F Eng_F Sex_F Fut_F
    Mist_F Const_F
    Fasz_M Eng_M Sex_M Fut_M
    Mist_M Const_M;

    USEVAR Emot_MT1 Emot_FT1 Fut_F
    Fut_M;


  ANALYSIS:
    estimator=ml;
    bootstrap=5000;


  MODEL:
   Emot_FT1 ON Fut_F (1);
   Emot_FT1 ON Fut_M (2);
   Emot_MT1 ON Fut_F (2);
   Emot_MT1 ON Fut_M (1);

   Emot_FT1 with Emot_MT1;
   Fut_M with Fut_F;


  OUTPUT:
  cinterval (bootstrap) STDYX;



INPUT READING TERMINATED NORMALLY



APIM MJS German

SUMMARY OF ANALYSIS

Number of groups                                                 1
Number of observations                                          69

Number of dependent variables                                    2
Number of independent variables                                  2
Number of continuous latent variables                            0

Observed dependent variables

  Continuous
   EMOT_MT1    EMOT_FT1

Observed independent variables
   FUT_F       FUT_M


Estimator                                                       ML
Information matrix                                        OBSERVED
Maximum number of iterations                                  1000
Convergence criterion                                    0.500D-04
Maximum number of steepest descent iterations                   20
Number of bootstrap draws
    Requested                                                 5000
    Completed                                                 5000

Input data file(s)
  Data_APIM.txt

Input data format  FREE



UNIVARIATE SAMPLE STATISTICS


     UNIVARIATE HIGHER-ORDER MOMENT DESCRIPTIVE STATISTICS

         Variable/         Mean/     Skewness/   Minimum/ % with                Percentiles
        Sample Size      Variance    Kurtosis    Maximum  Min/Max      20%/60%    40%/80%    Median

     EMOT_MT1              4.378      -0.768       1.380    1.45%       3.630      4.250      4.500
              69.000       0.738       0.965       6.000    1.45%       4.630      5.000
     EMOT_FT1              4.468      -0.660       1.130    1.45%       3.750      4.250      4.500
              69.000       1.295       0.322       6.750    1.45%       4.880      5.380
     FUT_F                 4.771      -1.416       3.800    2.90%       4.400      5.000      5.000
              69.000       0.135       0.519       5.000   62.32%       5.000      5.000
     FUT_M                 4.690      -1.554       3.200    1.45%       4.400      4.800      5.000
              69.000       0.231       1.368       5.000   59.42%       5.000      5.000


THE MODEL ESTIMATION TERMINATED NORMALLY



MODEL FIT INFORMATION

Number of Free Parameters                       12

Loglikelihood

          H0 Value                        -260.328
          H1 Value                        -260.267

Information Criteria

          Akaike (AIC)                     544.655
          Bayesian (BIC)                   571.464
          Sample-Size Adjusted BIC         533.671
            (n* = (n + 2) / 24)

Chi-Square Test of Model Fit

          Value                              0.120
          Degrees of Freedom                     2
          P-Value                           0.9416

RMSEA (Root Mean Square Error Of Approximation)

          Estimate                           0.000
          90 Percent C.I.                    0.000  0.048
          Probability RMSEA <= .05           0.951

CFI/TLI

          CFI                                1.000
          TLI                                1.000

Chi-Square Test of Model Fit for the Baseline Model

          Value                             12.020
          Degrees of Freedom                     5
          P-Value                           0.0345

SRMR (Standardized Root Mean Square Residual)

          Value                              0.011



MODEL RESULTS

                                                    Two-Tailed
                    Estimate       S.E.  Est./S.E.    P-Value

 EMOT_FT1 ON
    FUT_F             -0.019      0.174     -0.108      0.914
    FUT_M             -0.239      0.166     -1.443      0.149

 EMOT_MT1 ON
    FUT_F             -0.239      0.166     -1.443      0.149
    FUT_M             -0.019      0.174     -0.108      0.914

 EMOT_FT1 WITH
    EMOT_MT1           0.360      0.125      2.883      0.004

 FUT_M    WITH
    FUT_F              0.059      0.024      2.465      0.014

 Means
    FUT_F              4.771      0.044    107.307      0.000
    FUT_M              4.690      0.059     80.064      0.000

 Intercepts
    EMOT_MT1           5.608      1.082      5.184      0.000
    EMOT_FT1           5.680      1.078      5.271      0.000

 Variances
    FUT_F              0.135      0.026      5.263      0.000
    FUT_M              0.231      0.051      4.542      0.000

 Residual Variances
    EMOT_MT1           0.728      0.145      5.037      0.000
    EMOT_FT1           1.283      0.237      5.410      0.000


STANDARDIZED MODEL RESULTS


STDYX Standardization

                                                    Two-Tailed
                    Estimate       S.E.  Est./S.E.    P-Value

 EMOT_FT1 ON
    FUT_F             -0.006      0.056     -0.108      0.914
    FUT_M             -0.101      0.069     -1.466      0.143

 EMOT_MT1 ON
    FUT_F             -0.102      0.072     -1.425      0.154
    FUT_M             -0.011      0.096     -0.110      0.912

 EMOT_FT1 WITH
    EMOT_MT1           0.372      0.103      3.604      0.000

 FUT_M    WITH
    FUT_F              0.336      0.118      2.862      0.004

 Means
    FUT_F             12.994      1.535      8.467      0.000
    FUT_M              9.751      1.340      7.277      0.000

 Intercepts
    EMOT_MT1           6.535      1.443      4.529      0.000
    EMOT_FT1           4.989      1.113      4.483      0.000

 Variances
    FUT_F              1.000      0.000    999.000    999.000
    FUT_M              1.000      0.000    999.000    999.000

 Residual Variances
    EMOT_MT1           0.989      0.022     45.520      0.000
    EMOT_FT1           0.989      0.016     61.152      0.000


R-SQUARE

    Observed                                        Two-Tailed
    Variable        Estimate       S.E.  Est./S.E.    P-Value

    EMOT_MT1           0.011      0.022      0.521      0.602
    EMOT_FT1           0.011      0.016      0.660      0.510


CONFIDENCE INTERVALS OF MODEL RESULTS

                  Lower .5%  Lower 2.5%    Lower 5%    Estimate    Upper 5%  Upper 2.5%   Upper .5%

 EMOT_FT1 ON
    FUT_F           -0.426      -0.333      -0.288      -0.019       0.284       0.338       0.498
    FUT_M           -0.682      -0.567      -0.514      -0.239       0.033       0.090       0.202

 EMOT_MT1 ON
    FUT_F           -0.682      -0.567      -0.514      -0.239       0.033       0.090       0.202
    FUT_M           -0.426      -0.333      -0.288      -0.019       0.284       0.338       0.498

 EMOT_FT1 WITH
    EMOT_MT1         0.057       0.123       0.157       0.360       0.570       0.614       0.692

 FUT_M    WITH
    FUT_F            0.005       0.015       0.021       0.059       0.100       0.108       0.124

 Means
    FUT_F            4.649       4.681       4.696       4.771       4.841       4.855       4.878
    FUT_M            4.525       4.571       4.588       4.690       4.783       4.797       4.826

 Intercepts
    EMOT_MT1         2.466       3.339       3.761       5.608       7.274       7.624       8.096
    EMOT_FT1         2.405       3.432       3.822       5.680       7.339       7.674       8.146

 Variances
    FUT_F            0.064       0.082       0.090       0.135       0.175       0.181       0.195
    FUT_M            0.104       0.131       0.145       0.231       0.315       0.331       0.360

 Residual Variances
    EMOT_MT1         0.392       0.453       0.485       0.728       0.962       1.019       1.114
    EMOT_FT1         0.715       0.817       0.881       1.283       1.657       1.752       1.953


CONFIDENCE INTERVALS OF STANDARDIZED MODEL RESULTS


STDYX Standardization

                  Lower .5%  Lower 2.5%    Lower 5%    Estimate    Upper 5%  Upper 2.5%   Upper .5%

 EMOT_FT1 ON
    FUT_F           -0.160      -0.117      -0.099      -0.006       0.085       0.103       0.146
    FUT_M           -0.278      -0.236      -0.216      -0.101       0.014       0.038       0.074

 EMOT_MT1 ON
    FUT_F           -0.298      -0.245      -0.224      -0.102       0.014       0.040       0.090
    FUT_M           -0.245      -0.196      -0.170      -0.011       0.147       0.177       0.240

 EMOT_FT1 WITH
    EMOT_MT1         0.081       0.158       0.195       0.372       0.534       0.562       0.620

 FUT_M    WITH
    FUT_F            0.036       0.103       0.135       0.336       0.524       0.557       0.616

 Means
    FUT_F           10.577      11.026      11.258      12.994      16.118      16.874      19.048
    FUT_M            7.577       7.985       8.224       9.751      12.519      13.212      14.880

 Intercepts
    EMOT_MT1         2.768       3.827       4.302       6.535       9.077       9.548      10.464
    EMOT_FT1         2.017       2.882       3.273       4.989       6.878       7.219       7.940

 Variances
    FUT_F            1.000       1.000       1.000       1.000       1.000       1.000       1.000
    FUT_M            1.000       1.000       1.000       1.000       1.000       1.000       1.000

 Residual Variances
    EMOT_MT1         0.888       0.919       0.932       0.989       0.998       0.999       1.000
    EMOT_FT1         0.919       0.941       0.949       0.989       0.999       1.000       1.000


     Beginning Time:  13:27:11
        Ending Time:  13:27:14
       Elapsed Time:  00:00:03



MUTHEN & MUTHEN
3463 Stoner Ave.
Los Angeles, CA  90066

Tel: (310) 391-9971
Fax: (310) 391-8971
Web: www.StatModel.com
Support: Support@StatModel.com

Copyright (c) 1998-2022 Muthen & Muthen
