Mplus VERSION 8.8 (Mac)
MUTHEN & MUTHEN
04/08/2023   1:24 PM

INPUT INSTRUCTIONS

  TITLE:   APIM MJS German

  DATA:
      FILE IS "Data_APIM.txt";



  VARIABLE:


    NAMES ARE Cogn_MT1 Emot_MT1 Beh_MT1
    Cogn_FT1 Emot_FT1 Beh_FT1
    Cogn_FT2 Emot_FT2 Beh_FT2
    Cogn_MT2 Emot_MT2 Beh_MT2
    Fasz_F Eng_F Sex_F Fut_F
    Mist_F Const_F
    Fasz_M Eng_M Sex_M Fut_M
    Mist_M Const_M;

    USEVAR Emot_MT1 Emot_FT1 Const_F
    Const_M;


  ANALYSIS:
    estimator=ml;
    bootstrap=5000;


  MODEL:
   Emot_FT1 ON Const_F;
   Emot_FT1 ON Const_M(2);
   Emot_MT1 ON Const_F(2);
   Emot_MT1 ON Const_M;

   Emot_FT1 with Emot_MT1;
   Const_M with Const_F;


  OUTPUT:
  cinterval (bootstrap) STDYX;



INPUT READING TERMINATED NORMALLY



APIM MJS German

SUMMARY OF ANALYSIS

Number of groups                                                 1
Number of observations                                          69

Number of dependent variables                                    2
Number of independent variables                                  2
Number of continuous latent variables                            0

Observed dependent variables

  Continuous
   EMOT_MT1    EMOT_FT1

Observed independent variables
   CONST_F     CONST_M


Estimator                                                       ML
Information matrix                                        OBSERVED
Maximum number of iterations                                  1000
Convergence criterion                                    0.500D-04
Maximum number of steepest descent iterations                   20
Number of bootstrap draws
    Requested                                                 5000
    Completed                                                 5000

Input data file(s)
  Data_APIM.txt

Input data format  FREE



UNIVARIATE SAMPLE STATISTICS


     UNIVARIATE HIGHER-ORDER MOMENT DESCRIPTIVE STATISTICS

         Variable/         Mean/     Skewness/   Minimum/ % with                Percentiles
        Sample Size      Variance    Kurtosis    Maximum  Min/Max      20%/60%    40%/80%    Median

     EMOT_MT1              4.378      -0.768       1.380    1.45%       3.630      4.250      4.500
              69.000       0.738       0.965       6.000    1.45%       4.630      5.000
     EMOT_FT1              4.468      -0.660       1.130    1.45%       3.750      4.250      4.500
              69.000       1.295       0.322       6.750    1.45%       4.880      5.380
     CONST_F               1.557       1.233       1.000   30.43%       1.000      1.200      1.400
              69.000       0.365       0.881       3.400    1.45%       1.600      2.000
     CONST_M               1.728       0.781       1.000   17.39%       1.200      1.400      1.600
              69.000       0.428      -0.386       3.400    1.45%       1.800      2.200


THE MODEL ESTIMATION TERMINATED NORMALLY



MODEL FIT INFORMATION

Number of Free Parameters                       13

Loglikelihood

          H0 Value                        -310.877
          H1 Value                        -310.811

Information Criteria

          Akaike (AIC)                     647.755
          Bayesian (BIC)                   676.798
          Sample-Size Adjusted BIC         635.855
            (n* = (n + 2) / 24)

Chi-Square Test of Model Fit

          Value                              0.133
          Degrees of Freedom                     1
          P-Value                           0.7153

RMSEA (Root Mean Square Error Of Approximation)

          Estimate                           0.000
          90 Percent C.I.                    0.000  0.230
          Probability RMSEA <= .05           0.738

CFI/TLI

          CFI                                1.000
          TLI                                1.000

Chi-Square Test of Model Fit for the Baseline Model

          Value                             28.536
          Degrees of Freedom                     5
          P-Value                           0.0000

SRMR (Standardized Root Mean Square Residual)

          Value                              0.018



MODEL RESULTS

                                                    Two-Tailed
                    Estimate       S.E.  Est./S.E.    P-Value

 EMOT_FT1 ON
    CONST_F            0.529      0.181      2.926      0.003
    CONST_M            0.471      0.111      4.249      0.000

 EMOT_MT1 ON
    CONST_F            0.471      0.111      4.249      0.000
    CONST_M            0.016      0.153      0.102      0.918

 EMOT_FT1 WITH
    EMOT_MT1           0.264      0.116      2.287      0.022

 CONST_M  WITH
    CONST_F            0.064      0.056      1.152      0.249

 Means
    CONST_F            1.557      0.074     21.070      0.000
    CONST_M            1.728      0.078     22.030      0.000

 Intercepts
    EMOT_MT1           3.618      0.305     11.872      0.000
    EMOT_FT1           2.831      0.414      6.836      0.000

 Variances
    CONST_F            0.365      0.074      4.908      0.000
    CONST_M            0.428      0.065      6.561      0.000

 Residual Variances
    EMOT_MT1           0.669      0.126      5.322      0.000
    EMOT_FT1           1.051      0.199      5.292      0.000


STANDARDIZED MODEL RESULTS


STDYX Standardization

                                                    Two-Tailed
                    Estimate       S.E.  Est./S.E.    P-Value

 EMOT_FT1 ON
    CONST_F            0.282      0.081      3.508      0.000
    CONST_M            0.272      0.066      4.125      0.000

 EMOT_MT1 ON
    CONST_F            0.328      0.066      4.959      0.000
    CONST_M            0.012      0.115      0.103      0.918

 EMOT_FT1 WITH
    EMOT_MT1           0.315      0.121      2.610      0.009

 CONST_M  WITH
    CONST_F            0.162      0.135      1.205      0.228

 Means
    CONST_F            2.576      0.215     11.960      0.000
    CONST_M            2.641      0.169     15.622      0.000

 Intercepts
    EMOT_MT1           4.176      0.569      7.337      0.000
    EMOT_FT1           2.502      0.549      4.559      0.000

 Variances
    CONST_F            1.000      0.000    999.000    999.000
    CONST_M            1.000      0.000    999.000    999.000

 Residual Variances
    EMOT_MT1           0.891      0.047     18.835      0.000
    EMOT_FT1           0.821      0.064     12.876      0.000


R-SQUARE

    Observed                                        Two-Tailed
    Variable        Estimate       S.E.  Est./S.E.    P-Value

    EMOT_MT1           0.109      0.047      2.311      0.021
    EMOT_FT1           0.179      0.064      2.804      0.005


CONFIDENCE INTERVALS OF MODEL RESULTS

                  Lower .5%  Lower 2.5%    Lower 5%    Estimate    Upper 5%  Upper 2.5%   Upper .5%

 EMOT_FT1 ON
    CONST_F          0.104       0.210       0.260       0.529       0.850       0.919       1.078
    CONST_M          0.197       0.250       0.292       0.471       0.652       0.691       0.777

 EMOT_MT1 ON
    CONST_F          0.197       0.250       0.292       0.471       0.652       0.691       0.777
    CONST_M         -0.409      -0.287      -0.231       0.016       0.268       0.307       0.407

 EMOT_FT1 WITH
    EMOT_MT1        -0.013       0.044       0.074       0.264       0.456       0.494       0.577

 CONST_M  WITH
    CONST_F         -0.069      -0.039      -0.024       0.064       0.158       0.181       0.224

 Means
    CONST_F          1.371       1.414       1.438       1.557       1.678       1.707       1.748
    CONST_M          1.530       1.577       1.600       1.728       1.858       1.881       1.939

 Intercepts
    EMOT_MT1         2.810       3.021       3.116       3.618       4.106       4.199       4.369
    EMOT_FT1         1.661       1.973       2.116       2.831       3.482       3.593       3.805

 Variances
    CONST_F          0.183       0.220       0.239       0.365       0.486       0.511       0.550
    CONST_M          0.255       0.299       0.317       0.428       0.530       0.549       0.591

 Residual Variances
    EMOT_MT1         0.359       0.416       0.447       0.669       0.861       0.910       0.988
    EMOT_FT1         0.576       0.666       0.709       1.051       1.369       1.433       1.622


CONFIDENCE INTERVALS OF STANDARDIZED MODEL RESULTS


STDYX Standardization

                  Lower .5%  Lower 2.5%    Lower 5%    Estimate    Upper 5%  Upper 2.5%   Upper .5%

 EMOT_FT1 ON
    CONST_F          0.058       0.118       0.148       0.282       0.410       0.432       0.477
    CONST_M          0.106       0.142       0.164       0.272       0.381       0.406       0.447

 EMOT_MT1 ON
    CONST_F          0.151       0.195       0.216       0.328       0.432       0.452       0.495
    CONST_M         -0.269      -0.195      -0.163       0.012       0.212       0.252       0.327

 EMOT_FT1 WITH
    EMOT_MT1        -0.020       0.063       0.105       0.315       0.505       0.536       0.593

 CONST_M  WITH
    CONST_F         -0.204      -0.113      -0.070       0.162       0.373       0.413       0.494

 Means
    CONST_F          2.204       2.280       2.326       2.576       3.029       3.108       3.320
    CONST_M          2.302       2.381       2.421       2.641       2.972       3.043       3.214

 Intercepts
    EMOT_MT1         3.025       3.280       3.416       4.176       5.248       5.500       6.056
    EMOT_FT1         1.268       1.565       1.706       2.502       3.499       3.728       4.179

 Variances
    CONST_F          1.000       1.000       1.000       1.000       1.000       1.000       1.000
    CONST_M          1.000       1.000       1.000       1.000       1.000       1.000       1.000

 Residual Variances
    EMOT_MT1         0.724       0.766       0.790       0.891       0.944       0.953       0.968
    EMOT_FT1         0.636       0.673       0.698       0.821       0.909       0.924       0.944


     Beginning Time:  13:24:38
        Ending Time:  13:24:41
       Elapsed Time:  00:00:03



MUTHEN & MUTHEN
3463 Stoner Ave.
Los Angeles, CA  90066

Tel: (310) 391-9971
Fax: (310) 391-8971
Web: www.StatModel.com
Support: Support@StatModel.com

Copyright (c) 1998-2022 Muthen & Muthen
