Mplus VERSION 8.8 (Mac)
MUTHEN & MUTHEN
04/08/2023   1:19 PM

INPUT INSTRUCTIONS

  TITLE:   APIM MJS German

  DATA:
      FILE IS "Data_APIM.txt";



  VARIABLE:


    NAMES ARE Cogn_MT1 Emot_MT1 Beh_MT1
    Cogn_FT1 Emot_FT1 Beh_FT1
    Cogn_FT2 Emot_FT2 Beh_FT2
    Cogn_MT2 Emot_MT2 Beh_MT2
    Fasz_F Eng_F Sex_F Fut_F
    Mist_F Const_F
    Fasz_M Eng_M Sex_M Fut_M
    Mist_M Const_M;

    USEVAR Emot_MT1 Emot_FT1 Const_F
    Const_M;


  ANALYSIS:
    estimator=ml;
    bootstrap=5000;


  MODEL:
   Emot_FT1 ON Const_F;
   Emot_FT1 ON Const_M;
   Emot_MT1 ON Const_F;
   Emot_MT1 ON Const_M;

   Emot_FT1 with Emot_MT1;
   Const_M with Const_F;


  OUTPUT:
  cinterval (bootstrap) STDYX;



INPUT READING TERMINATED NORMALLY



APIM MJS German

SUMMARY OF ANALYSIS

Number of groups                                                 1
Number of observations                                          69

Number of dependent variables                                    2
Number of independent variables                                  2
Number of continuous latent variables                            0

Observed dependent variables

  Continuous
   EMOT_MT1    EMOT_FT1

Observed independent variables
   CONST_F     CONST_M


Estimator                                                       ML
Information matrix                                        OBSERVED
Maximum number of iterations                                  1000
Convergence criterion                                    0.500D-04
Maximum number of steepest descent iterations                   20
Number of bootstrap draws
    Requested                                                 5000
    Completed                                                 5000

Input data file(s)
  Data_APIM.txt

Input data format  FREE



UNIVARIATE SAMPLE STATISTICS


     UNIVARIATE HIGHER-ORDER MOMENT DESCRIPTIVE STATISTICS

         Variable/         Mean/     Skewness/   Minimum/ % with                Percentiles
        Sample Size      Variance    Kurtosis    Maximum  Min/Max      20%/60%    40%/80%    Median

     EMOT_MT1              4.378      -0.768       1.380    1.45%       3.630      4.250      4.500
              69.000       0.738       0.965       6.000    1.45%       4.630      5.000
     EMOT_FT1              4.468      -0.660       1.130    1.45%       3.750      4.250      4.500
              69.000       1.295       0.322       6.750    1.45%       4.880      5.380
     CONST_F               1.557       1.233       1.000   30.43%       1.000      1.200      1.400
              69.000       0.365       0.881       3.400    1.45%       1.600      2.000
     CONST_M               1.728       0.781       1.000   17.39%       1.200      1.400      1.600
              69.000       0.428      -0.386       3.400    1.45%       1.800      2.200


THE MODEL ESTIMATION TERMINATED NORMALLY



MODEL FIT INFORMATION

Number of Free Parameters                       14

Loglikelihood

          H0 Value                        -310.811
          H1 Value                        -310.811

Information Criteria

          Akaike (AIC)                     649.622
          Bayesian (BIC)                   680.899
          Sample-Size Adjusted BIC         636.806
            (n* = (n + 2) / 24)

Chi-Square Test of Model Fit

          Value                              0.000
          Degrees of Freedom                     0
          P-Value                           0.0000

RMSEA (Root Mean Square Error Of Approximation)

          Estimate                           0.000
          90 Percent C.I.                    0.000  0.000
          Probability RMSEA <= .05           0.000

CFI/TLI

          CFI                                1.000
          TLI                                1.000

Chi-Square Test of Model Fit for the Baseline Model

          Value                             28.536
          Degrees of Freedom                     5
          P-Value                           0.0000

SRMR (Standardized Root Mean Square Residual)

          Value                              0.000



MODEL RESULTS

                                                    Two-Tailed
                    Estimate       S.E.  Est./S.E.    P-Value

 EMOT_FT1 ON
    CONST_F            0.505      0.193      2.610      0.009
    CONST_M            0.525      0.163      3.213      0.001

 EMOT_MT1 ON
    CONST_F            0.430      0.173      2.494      0.013
    CONST_M            0.034      0.173      0.199      0.842

 EMOT_FT1 WITH
    EMOT_MT1           0.264      0.114      2.303      0.021

 CONST_M  WITH
    CONST_F            0.064      0.056      1.152      0.249

 Means
    CONST_F            1.557      0.074     21.070      0.000
    CONST_M            1.728      0.078     22.030      0.000

 Intercepts
    EMOT_MT1           3.648      0.314     11.610      0.000
    EMOT_FT1           2.776      0.421      6.593      0.000

 Variances
    CONST_F            0.365      0.074      4.908      0.000
    CONST_M            0.428      0.065      6.561      0.000

 Residual Variances
    EMOT_MT1           0.668      0.125      5.322      0.000
    EMOT_FT1           1.050      0.197      5.343      0.000


STANDARDIZED MODEL RESULTS


STDYX Standardization

                                                    Two-Tailed
                    Estimate       S.E.  Est./S.E.    P-Value

 EMOT_FT1 ON
    CONST_F            0.268      0.089      3.023      0.003
    CONST_M            0.302      0.090      3.338      0.001

 EMOT_MT1 ON
    CONST_F            0.303      0.098      3.104      0.002
    CONST_M            0.026      0.131      0.200      0.842

 EMOT_FT1 WITH
    EMOT_MT1           0.315      0.120      2.616      0.009

 CONST_M  WITH
    CONST_F            0.162      0.135      1.205      0.228

 Means
    CONST_F            2.576      0.215     11.960      0.000
    CONST_M            2.641      0.169     15.622      0.000

 Intercepts
    EMOT_MT1           4.247      0.652      6.513      0.000
    EMOT_FT1           2.439      0.562      4.341      0.000

 Variances
    CONST_F            1.000      0.000    999.000    999.000
    CONST_M            1.000      0.000    999.000    999.000

 Residual Variances
    EMOT_MT1           0.905      0.057     15.913      0.000
    EMOT_FT1           0.811      0.067     12.065      0.000


R-SQUARE

    Observed                                        Two-Tailed
    Variable        Estimate       S.E.  Est./S.E.    P-Value

    EMOT_MT1           0.095      0.057      1.668      0.095
    EMOT_FT1           0.189      0.067      2.812      0.005


CONFIDENCE INTERVALS OF MODEL RESULTS

                  Lower .5%  Lower 2.5%    Lower 5%    Estimate    Upper 5%  Upper 2.5%   Upper .5%

 EMOT_FT1 ON
    CONST_F          0.062       0.174       0.223       0.505       0.852       0.929       1.102
    CONST_M          0.118       0.210       0.255       0.525       0.791       0.836       0.954

 EMOT_MT1 ON
    CONST_F          0.037       0.132       0.170       0.430       0.731       0.800       0.933
    CONST_M         -0.450      -0.314      -0.258       0.034       0.308       0.358       0.452

 EMOT_FT1 WITH
    EMOT_MT1        -0.013       0.044       0.072       0.264       0.451       0.488       0.573

 CONST_M  WITH
    CONST_F         -0.069      -0.039      -0.024       0.064       0.158       0.181       0.224

 Means
    CONST_F          1.371       1.414       1.438       1.557       1.678       1.707       1.748
    CONST_M          1.530       1.577       1.600       1.728       1.858       1.881       1.939

 Intercepts
    EMOT_MT1         2.776       3.005       3.106       3.648       4.135       4.221       4.395
    EMOT_FT1         1.601       1.918       2.054       2.776       3.437       3.555       3.791

 Variances
    CONST_F          0.183       0.220       0.239       0.365       0.486       0.511       0.550
    CONST_M          0.255       0.299       0.317       0.428       0.530       0.549       0.591

 Residual Variances
    EMOT_MT1         0.348       0.410       0.440       0.668       0.855       0.901       0.980
    EMOT_FT1         0.569       0.659       0.700       1.050       1.353       1.422       1.607


CONFIDENCE INTERVALS OF STANDARDIZED MODEL RESULTS


STDYX Standardization

                  Lower .5%  Lower 2.5%    Lower 5%    Estimate    Upper 5%  Upper 2.5%   Upper .5%

 EMOT_FT1 ON
    CONST_F          0.034       0.095       0.125       0.268       0.414       0.439       0.497
    CONST_M          0.068       0.120       0.148       0.302       0.446       0.474       0.533

 EMOT_MT1 ON
    CONST_F          0.029       0.102       0.135       0.303       0.456       0.483       0.542
    CONST_M         -0.294      -0.213      -0.175       0.026       0.257       0.297       0.385

 EMOT_FT1 WITH
    EMOT_MT1        -0.020       0.062       0.103       0.315       0.501       0.533       0.591

 CONST_M  WITH
    CONST_F         -0.204      -0.113      -0.070       0.162       0.373       0.413       0.494

 Means
    CONST_F          2.204       2.280       2.326       2.576       3.029       3.108       3.320
    CONST_M          2.302       2.381       2.421       2.641       2.972       3.043       3.214

 Intercepts
    EMOT_MT1         2.885       3.169       3.324       4.247       5.463       5.677       6.324
    EMOT_FT1         1.214       1.513       1.651       2.439       3.480       3.693       4.198

 Variances
    CONST_F          1.000       1.000       1.000       1.000       1.000       1.000       1.000
    CONST_M          1.000       1.000       1.000       1.000       1.000       1.000       1.000

 Residual Variances
    EMOT_MT1         0.695       0.752       0.779       0.905       0.962       0.972       0.987
    EMOT_FT1         0.617       0.659       0.680       0.811       0.901       0.918       0.945


     Beginning Time:  13:19:23
        Ending Time:  13:19:28
       Elapsed Time:  00:00:05



MUTHEN & MUTHEN
3463 Stoner Ave.
Los Angeles, CA  90066

Tel: (310) 391-9971
Fax: (310) 391-8971
Web: www.StatModel.com
Support: Support@StatModel.com

Copyright (c) 1998-2022 Muthen & Muthen
