Mplus VERSION 8.8 (Mac)
MUTHEN & MUTHEN
04/08/2023   1:30 PM

INPUT INSTRUCTIONS

  TITLE:   APIM MJS German

  DATA:
      FILE IS "Data_APIM.txt";



  VARIABLE:


    NAMES ARE Cogn_MT1 Emot_MT1 Beh_MT1
    Cogn_FT1 Emot_FT1 Beh_FT1
    Cogn_FT2 Emot_FT2 Beh_FT2
    Cogn_MT2 Emot_MT2 Beh_MT2
    Fasz_F Eng_F Sex_F Fut_F
    Mist_F Const_F
    Fasz_M Eng_M Sex_M Fut_M
    Mist_M Const_M;

    USEVAR Emot_MT1 Emot_FT1 Sex_F
    Sex_M;


  ANALYSIS:
    estimator=ml;
    bootstrap=5000;


  MODEL:
   Emot_FT1 ON Sex_F(1);
   Emot_FT1 ON Sex_M;
   Emot_MT1 ON Sex_F;
   Emot_MT1 ON Sex_M(1);

   Emot_FT1 with Emot_MT1;
   Sex_M with Sex_F;


  OUTPUT:
  cinterval (bootstrap) STDYX;



INPUT READING TERMINATED NORMALLY



APIM MJS German

SUMMARY OF ANALYSIS

Number of groups                                                 1
Number of observations                                          69

Number of dependent variables                                    2
Number of independent variables                                  2
Number of continuous latent variables                            0

Observed dependent variables

  Continuous
   EMOT_MT1    EMOT_FT1

Observed independent variables
   SEX_F       SEX_M


Estimator                                                       ML
Information matrix                                        OBSERVED
Maximum number of iterations                                  1000
Convergence criterion                                    0.500D-04
Maximum number of steepest descent iterations                   20
Number of bootstrap draws
    Requested                                                 5000
    Completed                                                 5000

Input data file(s)
  Data_APIM.txt

Input data format  FREE



UNIVARIATE SAMPLE STATISTICS


     UNIVARIATE HIGHER-ORDER MOMENT DESCRIPTIVE STATISTICS

         Variable/         Mean/     Skewness/   Minimum/ % with                Percentiles
        Sample Size      Variance    Kurtosis    Maximum  Min/Max      20%/60%    40%/80%    Median

     EMOT_MT1              4.378      -0.768       1.380    1.45%       3.630      4.250      4.500
              69.000       0.738       0.965       6.000    1.45%       4.630      5.000
     EMOT_FT1              4.468      -0.660       1.130    1.45%       3.750      4.250      4.500
              69.000       1.295       0.322       6.750    1.45%       4.880      5.380
     SEX_F                 3.997      -0.763       1.200    1.45%       3.200      4.000      4.200
              69.000       0.768       0.048       5.000   21.74%       4.400      5.000
     SEX_M                 3.968      -0.629       1.600    1.45%       3.200      3.800      4.000
              69.000       0.672      -0.205       5.000   15.94%       4.400      4.800


THE MODEL ESTIMATION TERMINATED NORMALLY



MODEL FIT INFORMATION

Number of Free Parameters                       13

Loglikelihood

          H0 Value                        -354.810
          H1 Value                        -353.828

Information Criteria

          Akaike (AIC)                     735.621
          Bayesian (BIC)                   764.664
          Sample-Size Adjusted BIC         723.721
            (n* = (n + 2) / 24)

Chi-Square Test of Model Fit

          Value                              1.965
          Degrees of Freedom                     1
          P-Value                           0.1610

RMSEA (Root Mean Square Error Of Approximation)

          Estimate                           0.118
          90 Percent C.I.                    0.000  0.367
          Probability RMSEA <= .05           0.197

CFI/TLI

          CFI                                0.920
          TLI                                0.601

Chi-Square Test of Model Fit for the Baseline Model

          Value                             17.083
          Degrees of Freedom                     5
          P-Value                           0.0043

SRMR (Standardized Root Mean Square Residual)

          Value                              0.042



MODEL RESULTS

                                                    Two-Tailed
                    Estimate       S.E.  Est./S.E.    P-Value

 EMOT_FT1 ON
    SEX_F              0.106      0.109      0.976      0.329
    SEX_M              0.296      0.148      1.992      0.046

 EMOT_MT1 ON
    SEX_F              0.045      0.106      0.426      0.670
    SEX_M              0.106      0.109      0.976      0.329

 EMOT_FT1 WITH
    EMOT_MT1           0.321      0.125      2.570      0.010

 SEX_M    WITH
    SEX_F              0.261      0.122      2.141      0.032

 Means
    SEX_F              3.997      0.107     37.503      0.000
    SEX_M              3.968      0.099     40.162      0.000

 Intercepts
    EMOT_MT1           3.775      0.503      7.502      0.000
    EMOT_FT1           2.869      0.759      3.778      0.000

 Variances
    SEX_F              0.768      0.129      5.957      0.000
    SEX_M              0.672      0.108      6.245      0.000

 Residual Variances
    EMOT_MT1           0.715      0.131      5.456      0.000
    EMOT_FT1           1.217      0.251      4.841      0.000


STANDARDIZED MODEL RESULTS


STDYX Standardization

                                                    Two-Tailed
                    Estimate       S.E.  Est./S.E.    P-Value

 EMOT_FT1 ON
    SEX_F              0.082      0.082      0.995      0.320
    SEX_M              0.213      0.108      1.973      0.049

 EMOT_MT1 ON
    SEX_F              0.046      0.111      0.419      0.675
    SEX_M              0.102      0.103      0.990      0.322

 EMOT_FT1 WITH
    EMOT_MT1           0.344      0.111      3.108      0.002

 SEX_M    WITH
    SEX_F              0.363      0.139      2.605      0.009

 Means
    SEX_F              4.561      0.484      9.428      0.000
    SEX_M              4.841      0.481     10.073      0.000

 Intercepts
    EMOT_MT1           4.428      0.779      5.687      0.000
    EMOT_FT1           2.515      0.739      3.403      0.001

 Variances
    SEX_F              1.000      0.000    999.000    999.000
    SEX_M              1.000      0.000    999.000    999.000

 Residual Variances
    EMOT_MT1           0.984      0.033     30.220      0.000
    EMOT_FT1           0.936      0.063     14.792      0.000


R-SQUARE

    Observed                                        Two-Tailed
    Variable        Estimate       S.E.  Est./S.E.    P-Value

    EMOT_MT1           0.016      0.033      0.494      0.621
    EMOT_FT1           0.064      0.063      1.020      0.308


CONFIDENCE INTERVALS OF MODEL RESULTS

                  Lower .5%  Lower 2.5%    Lower 5%    Estimate    Upper 5%  Upper 2.5%   Upper .5%

 EMOT_FT1 ON
    SEX_F           -0.178      -0.115      -0.081       0.106       0.280       0.316       0.383
    SEX_M           -0.077       0.025       0.065       0.296       0.556       0.604       0.704

 EMOT_MT1 ON
    SEX_F           -0.240      -0.171      -0.132       0.045       0.217       0.241       0.308
    SEX_M           -0.178      -0.115      -0.081       0.106       0.280       0.316       0.383

 EMOT_FT1 WITH
    EMOT_MT1         0.038       0.091       0.119       0.321       0.532       0.576       0.676

 SEX_M    WITH
    SEX_F           -0.025       0.037       0.066       0.261       0.475       0.513       0.591

 Means
    SEX_F            3.719       3.783       3.817       3.997       4.174       4.203       4.261
    SEX_M            3.707       3.768       3.797       3.968       4.125       4.157       4.212

 Intercepts
    EMOT_MT1         2.536       2.816       2.971       3.775       4.626       4.812       5.164
    EMOT_FT1         0.814       1.313       1.579       2.869       4.061       4.295       4.843

 Variances
    SEX_F            0.472       0.523       0.552       0.768       0.981       1.023       1.104
    SEX_M            0.418       0.463       0.491       0.672       0.847       0.887       0.944

 Residual Variances
    EMOT_MT1         0.375       0.439       0.477       0.715       0.907       0.959       1.028
    EMOT_FT1         0.614       0.728       0.790       1.217       1.609       1.715       1.917


CONFIDENCE INTERVALS OF STANDARDIZED MODEL RESULTS


STDYX Standardization

                  Lower .5%  Lower 2.5%    Lower 5%    Estimate    Upper 5%  Upper 2.5%   Upper .5%

 EMOT_FT1 ON
    SEX_F           -0.132      -0.086      -0.062       0.082       0.211       0.235       0.284
    SEX_M           -0.051       0.017       0.045       0.213       0.402       0.433       0.499

 EMOT_MT1 ON
    SEX_F           -0.211      -0.161      -0.123       0.046       0.241       0.273       0.343
    SEX_M           -0.170      -0.110      -0.079       0.102       0.263       0.293       0.360

 EMOT_FT1 WITH
    EMOT_MT1         0.052       0.124       0.157       0.344       0.519       0.551       0.613

 SEX_M    WITH
    SEX_F           -0.040       0.065       0.109       0.363       0.572       0.604       0.658

 Means
    SEX_F            3.644       3.822       3.922       4.561       5.533       5.715       6.075
    SEX_M            3.914       4.110       4.210       4.841       5.786       5.975       6.327

 Intercepts
    EMOT_MT1         2.769       3.153       3.346       4.428       5.932       6.211       6.839
    EMOT_FT1         0.714       1.125       1.360       2.515       3.762       4.034       4.629

 Variances
    SEX_F            1.000       1.000       1.000       1.000       1.000       1.000       1.000
    SEX_M            1.000       1.000       1.000       1.000       1.000       1.000       1.000

 Residual Variances
    EMOT_MT1         0.836       0.878       0.897       0.984       0.998       0.999       1.000
    EMOT_FT1         0.696       0.755       0.792       0.936       0.991       0.995       0.999


     Beginning Time:  13:30:09
        Ending Time:  13:30:12
       Elapsed Time:  00:00:03



MUTHEN & MUTHEN
3463 Stoner Ave.
Los Angeles, CA  90066

Tel: (310) 391-9971
Fax: (310) 391-8971
Web: www.StatModel.com
Support: Support@StatModel.com

Copyright (c) 1998-2022 Muthen & Muthen
