Mplus VERSION 8.8 (Mac)
MUTHEN & MUTHEN
04/08/2023   1:29 PM

INPUT INSTRUCTIONS

  TITLE:   APIM MJS German

  DATA:
      FILE IS "Data_APIM.txt";



  VARIABLE:


    NAMES ARE Cogn_MT1 Emot_MT1 Beh_MT1
    Cogn_FT1 Emot_FT1 Beh_FT1
    Cogn_FT2 Emot_FT2 Beh_FT2
    Cogn_MT2 Emot_MT2 Beh_MT2
    Fasz_F Eng_F Sex_F Fut_F
    Mist_F Const_F
    Fasz_M Eng_M Sex_M Fut_M
    Mist_M Const_M;

    USEVAR Emot_MT1 Emot_FT1 Sex_F
    Sex_M;


  ANALYSIS:
    estimator=ml;
    bootstrap=5000;


  MODEL:
   Emot_FT1 ON Sex_F (1);
   Emot_FT1 ON Sex_M (2);
   Emot_MT1 ON Sex_F (2);
   Emot_MT1 ON Sex_M (1);

   Emot_FT1 with Emot_MT1;
   Sex_M with Sex_F;


  OUTPUT:
  cinterval (bootstrap) STDYX;



INPUT READING TERMINATED NORMALLY



APIM MJS German

SUMMARY OF ANALYSIS

Number of groups                                                 1
Number of observations                                          69

Number of dependent variables                                    2
Number of independent variables                                  2
Number of continuous latent variables                            0

Observed dependent variables

  Continuous
   EMOT_MT1    EMOT_FT1

Observed independent variables
   SEX_F       SEX_M


Estimator                                                       ML
Information matrix                                        OBSERVED
Maximum number of iterations                                  1000
Convergence criterion                                    0.500D-04
Maximum number of steepest descent iterations                   20
Number of bootstrap draws
    Requested                                                 5000
    Completed                                                 5000

Input data file(s)
  Data_APIM.txt

Input data format  FREE



UNIVARIATE SAMPLE STATISTICS


     UNIVARIATE HIGHER-ORDER MOMENT DESCRIPTIVE STATISTICS

         Variable/         Mean/     Skewness/   Minimum/ % with                Percentiles
        Sample Size      Variance    Kurtosis    Maximum  Min/Max      20%/60%    40%/80%    Median

     EMOT_MT1              4.378      -0.768       1.380    1.45%       3.630      4.250      4.500
              69.000       0.738       0.965       6.000    1.45%       4.630      5.000
     EMOT_FT1              4.468      -0.660       1.130    1.45%       3.750      4.250      4.500
              69.000       1.295       0.322       6.750    1.45%       4.880      5.380
     SEX_F                 3.997      -0.763       1.200    1.45%       3.200      4.000      4.200
              69.000       0.768       0.048       5.000   21.74%       4.400      5.000
     SEX_M                 3.968      -0.629       1.600    1.45%       3.200      3.800      4.000
              69.000       0.672      -0.205       5.000   15.94%       4.400      4.800


THE MODEL ESTIMATION TERMINATED NORMALLY



MODEL FIT INFORMATION

Number of Free Parameters                       12

Loglikelihood

          H0 Value                        -355.793
          H1 Value                        -353.828

Information Criteria

          Akaike (AIC)                     735.586
          Bayesian (BIC)                   762.395
          Sample-Size Adjusted BIC         724.602
            (n* = (n + 2) / 24)

Chi-Square Test of Model Fit

          Value                              3.930
          Degrees of Freedom                     2
          P-Value                           0.1402

RMSEA (Root Mean Square Error Of Approximation)

          Estimate                           0.118
          90 Percent C.I.                    0.000  0.292
          Probability RMSEA <= .05           0.188

CFI/TLI

          CFI                                0.840
          TLI                                0.601

Chi-Square Test of Model Fit for the Baseline Model

          Value                             17.083
          Degrees of Freedom                     5
          P-Value                           0.0043

SRMR (Standardized Root Mean Square Residual)

          Value                              0.060



MODEL RESULTS

                                                    Two-Tailed
                    Estimate       S.E.  Est./S.E.    P-Value

 EMOT_FT1 ON
    SEX_F              0.097      0.108      0.899      0.369
    SEX_M              0.124      0.084      1.475      0.140

 EMOT_MT1 ON
    SEX_F              0.124      0.084      1.475      0.140
    SEX_M              0.097      0.108      0.899      0.369

 EMOT_FT1 WITH
    EMOT_MT1           0.338      0.125      2.702      0.007

 SEX_M    WITH
    SEX_F              0.261      0.122      2.141      0.032

 Means
    SEX_F              3.997      0.107     37.503      0.000
    SEX_M              3.968      0.099     40.162      0.000

 Intercepts
    EMOT_MT1           3.494      0.533      6.560      0.000
    EMOT_FT1           3.585      0.550      6.523      0.000

 Variances
    SEX_F              0.768      0.129      5.957      0.000
    SEX_M              0.672      0.108      6.245      0.000

 Residual Variances
    EMOT_MT1           0.725      0.138      5.247      0.000
    EMOT_FT1           1.246      0.251      4.957      0.000


STANDARDIZED MODEL RESULTS


STDYX Standardization

                                                    Two-Tailed
                    Estimate       S.E.  Est./S.E.    P-Value

 EMOT_FT1 ON
    SEX_F              0.076      0.084      0.906      0.365
    SEX_M              0.091      0.065      1.393      0.164

 EMOT_MT1 ON
    SEX_F              0.126      0.090      1.405      0.160
    SEX_M              0.092      0.100      0.919      0.358

 EMOT_FT1 WITH
    EMOT_MT1           0.355      0.106      3.335      0.001

 SEX_M    WITH
    SEX_F              0.363      0.139      2.605      0.009

 Means
    SEX_F              4.561      0.484      9.428      0.000
    SEX_M              4.841      0.481     10.073      0.000

 Intercepts
    EMOT_MT1           4.034      0.845      4.772      0.000
    EMOT_FT1           3.181      0.578      5.499      0.000

 Variances
    SEX_F              1.000      0.000    999.000    999.000
    SEX_M              1.000      0.000    999.000    999.000

 Residual Variances
    EMOT_MT1           0.967      0.040     24.100      0.000
    EMOT_FT1           0.981      0.027     35.693      0.000


R-SQUARE

    Observed                                        Two-Tailed
    Variable        Estimate       S.E.  Est./S.E.    P-Value

    EMOT_MT1           0.033      0.040      0.817      0.414
    EMOT_FT1           0.019      0.027      0.688      0.491


CONFIDENCE INTERVALS OF MODEL RESULTS

                  Lower .5%  Lower 2.5%    Lower 5%    Estimate    Upper 5%  Upper 2.5%   Upper .5%

 EMOT_FT1 ON
    SEX_F           -0.187      -0.121      -0.092       0.097       0.271       0.306       0.371
    SEX_M           -0.084      -0.024       0.001       0.124       0.277       0.307       0.360

 EMOT_MT1 ON
    SEX_F           -0.084      -0.024       0.001       0.124       0.277       0.307       0.360
    SEX_M           -0.187      -0.121      -0.092       0.097       0.271       0.306       0.371

 EMOT_FT1 WITH
    EMOT_MT1         0.052       0.101       0.134       0.338       0.545       0.591       0.675

 SEX_M    WITH
    SEX_F           -0.025       0.037       0.066       0.261       0.475       0.513       0.591

 Means
    SEX_F            3.719       3.783       3.817       3.997       4.174       4.203       4.261
    SEX_M            3.707       3.768       3.797       3.968       4.125       4.157       4.212

 Intercepts
    EMOT_MT1         1.984       2.405       2.576       3.494       4.346       4.511       4.891
    EMOT_FT1         2.086       2.456       2.645       3.585       4.471       4.640       4.992

 Variances
    SEX_F            0.472       0.523       0.552       0.768       0.981       1.023       1.104
    SEX_M            0.418       0.463       0.491       0.672       0.847       0.887       0.944

 Residual Variances
    EMOT_MT1         0.379       0.443       0.482       0.725       0.938       0.992       1.072
    EMOT_FT1         0.647       0.756       0.821       1.246       1.641       1.744       1.952


CONFIDENCE INTERVALS OF STANDARDIZED MODEL RESULTS


STDYX Standardization

                  Lower .5%  Lower 2.5%    Lower 5%    Estimate    Upper 5%  Upper 2.5%   Upper .5%

 EMOT_FT1 ON
    SEX_F           -0.138      -0.093      -0.069       0.076       0.210       0.234       0.286
    SEX_M           -0.056      -0.016       0.001       0.091       0.213       0.236       0.290

 EMOT_MT1 ON
    SEX_F           -0.076      -0.022       0.001       0.126       0.296       0.330       0.379
    SEX_M           -0.183      -0.117      -0.088       0.092       0.247       0.275       0.332

 EMOT_FT1 WITH
    EMOT_MT1         0.077       0.132       0.169       0.355       0.521       0.552       0.607

 SEX_M    WITH
    SEX_F           -0.040       0.065       0.109       0.363       0.572       0.604       0.658

 Means
    SEX_F            3.644       3.822       3.921       4.561       5.533       5.715       6.075
    SEX_M            3.914       4.110       4.210       4.841       5.786       5.975       6.327

 Intercepts
    EMOT_MT1         2.003       2.530       2.795       4.034       5.593       5.878       6.540
    EMOT_FT1         1.836       2.147       2.308       3.181       4.215       4.417       4.913

 Variances
    SEX_F            1.000       1.000       1.000       1.000       1.000       1.000       1.000
    SEX_M            1.000       1.000       1.000       1.000       1.000       1.000       1.000

 Residual Variances
    EMOT_MT1         0.801       0.848       0.870       0.967       0.995       0.997       0.999
    EMOT_FT1         0.856       0.897       0.916       0.981       0.997       0.999       1.000


     Beginning Time:  13:29:05
        Ending Time:  13:29:08
       Elapsed Time:  00:00:03



MUTHEN & MUTHEN
3463 Stoner Ave.
Los Angeles, CA  90066

Tel: (310) 391-9971
Fax: (310) 391-8971
Web: www.StatModel.com
Support: Support@StatModel.com

Copyright (c) 1998-2022 Muthen & Muthen
