Mplus VERSION 8.8 (Mac)
MUTHEN & MUTHEN
04/08/2023   1:22 PM

INPUT INSTRUCTIONS

  TITLE:   APIM MJS German

  DATA:
      FILE IS "Data_APIM.txt";



  VARIABLE:


    NAMES ARE Cogn_MT1 Emot_MT1 Beh_MT1
    Cogn_FT1 Emot_FT1 Beh_FT1
    Cogn_FT2 Emot_FT2 Beh_FT2
    Cogn_MT2 Emot_MT2 Beh_MT2
    Fasz_F Eng_F Sex_F Fut_F
    Mist_F Const_F
    Fasz_M Eng_M Sex_M Fut_M
    Mist_M Const_M;

    USEVAR Emot_MT1 Emot_FT1 Eng_F
    Eng_M;


  ANALYSIS:
    estimator=ml;
    bootstrap=5000;


  MODEL:
   Emot_FT1 ON Eng_F (1);
   Emot_FT1 ON Eng_M (2);
   Emot_MT1 ON Eng_F (2);
   Emot_MT1 ON Eng_M (1);

   Emot_FT1 with Emot_MT1;
   Eng_M with Eng_F;


  OUTPUT:
  cinterval (bootstrap) STDYX;



INPUT READING TERMINATED NORMALLY



APIM MJS German

SUMMARY OF ANALYSIS

Number of groups                                                 1
Number of observations                                          69

Number of dependent variables                                    2
Number of independent variables                                  2
Number of continuous latent variables                            0

Observed dependent variables

  Continuous
   EMOT_MT1    EMOT_FT1

Observed independent variables
   ENG_F       ENG_M


Estimator                                                       ML
Information matrix                                        OBSERVED
Maximum number of iterations                                  1000
Convergence criterion                                    0.500D-04
Maximum number of steepest descent iterations                   20
Number of bootstrap draws
    Requested                                                 5000
    Completed                                                 5000

Input data file(s)
  Data_APIM.txt

Input data format  FREE



UNIVARIATE SAMPLE STATISTICS


     UNIVARIATE HIGHER-ORDER MOMENT DESCRIPTIVE STATISTICS

         Variable/         Mean/     Skewness/   Minimum/ % with                Percentiles
        Sample Size      Variance    Kurtosis    Maximum  Min/Max      20%/60%    40%/80%    Median

     EMOT_MT1              4.378      -0.768       1.380    1.45%       3.630      4.250      4.500
              69.000       0.738       0.965       6.000    1.45%       4.630      5.000
     EMOT_FT1              4.468      -0.660       1.130    1.45%       3.750      4.250      4.500
              69.000       1.295       0.322       6.750    1.45%       4.880      5.380
     ENG_F                 4.449      -0.832       2.800    1.45%       4.000      4.400      4.600
              69.000       0.249       0.468       5.000   26.09%       4.600      5.000
     ENG_M                 4.467      -0.967       2.800    1.45%       4.000      4.400      4.600
              69.000       0.244       0.998       5.000   26.09%       4.800      5.000


THE MODEL ESTIMATION TERMINATED NORMALLY



MODEL FIT INFORMATION

Number of Free Parameters                       12

Loglikelihood

          H0 Value                        -286.244
          H1 Value                        -284.036

Information Criteria

          Akaike (AIC)                     596.487
          Bayesian (BIC)                   623.297
          Sample-Size Adjusted BIC         585.503
            (n* = (n + 2) / 24)

Chi-Square Test of Model Fit

          Value                              4.415
          Degrees of Freedom                     2
          P-Value                           0.1100

RMSEA (Root Mean Square Error Of Approximation)

          Estimate                           0.132
          90 Percent C.I.                    0.000  0.303
          Probability RMSEA <= .05           0.152

CFI/TLI

          CFI                                0.816
          TLI                                0.540

Chi-Square Test of Model Fit for the Baseline Model

          Value                             18.135
          Degrees of Freedom                     5
          P-Value                           0.0028

SRMR (Standardized Root Mean Square Residual)

          Value                              0.061



MODEL RESULTS

                                                    Two-Tailed
                    Estimate       S.E.  Est./S.E.    P-Value

 EMOT_FT1 ON
    ENG_F              0.026      0.170      0.154      0.878
    ENG_M             -0.263      0.174     -1.516      0.130

 EMOT_MT1 ON
    ENG_F             -0.263      0.174     -1.516      0.130
    ENG_M              0.026      0.170      0.154      0.878

 EMOT_FT1 WITH
    EMOT_MT1           0.365      0.129      2.824      0.005

 ENG_M    WITH
    ENG_F             -0.023      0.028     -0.818      0.413

 Means
    ENG_F              4.449      0.061     73.335      0.000
    ENG_M              4.467      0.061     73.703      0.000

 Intercepts
    EMOT_MT1           5.433      1.328      4.092      0.000
    EMOT_FT1           5.528      1.329      4.161      0.000

 Variances
    ENG_F              0.249      0.046      5.366      0.000
    ENG_M              0.244      0.051      4.812      0.000

 Residual Variances
    EMOT_MT1           0.744      0.141      5.284      0.000
    EMOT_FT1           1.233      0.233      5.301      0.000


STANDARDIZED MODEL RESULTS


STDYX Standardization

                                                    Two-Tailed
                    Estimate       S.E.  Est./S.E.    P-Value

 EMOT_FT1 ON
    ENG_F              0.012      0.076      0.153      0.878
    ENG_M             -0.116      0.079     -1.481      0.139

 EMOT_MT1 ON
    ENG_F             -0.151      0.090     -1.667      0.096
    ENG_M              0.015      0.095      0.156      0.876

 EMOT_FT1 WITH
    EMOT_MT1           0.382      0.109      3.515      0.000

 ENG_M    WITH
    ENG_F             -0.093      0.115     -0.815      0.415

 Means
    ENG_F              8.924      0.960      9.294      0.000
    ENG_M              9.038      1.067      8.473      0.000

 Intercepts
    EMOT_MT1           6.226      1.540      4.044      0.000
    EMOT_FT1           4.944      1.374      3.599      0.000

 Variances
    ENG_F              1.000      0.000    999.000    999.000
    ENG_M              1.000      0.000    999.000    999.000

 Residual Variances
    EMOT_MT1           0.977      0.028     34.788      0.000
    EMOT_FT1           0.986      0.023     43.732      0.000


R-SQUARE

    Observed                                        Two-Tailed
    Variable        Estimate       S.E.  Est./S.E.    P-Value

    EMOT_MT1           0.023      0.028      0.830      0.407
    EMOT_FT1           0.014      0.023      0.618      0.536


CONFIDENCE INTERVALS OF MODEL RESULTS

                  Lower .5%  Lower 2.5%    Lower 5%    Estimate    Upper 5%  Upper 2.5%   Upper .5%

 EMOT_FT1 ON
    ENG_F           -0.410      -0.310      -0.257       0.026       0.306       0.355       0.460
    ENG_M           -0.751      -0.610      -0.552      -0.263       0.016       0.067       0.175

 EMOT_MT1 ON
    ENG_F           -0.751      -0.610      -0.552      -0.263       0.016       0.067       0.175
    ENG_M           -0.410      -0.310      -0.257       0.026       0.306       0.355       0.460

 EMOT_FT1 WITH
    EMOT_MT1         0.066       0.118       0.155       0.365       0.581       0.627       0.713

 ENG_M    WITH
    ENG_F           -0.094      -0.078      -0.068      -0.023       0.024       0.033       0.049

 Means
    ENG_F            4.287       4.328       4.348       4.449       4.551       4.568       4.603
    ENG_M            4.299       4.342       4.365       4.467       4.565       4.580       4.612

 Intercepts
    EMOT_MT1         1.927       2.900       3.300       5.433       7.613       8.056       8.978
    EMOT_FT1         1.993       2.969       3.373       5.528       7.693       8.138       9.159

 Variances
    ENG_F            0.143       0.162       0.173       0.249       0.325       0.340       0.376
    ENG_M            0.135       0.154       0.164       0.244       0.331       0.348       0.389

 Residual Variances
    EMOT_MT1         0.407       0.467       0.500       0.744       0.968       1.019       1.108
    EMOT_FT1         0.693       0.780       0.842       1.233       1.601       1.700       1.902


CONFIDENCE INTERVALS OF STANDARDIZED MODEL RESULTS


STDYX Standardization

                  Lower .5%  Lower 2.5%    Lower 5%    Estimate    Upper 5%  Upper 2.5%   Upper .5%

 EMOT_FT1 ON
    ENG_F           -0.184      -0.139      -0.115       0.012       0.139       0.161       0.210
    ENG_M           -0.336      -0.279      -0.250      -0.116       0.007       0.028       0.069

 EMOT_MT1 ON
    ENG_F           -0.355      -0.312      -0.287      -0.151       0.009       0.042       0.110
    ENG_M           -0.234      -0.179      -0.148       0.015       0.167       0.194       0.242

 EMOT_FT1 WITH
    EMOT_MT1         0.088       0.152       0.188       0.382       0.551       0.578       0.637

 ENG_M    WITH
    ENG_F           -0.365      -0.303      -0.271      -0.093       0.106       0.144       0.220

 Means
    ENG_F            7.107       7.509       7.708       8.924      10.837      11.239      11.976
    ENG_M            6.977       7.438       7.669       9.038      11.160      11.519      12.334

 Intercepts
    EMOT_MT1         2.263       3.338       3.872       6.226       8.892       9.391      10.342
    EMOT_FT1         1.555       2.524       2.918       4.944       7.379       7.830       8.771

 Variances
    ENG_F            1.000       1.000       1.000       1.000       1.000       1.000       1.000
    ENG_M            1.000       1.000       1.000       1.000       1.000       1.000       1.000

 Residual Variances
    EMOT_MT1         0.860       0.893       0.908       0.977       0.996       0.998       0.999
    EMOT_FT1         0.877       0.917       0.932       0.986       0.998       0.999       1.000


     Beginning Time:  13:22:05
        Ending Time:  13:22:08
       Elapsed Time:  00:00:03



MUTHEN & MUTHEN
3463 Stoner Ave.
Los Angeles, CA  90066

Tel: (310) 391-9971
Fax: (310) 391-8971
Web: www.StatModel.com
Support: Support@StatModel.com

Copyright (c) 1998-2022 Muthen & Muthen
