Mplus VERSION 8.8 (Mac)
MUTHEN & MUTHEN
04/08/2023   1:23 PM

INPUT INSTRUCTIONS

  TITLE:   APIM MJS German

  DATA:
      FILE IS "Data_APIM.txt";



  VARIABLE:


    NAMES ARE Cogn_MT1 Emot_MT1 Beh_MT1
    Cogn_FT1 Emot_FT1 Beh_FT1
    Cogn_FT2 Emot_FT2 Beh_FT2
    Cogn_MT2 Emot_MT2 Beh_MT2
    Fasz_F Eng_F Sex_F Fut_F
    Mist_F Const_F
    Fasz_M Eng_M Sex_M Fut_M
    Mist_M Const_M;

    USEVAR Emot_MT1 Emot_FT1 Eng_F
    Eng_M;


  ANALYSIS:
    estimator=ml;
    bootstrap=5000;


  MODEL:
   Emot_FT1 ON Eng_F;
   Emot_FT1 ON Eng_M;
   Emot_MT1 ON Eng_F;
   Emot_MT1 ON Eng_M;

   Emot_FT1 with Emot_MT1;
   Eng_M with Eng_F;


  OUTPUT:
  cinterval (bootstrap) STDYX;



INPUT READING TERMINATED NORMALLY



APIM MJS German

SUMMARY OF ANALYSIS

Number of groups                                                 1
Number of observations                                          69

Number of dependent variables                                    2
Number of independent variables                                  2
Number of continuous latent variables                            0

Observed dependent variables

  Continuous
   EMOT_MT1    EMOT_FT1

Observed independent variables
   ENG_F       ENG_M


Estimator                                                       ML
Information matrix                                        OBSERVED
Maximum number of iterations                                  1000
Convergence criterion                                    0.500D-04
Maximum number of steepest descent iterations                   20
Number of bootstrap draws
    Requested                                                 5000
    Completed                                                 5000

Input data file(s)
  Data_APIM.txt

Input data format  FREE



UNIVARIATE SAMPLE STATISTICS


     UNIVARIATE HIGHER-ORDER MOMENT DESCRIPTIVE STATISTICS

         Variable/         Mean/     Skewness/   Minimum/ % with                Percentiles
        Sample Size      Variance    Kurtosis    Maximum  Min/Max      20%/60%    40%/80%    Median

     EMOT_MT1              4.378      -0.768       1.380    1.45%       3.630      4.250      4.500
              69.000       0.738       0.965       6.000    1.45%       4.630      5.000
     EMOT_FT1              4.468      -0.660       1.130    1.45%       3.750      4.250      4.500
              69.000       1.295       0.322       6.750    1.45%       4.880      5.380
     ENG_F                 4.449      -0.832       2.800    1.45%       4.000      4.400      4.600
              69.000       0.249       0.468       5.000   26.09%       4.600      5.000
     ENG_M                 4.467      -0.967       2.800    1.45%       4.000      4.400      4.600
              69.000       0.244       0.998       5.000   26.09%       4.800      5.000


THE MODEL ESTIMATION TERMINATED NORMALLY



MODEL FIT INFORMATION

Number of Free Parameters                       14

Loglikelihood

          H0 Value                        -284.036
          H1 Value                        -284.036

Information Criteria

          Akaike (AIC)                     596.072
          Bayesian (BIC)                   627.350
          Sample-Size Adjusted BIC         583.257
            (n* = (n + 2) / 24)

Chi-Square Test of Model Fit

          Value                              0.000
          Degrees of Freedom                     0
          P-Value                           0.0000

RMSEA (Root Mean Square Error Of Approximation)

          Estimate                           0.000
          90 Percent C.I.                    0.000  0.000
          Probability RMSEA <= .05           0.000

CFI/TLI

          CFI                                1.000
          TLI                                1.000

Chi-Square Test of Model Fit for the Baseline Model

          Value                             18.135
          Degrees of Freedom                     5
          P-Value                           0.0028

SRMR (Standardized Root Mean Square Residual)

          Value                              0.000



MODEL RESULTS

                                                    Two-Tailed
                    Estimate       S.E.  Est./S.E.    P-Value

 EMOT_FT1 ON
    ENG_F             -0.151      0.286     -0.528      0.597
    ENG_M             -0.642      0.252     -2.544      0.011

 EMOT_MT1 ON
    ENG_F             -0.076      0.198     -0.384      0.701
    ENG_M              0.079      0.195      0.405      0.686

 EMOT_FT1 WITH
    EMOT_MT1           0.377      0.128      2.949      0.003

 ENG_M    WITH
    ENG_F             -0.023      0.028     -0.818      0.413

 Means
    ENG_F              4.449      0.061     73.335      0.000
    ENG_M              4.467      0.061     73.703      0.000

 Intercepts
    EMOT_MT1           4.364      1.268      3.441      0.001
    EMOT_FT1           8.006      1.874      4.271      0.000

 Variances
    ENG_F              0.249      0.046      5.366      0.000
    ENG_M              0.244      0.051      4.812      0.000

 Residual Variances
    EMOT_MT1           0.735      0.140      5.247      0.000
    EMOT_FT1           1.193      0.210      5.674      0.000


STANDARDIZED MODEL RESULTS


STDYX Standardization

                                                    Two-Tailed
                    Estimate       S.E.  Est./S.E.    P-Value

 EMOT_FT1 ON
    ENG_F             -0.066      0.121     -0.548      0.584
    ENG_M             -0.279      0.092     -3.020      0.003

 EMOT_MT1 ON
    ENG_F             -0.044      0.108     -0.408      0.683
    ENG_M              0.045      0.107      0.426      0.670

 EMOT_FT1 WITH
    EMOT_MT1           0.402      0.107      3.745      0.000

 ENG_M    WITH
    ENG_F             -0.093      0.115     -0.815      0.415

 Means
    ENG_F              8.924      0.960      9.294      0.000
    ENG_M              9.038      1.067      8.473      0.000

 Intercepts
    EMOT_MT1           5.080      1.587      3.200      0.001
    EMOT_FT1           7.035      1.577      4.460      0.000

 Variances
    ENG_F              1.000      0.000    999.000    999.000
    ENG_M              1.000      0.000    999.000    999.000

 Residual Variances
    EMOT_MT1           0.996      0.025     39.076      0.000
    EMOT_FT1           0.921      0.057     16.165      0.000


R-SQUARE

    Observed                                        Two-Tailed
    Variable        Estimate       S.E.  Est./S.E.    P-Value

    EMOT_MT1           0.004      0.025      0.172      0.863
    EMOT_FT1           0.079      0.057      1.379      0.168


CONFIDENCE INTERVALS OF MODEL RESULTS

                  Lower .5%  Lower 2.5%    Lower 5%    Estimate    Upper 5%  Upper 2.5%   Upper .5%

 EMOT_FT1 ON
    ENG_F           -0.947      -0.753      -0.661      -0.151       0.277       0.362       0.487
    ENG_M           -1.408      -1.198      -1.093      -0.642      -0.257      -0.195      -0.062

 EMOT_MT1 ON
    ENG_F           -0.702      -0.498      -0.415      -0.076       0.222       0.290       0.387
    ENG_M           -0.407      -0.279      -0.226       0.079       0.411       0.489       0.637

 EMOT_FT1 WITH
    EMOT_MT1         0.070       0.126       0.164       0.377       0.585       0.632       0.712

 ENG_M    WITH
    ENG_F           -0.094      -0.078      -0.068      -0.023       0.024       0.033       0.049

 Means
    ENG_F            4.287       4.328       4.348       4.449       4.551       4.568       4.603
    ENG_M            4.299       4.342       4.365       4.467       4.565       4.580       4.612

 Intercepts
    EMOT_MT1         1.027       1.900       2.331       4.364       6.495       6.892       7.776
    EMOT_FT1         3.624       4.621       5.214       8.006      11.289      12.010      13.415

 Variances
    ENG_F            0.143       0.162       0.173       0.249       0.325       0.340       0.376
    ENG_M            0.135       0.154       0.164       0.244       0.331       0.348       0.389

 Residual Variances
    EMOT_MT1         0.395       0.452       0.485       0.735       0.952       1.000       1.087
    EMOT_FT1         0.675       0.754       0.811       1.193       1.498       1.576       1.764


CONFIDENCE INTERVALS OF STANDARDIZED MODEL RESULTS


STDYX Standardization

                  Lower .5%  Lower 2.5%    Lower 5%    Estimate    Upper 5%  Upper 2.5%   Upper .5%

 EMOT_FT1 ON
    ENG_F           -0.364      -0.301      -0.267      -0.066       0.130       0.171       0.231
    ENG_M           -0.500      -0.453      -0.424      -0.279      -0.119      -0.089      -0.028

 EMOT_MT1 ON
    ENG_F           -0.328      -0.249      -0.215      -0.044       0.139       0.177       0.236
    ENG_M           -0.239      -0.172      -0.135       0.045       0.214       0.244       0.309

 EMOT_FT1 WITH
    EMOT_MT1         0.104       0.171       0.211       0.402       0.565       0.595       0.643

 ENG_M    WITH
    ENG_F           -0.365      -0.304      -0.271      -0.093       0.106       0.144       0.220

 Means
    ENG_F            7.107       7.509       7.708       8.924      10.837      11.239      11.976
    ENG_M            6.977       7.438       7.669       9.038      11.160      11.519      12.334

 Intercepts
    EMOT_MT1         1.117       2.147       2.673       5.080       7.917       8.414       9.528
    EMOT_FT1         3.104       4.166       4.672       7.035       9.867      10.379      11.280

 Variances
    ENG_F            1.000       1.000       1.000       1.000       1.000       1.000       1.000
    ENG_M            1.000       1.000       1.000       1.000       1.000       1.000       1.000

 Residual Variances
    EMOT_MT1         0.866       0.906       0.924       0.996       0.999       0.999       1.000
    EMOT_FT1         0.718       0.765       0.795       0.921       0.978       0.985       0.994


     Beginning Time:  13:23:08
        Ending Time:  13:23:11
       Elapsed Time:  00:00:03



MUTHEN & MUTHEN
3463 Stoner Ave.
Los Angeles, CA  90066

Tel: (310) 391-9971
Fax: (310) 391-8971
Web: www.StatModel.com
Support: Support@StatModel.com

Copyright (c) 1998-2022 Muthen & Muthen
