Mplus VERSION 8.8 (Mac)
MUTHEN & MUTHEN
04/08/2023   1:23 PM

INPUT INSTRUCTIONS

  TITLE:   APIM MJS German

  DATA:
      FILE IS "Data_APIM.txt";



  VARIABLE:


    NAMES ARE Cogn_MT1 Emot_MT1 Beh_MT1
    Cogn_FT1 Emot_FT1 Beh_FT1
    Cogn_FT2 Emot_FT2 Beh_FT2
    Cogn_MT2 Emot_MT2 Beh_MT2
    Fasz_F Eng_F Sex_F Fut_F
    Mist_F Const_F
    Fasz_M Eng_M Sex_M Fut_M
    Mist_M Const_M;

    USEVAR Emot_MT1 Emot_FT1 Eng_F
    Eng_M;


  ANALYSIS:
    estimator=ml;
    bootstrap=5000;


  MODEL:
   Emot_FT1 ON Eng_F(1);
   Emot_FT1 ON Eng_M;
   Emot_MT1 ON Eng_F;
   Emot_MT1 ON Eng_M(1);

   Emot_FT1 with Emot_MT1;
   Eng_M with Eng_F;


  OUTPUT:
  cinterval (bootstrap) STDYX;



INPUT READING TERMINATED NORMALLY



APIM MJS German

SUMMARY OF ANALYSIS

Number of groups                                                 1
Number of observations                                          69

Number of dependent variables                                    2
Number of independent variables                                  2
Number of continuous latent variables                            0

Observed dependent variables

  Continuous
   EMOT_MT1    EMOT_FT1

Observed independent variables
   ENG_F       ENG_M


Estimator                                                       ML
Information matrix                                        OBSERVED
Maximum number of iterations                                  1000
Convergence criterion                                    0.500D-04
Maximum number of steepest descent iterations                   20
Number of bootstrap draws
    Requested                                                 5000
    Completed                                                 5000

Input data file(s)
  Data_APIM.txt

Input data format  FREE



UNIVARIATE SAMPLE STATISTICS


     UNIVARIATE HIGHER-ORDER MOMENT DESCRIPTIVE STATISTICS

         Variable/         Mean/     Skewness/   Minimum/ % with                Percentiles
        Sample Size      Variance    Kurtosis    Maximum  Min/Max      20%/60%    40%/80%    Median

     EMOT_MT1              4.378      -0.768       1.380    1.45%       3.630      4.250      4.500
              69.000       0.738       0.965       6.000    1.45%       4.630      5.000
     EMOT_FT1              4.468      -0.660       1.130    1.45%       3.750      4.250      4.500
              69.000       1.295       0.322       6.750    1.45%       4.880      5.380
     ENG_F                 4.449      -0.832       2.800    1.45%       4.000      4.400      4.600
              69.000       0.249       0.468       5.000   26.09%       4.600      5.000
     ENG_M                 4.467      -0.967       2.800    1.45%       4.000      4.400      4.600
              69.000       0.244       0.998       5.000   26.09%       4.800      5.000


THE MODEL ESTIMATION TERMINATED NORMALLY



MODEL FIT INFORMATION

Number of Free Parameters                       13

Loglikelihood

          H0 Value                        -284.276
          H1 Value                        -284.036

Information Criteria

          Akaike (AIC)                     594.552
          Bayesian (BIC)                   623.595
          Sample-Size Adjusted BIC         582.652
            (n* = (n + 2) / 24)

Chi-Square Test of Model Fit

          Value                              0.479
          Degrees of Freedom                     1
          P-Value                           0.4887

RMSEA (Root Mean Square Error Of Approximation)

          Estimate                           0.000
          90 Percent C.I.                    0.000  0.280
          Probability RMSEA <= .05           0.525

CFI/TLI

          CFI                                1.000
          TLI                                1.000

Chi-Square Test of Model Fit for the Baseline Model

          Value                             18.135
          Degrees of Freedom                     5
          P-Value                           0.0028

SRMR (Standardized Root Mean Square Residual)

          Value                              0.025



MODEL RESULTS

                                                    Two-Tailed
                    Estimate       S.E.  Est./S.E.    P-Value

 EMOT_FT1 ON
    ENG_F             -0.009      0.165     -0.052      0.959
    ENG_M             -0.675      0.261     -2.584      0.010

 EMOT_MT1 ON
    ENG_F             -0.038      0.190     -0.201      0.841
    ENG_M             -0.009      0.165     -0.052      0.959

 EMOT_FT1 WITH
    EMOT_MT1           0.379      0.130      2.906      0.004

 ENG_M    WITH
    ENG_F             -0.023      0.028     -0.818      0.413

 Means
    ENG_F              4.449      0.061     73.335      0.000
    ENG_M              4.467      0.061     73.703      0.000

 Intercepts
    EMOT_MT1           4.586      1.282      3.577      0.000
    EMOT_FT1           7.522      1.574      4.779      0.000

 Variances
    ENG_F              0.249      0.046      5.366      0.000
    ENG_M              0.244      0.051      4.812      0.000

 Residual Variances
    EMOT_MT1           0.737      0.144      5.136      0.000
    EMOT_FT1           1.199      0.213      5.633      0.000


STANDARDIZED MODEL RESULTS


STDYX Standardization

                                                    Two-Tailed
                    Estimate       S.E.  Est./S.E.    P-Value

 EMOT_FT1 ON
    ENG_F             -0.004      0.073     -0.051      0.959
    ENG_M             -0.292      0.093     -3.125      0.002

 EMOT_MT1 ON
    ENG_F             -0.022      0.106     -0.209      0.834
    ENG_M             -0.005      0.094     -0.053      0.958

 EMOT_FT1 WITH
    EMOT_MT1           0.403      0.108      3.729      0.000

 ENG_M    WITH
    ENG_F             -0.093      0.115     -0.815      0.415

 Means
    ENG_F              8.924      0.960      9.294      0.000
    ENG_M              9.038      1.067      8.473      0.000

 Intercepts
    EMOT_MT1           5.340      1.539      3.469      0.001
    EMOT_FT1           6.572      1.319      4.984      0.000

 Variances
    ENG_F              1.000      0.000    999.000    999.000
    ENG_M              1.000      0.000    999.000    999.000

 Residual Variances
    EMOT_MT1           1.000      0.020     49.976      0.000
    EMOT_FT1           0.915      0.053     17.244      0.000


R-SQUARE

    Observed                                        Two-Tailed
    Variable        Estimate       S.E.  Est./S.E.    P-Value

    EMOT_MT1           0.000      0.020      0.025      0.980
    EMOT_FT1           0.085      0.053      1.598      0.110


CONFIDENCE INTERVALS OF MODEL RESULTS

                  Lower .5%  Lower 2.5%    Lower 5%    Estimate    Upper 5%  Upper 2.5%   Upper .5%

 EMOT_FT1 ON
    ENG_F           -0.444      -0.339      -0.288      -0.009       0.258       0.308       0.418
    ENG_M           -1.458      -1.264      -1.143      -0.675      -0.284      -0.215      -0.075

 EMOT_MT1 ON
    ENG_F           -0.588      -0.419      -0.358      -0.038       0.268       0.340       0.462
    ENG_M           -0.444      -0.339      -0.288      -0.009       0.258       0.308       0.418

 EMOT_FT1 WITH
    EMOT_MT1         0.071       0.128       0.166       0.379       0.597       0.643       0.725

 ENG_M    WITH
    ENG_F           -0.094      -0.078      -0.068      -0.023       0.024       0.033       0.049

 Means
    ENG_F            4.287       4.328       4.348       4.449       4.551       4.568       4.603
    ENG_M            4.299       4.342       4.365       4.467       4.565       4.580       4.612

 Intercepts
    EMOT_MT1         1.351       2.189       2.580       4.586       6.762       7.200       8.102
    EMOT_FT1         3.634       4.713       5.127       7.522      10.287      10.882      12.164

 Variances
    ENG_F            0.143       0.162       0.173       0.249       0.325       0.340       0.376
    ENG_M            0.135       0.154       0.164       0.244       0.331       0.348       0.389

 Residual Variances
    EMOT_MT1         0.397       0.456       0.489       0.737       0.966       1.022       1.107
    EMOT_FT1         0.684       0.768       0.823       1.199       1.515       1.596       1.785


CONFIDENCE INTERVALS OF STANDARDIZED MODEL RESULTS


STDYX Standardization

                  Lower .5%  Lower 2.5%    Lower 5%    Estimate    Upper 5%  Upper 2.5%   Upper .5%

 EMOT_FT1 ON
    ENG_F           -0.189      -0.146      -0.124      -0.004       0.117       0.143       0.191
    ENG_M           -0.515      -0.465      -0.439      -0.292      -0.131      -0.100      -0.036

 EMOT_MT1 ON
    ENG_F           -0.279      -0.220      -0.190      -0.022       0.161       0.197       0.267
    ENG_M           -0.258      -0.198      -0.168      -0.005       0.142       0.167       0.217

 EMOT_FT1 WITH
    EMOT_MT1         0.104       0.172       0.213       0.403       0.568       0.599       0.647

 ENG_M    WITH
    ENG_F           -0.365      -0.304      -0.271      -0.093       0.106       0.144       0.220

 Means
    ENG_F            7.107       7.509       7.708       8.924      10.837      11.239      11.976
    ENG_M            6.977       7.438       7.669       9.038      11.160      11.519      12.334

 Intercepts
    EMOT_MT1         1.527       2.517       2.999       5.340       8.102       8.578       9.738
    EMOT_FT1         3.306       4.148       4.644       6.572       8.980       9.410      10.289

 Variances
    ENG_F            1.000       1.000       1.000       1.000       1.000       1.000       1.000
    ENG_M            1.000       1.000       1.000       1.000       1.000       1.000       1.000

 Residual Variances
    EMOT_MT1         0.891       0.927       0.941       1.000       0.999       0.999       1.000
    EMOT_FT1         0.731       0.782       0.805       0.915       0.975       0.983       0.993


     Beginning Time:  13:23:46
        Ending Time:  13:23:48
       Elapsed Time:  00:00:02



MUTHEN & MUTHEN
3463 Stoner Ave.
Los Angeles, CA  90066

Tel: (310) 391-9971
Fax: (310) 391-8971
Web: www.StatModel.com
Support: Support@StatModel.com

Copyright (c) 1998-2022 Muthen & Muthen
