Mplus VERSION 8.8 (Mac)
MUTHEN & MUTHEN
04/08/2023   1:29 PM

INPUT INSTRUCTIONS

  TITLE:   APIM MJS German

  DATA:
      FILE IS "Data_APIM.txt";



  VARIABLE:


    NAMES ARE Cogn_MT1 Emot_MT1 Beh_MT1
    Cogn_FT1 Emot_FT1 Beh_FT1
    Cogn_FT2 Emot_FT2 Beh_FT2
    Cogn_MT2 Emot_MT2 Beh_MT2
    Fasz_F Eng_F Sex_F Fut_F
    Mist_F Const_F
    Fasz_M Eng_M Sex_M Fut_M
    Mist_M Const_M;

    USEVAR Emot_MT1 Emot_FT1 Sex_F
    Sex_M;


  ANALYSIS:
    estimator=ml;
    bootstrap=5000;


  MODEL:
   Emot_FT1 ON Sex_F;
   Emot_FT1 ON Sex_M;
   Emot_MT1 ON Sex_F;
   Emot_MT1 ON Sex_M;

   Emot_FT1 with Emot_MT1;
   Sex_M with Sex_F;


  OUTPUT:
  cinterval (bootstrap) STDYX;



INPUT READING TERMINATED NORMALLY



APIM MJS German

SUMMARY OF ANALYSIS

Number of groups                                                 1
Number of observations                                          69

Number of dependent variables                                    2
Number of independent variables                                  2
Number of continuous latent variables                            0

Observed dependent variables

  Continuous
   EMOT_MT1    EMOT_FT1

Observed independent variables
   SEX_F       SEX_M


Estimator                                                       ML
Information matrix                                        OBSERVED
Maximum number of iterations                                  1000
Convergence criterion                                    0.500D-04
Maximum number of steepest descent iterations                   20
Number of bootstrap draws
    Requested                                                 5000
    Completed                                                 5000

Input data file(s)
  Data_APIM.txt

Input data format  FREE



UNIVARIATE SAMPLE STATISTICS


     UNIVARIATE HIGHER-ORDER MOMENT DESCRIPTIVE STATISTICS

         Variable/         Mean/     Skewness/   Minimum/ % with                Percentiles
        Sample Size      Variance    Kurtosis    Maximum  Min/Max      20%/60%    40%/80%    Median

     EMOT_MT1              4.378      -0.768       1.380    1.45%       3.630      4.250      4.500
              69.000       0.738       0.965       6.000    1.45%       4.630      5.000
     EMOT_FT1              4.468      -0.660       1.130    1.45%       3.750      4.250      4.500
              69.000       1.295       0.322       6.750    1.45%       4.880      5.380
     SEX_F                 3.997      -0.763       1.200    1.45%       3.200      4.000      4.200
              69.000       0.768       0.048       5.000   21.74%       4.400      5.000
     SEX_M                 3.968      -0.629       1.600    1.45%       3.200      3.800      4.000
              69.000       0.672      -0.205       5.000   15.94%       4.400      4.800


THE MODEL ESTIMATION TERMINATED NORMALLY



MODEL FIT INFORMATION

Number of Free Parameters                       14

Loglikelihood

          H0 Value                        -353.828
          H1 Value                        -353.828

Information Criteria

          Akaike (AIC)                     735.656
          Bayesian (BIC)                   766.934
          Sample-Size Adjusted BIC         722.841
            (n* = (n + 2) / 24)

Chi-Square Test of Model Fit

          Value                              0.000
          Degrees of Freedom                     0
          P-Value                           0.0000

RMSEA (Root Mean Square Error Of Approximation)

          Estimate                           0.000
          90 Percent C.I.                    0.000  0.000
          Probability RMSEA <= .05           0.000

CFI/TLI

          CFI                                1.000
          TLI                                1.000

Chi-Square Test of Model Fit for the Baseline Model

          Value                             17.083
          Degrees of Freedom                     5
          P-Value                           0.0043

SRMR (Standardized Root Mean Square Residual)

          Value                              0.000



MODEL RESULTS

                                                    Two-Tailed
                    Estimate       S.E.  Est./S.E.    P-Value

 EMOT_FT1 ON
    SEX_F             -0.076      0.157     -0.486      0.627
    SEX_M              0.410      0.152      2.704      0.007

 EMOT_MT1 ON
    SEX_F             -0.036      0.132     -0.276      0.783
    SEX_M              0.235      0.167      1.401      0.161

 EMOT_FT1 WITH
    EMOT_MT1           0.308      0.121      2.540      0.011

 SEX_M    WITH
    SEX_F              0.261      0.122      2.141      0.032

 Means
    SEX_F              3.997      0.107     37.503      0.000
    SEX_M              3.968      0.099     40.162      0.000

 Intercepts
    EMOT_MT1           3.592      0.545      6.595      0.000
    EMOT_FT1           3.145      0.788      3.993      0.000

 Variances
    SEX_F              0.768      0.129      5.957      0.000
    SEX_M              0.672      0.108      6.245      0.000

 Residual Variances
    EMOT_MT1           0.704      0.123      5.744      0.000
    EMOT_FT1           1.194      0.241      4.950      0.000


STANDARDIZED MODEL RESULTS


STDYX Standardization

                                                    Two-Tailed
                    Estimate       S.E.  Est./S.E.    P-Value

 EMOT_FT1 ON
    SEX_F             -0.059      0.118     -0.495      0.620
    SEX_M              0.295      0.111      2.666      0.008

 EMOT_MT1 ON
    SEX_F             -0.037      0.132     -0.281      0.779
    SEX_M              0.224      0.150      1.492      0.136

 EMOT_FT1 WITH
    EMOT_MT1           0.336      0.112      2.997      0.003

 SEX_M    WITH
    SEX_F              0.363      0.139      2.605      0.009

 Means
    SEX_F              4.561      0.484      9.428      0.000
    SEX_M              4.841      0.481     10.073      0.000

 Intercepts
    EMOT_MT1           4.181      0.880      4.750      0.000
    EMOT_FT1           2.764      0.754      3.665      0.000

 Variances
    SEX_F              1.000      0.000    999.000    999.000
    SEX_M              1.000      0.000    999.000    999.000

 Residual Variances
    EMOT_MT1           0.955      0.060     16.036      0.000
    EMOT_FT1           0.922      0.063     14.591      0.000


R-SQUARE

    Observed                                        Two-Tailed
    Variable        Estimate       S.E.  Est./S.E.    P-Value

    EMOT_MT1           0.045      0.060      0.764      0.445
    EMOT_FT1           0.078      0.063      1.235      0.217


CONFIDENCE INTERVALS OF MODEL RESULTS

                  Lower .5%  Lower 2.5%    Lower 5%    Estimate    Upper 5%  Upper 2.5%   Upper .5%

 EMOT_FT1 ON
    SEX_F           -0.495      -0.386      -0.335      -0.076       0.177       0.224       0.329
    SEX_M            0.019       0.122       0.166       0.410       0.662       0.705       0.814

 EMOT_MT1 ON
    SEX_F           -0.391      -0.294      -0.247      -0.036       0.181       0.221       0.279
    SEX_M           -0.189      -0.092      -0.051       0.235       0.509       0.555       0.642

 EMOT_FT1 WITH
    EMOT_MT1         0.034       0.081       0.108       0.308       0.509       0.551       0.651

 SEX_M    WITH
    SEX_F           -0.025       0.037       0.066       0.261       0.475       0.513       0.591

 Means
    SEX_F            3.719       3.783       3.817       3.997       4.174       4.203       4.261
    SEX_M            3.707       3.768       3.797       3.968       4.125       4.157       4.212

 Intercepts
    EMOT_MT1         2.202       2.530       2.689       3.592       4.499       4.685       5.103
    EMOT_FT1         1.084       1.545       1.827       3.145       4.397       4.676       5.212

 Variances
    SEX_F            0.472       0.523       0.552       0.768       0.981       1.023       1.104
    SEX_M            0.418       0.463       0.491       0.672       0.847       0.887       0.944

 Residual Variances
    EMOT_MT1         0.375       0.435       0.471       0.704       0.877       0.918       0.985
    EMOT_FT1         0.598       0.712       0.772       1.194       1.559       1.657       1.843


CONFIDENCE INTERVALS OF STANDARDIZED MODEL RESULTS


STDYX Standardization

                  Lower .5%  Lower 2.5%    Lower 5%    Estimate    Upper 5%  Upper 2.5%   Upper .5%

 EMOT_FT1 ON
    SEX_F           -0.360      -0.291      -0.250      -0.059       0.137       0.174       0.252
    SEX_M            0.010       0.083       0.115       0.295       0.478       0.512       0.579

 EMOT_MT1 ON
    SEX_F           -0.337      -0.265      -0.224      -0.037       0.206       0.245       0.320
    SEX_M           -0.171      -0.089      -0.050       0.224       0.447       0.490       0.555

 EMOT_FT1 WITH
    EMOT_MT1         0.047       0.111       0.146       0.336       0.512       0.542       0.604

 SEX_M    WITH
    SEX_F           -0.040       0.065       0.109       0.363       0.572       0.604       0.658

 Means
    SEX_F            3.644       3.822       3.921       4.561       5.533       5.715       6.075
    SEX_M            3.914       4.110       4.210       4.841       5.786       5.974       6.327

 Intercepts
    EMOT_MT1         2.288       2.677       2.924       4.181       5.842       6.157       6.850
    EMOT_FT1         0.951       1.338       1.593       2.764       4.060       4.344       4.865

 Variances
    SEX_F            1.000       1.000       1.000       1.000       1.000       1.000       1.000
    SEX_M            1.000       1.000       1.000       1.000       1.000       1.000       1.000

 Residual Variances
    EMOT_MT1         0.707       0.776       0.808       0.955       0.995       0.997       0.999
    EMOT_FT1         0.684       0.745       0.774       0.922       0.979       0.987       0.996


     Beginning Time:  13:29:40
        Ending Time:  13:29:43
       Elapsed Time:  00:00:03



MUTHEN & MUTHEN
3463 Stoner Ave.
Los Angeles, CA  90066

Tel: (310) 391-9971
Fax: (310) 391-8971
Web: www.StatModel.com
Support: Support@StatModel.com

Copyright (c) 1998-2022 Muthen & Muthen
