Mplus VERSION 8.8 (Mac)
MUTHEN & MUTHEN
04/08/2023   1:08 PM

INPUT INSTRUCTIONS

  TITLE:   APIM MJS German

  DATA:
      FILE IS "Data_APIM.txt";



  VARIABLE:


    NAMES ARE Cogn_MT1 Emot_MT1 Beh_MT1
    Cogn_FT1 Emot_FT1 Beh_FT1
    Cogn_FT2 Emot_FT2 Beh_FT2
    Cogn_MT2 Emot_MT2 Beh_MT2
    Fasz_F Eng_F Sex_F Fut_F
    Mist_F Const_F
    Fasz_M Eng_M Sex_M Fut_M
    Mist_M Const_M;

    USEVAR Cogn_MT1 Cogn_FT1 Eng_F
    Eng_M;


  ANALYSIS:
    estimator=ml;
    bootstrap=5000;


  MODEL:
   Cogn_FT1 ON Eng_F (1);
   Cogn_FT1 ON Eng_M (2);
   Cogn_MT1 ON Eng_F (2);
   Cogn_MT1 ON Eng_M (1);

   Cogn_FT1 with Cogn_MT1;
   Eng_M with Eng_F;


  OUTPUT:
  cinterval (bootstrap) STDYX;



INPUT READING TERMINATED NORMALLY



APIM MJS German

SUMMARY OF ANALYSIS

Number of groups                                                 1
Number of observations                                          69

Number of dependent variables                                    2
Number of independent variables                                  2
Number of continuous latent variables                            0

Observed dependent variables

  Continuous
   COGN_MT1    COGN_FT1

Observed independent variables
   ENG_F       ENG_M


Estimator                                                       ML
Information matrix                                        OBSERVED
Maximum number of iterations                                  1000
Convergence criterion                                    0.500D-04
Maximum number of steepest descent iterations                   20
Number of bootstrap draws
    Requested                                                 5000
    Completed                                                 5000

Input data file(s)
  Data_APIM.txt

Input data format  FREE



UNIVARIATE SAMPLE STATISTICS


     UNIVARIATE HIGHER-ORDER MOMENT DESCRIPTIVE STATISTICS

         Variable/         Mean/     Skewness/   Minimum/ % with                Percentiles
        Sample Size      Variance    Kurtosis    Maximum  Min/Max      20%/60%    40%/80%    Median

     COGN_MT1              2.297       0.438       1.000   10.14%       1.500      1.880      2.000
              69.000       0.863      -0.940       4.130    1.45%       2.250      3.250
     COGN_FT1              2.095       0.763       1.000    2.90%       1.380      1.750      1.750
              69.000       0.576       0.185       4.630    1.45%       2.130      2.750
     ENG_F                 4.449      -0.832       2.800    1.45%       4.000      4.400      4.600
              69.000       0.249       0.468       5.000   26.09%       4.600      5.000
     ENG_M                 4.467      -0.967       2.800    1.45%       4.000      4.400      4.600
              69.000       0.244       0.998       5.000   26.09%       4.800      5.000


THE MODEL ESTIMATION TERMINATED NORMALLY



MODEL FIT INFORMATION

Number of Free Parameters                       12

Loglikelihood

          H0 Value                        -264.795
          H1 Value                        -264.097

Information Criteria

          Akaike (AIC)                     553.590
          Bayesian (BIC)                   580.400
          Sample-Size Adjusted BIC         542.606
            (n* = (n + 2) / 24)

Chi-Square Test of Model Fit

          Value                              1.397
          Degrees of Freedom                     2
          P-Value                           0.4974

RMSEA (Root Mean Square Error Of Approximation)

          Estimate                           0.000
          90 Percent C.I.                    0.000  0.215
          Probability RMSEA <= .05           0.554

CFI/TLI

          CFI                                1.000
          TLI                                1.000

Chi-Square Test of Model Fit for the Baseline Model

          Value                             12.859
          Degrees of Freedom                     5
          P-Value                           0.0247

SRMR (Standardized Root Mean Square Residual)

          Value                              0.044



MODEL RESULTS

                                                    Two-Tailed
                    Estimate       S.E.  Est./S.E.    P-Value

 COGN_FT1 ON
    ENG_F             -0.120      0.134     -0.897      0.370
    ENG_M             -0.327      0.151     -2.156      0.031

 COGN_MT1 ON
    ENG_F             -0.327      0.151     -2.156      0.031
    ENG_M             -0.120      0.134     -0.897      0.370

 COGN_FT1 WITH
    COGN_MT1           0.195      0.090      2.154      0.031

 ENG_M    WITH
    ENG_F             -0.023      0.028     -0.818      0.413

 Means
    ENG_F              4.449      0.061     73.335      0.000
    ENG_M              4.467      0.061     73.703      0.000

 Intercepts
    COGN_MT1           4.286      1.070      4.007      0.000
    COGN_FT1           4.088      1.077      3.795      0.000

 Variances
    ENG_F              0.249      0.046      5.366      0.000
    ENG_M              0.244      0.051      4.812      0.000

 Residual Variances
    COGN_MT1           0.865      0.105      8.237      0.000
    COGN_FT1           0.530      0.092      5.793      0.000


STANDARDIZED MODEL RESULTS


STDYX Standardization

                                                    Two-Tailed
                    Estimate       S.E.  Est./S.E.    P-Value

 COGN_FT1 ON
    ENG_F             -0.080      0.086     -0.934      0.350
    ENG_M             -0.216      0.105     -2.050      0.040

 COGN_MT1 ON
    ENG_F             -0.172      0.073     -2.358      0.018
    ENG_M             -0.063      0.068     -0.923      0.356

 COGN_FT1 WITH
    COGN_MT1           0.288      0.123      2.341      0.019

 ENG_M    WITH
    ENG_F             -0.093      0.115     -0.815      0.415

 Means
    ENG_F              8.924      0.960      9.294      0.000
    ENG_M              9.038      1.067      8.473      0.000

 Intercepts
    COGN_MT1           4.536      1.110      4.086      0.000
    COGN_FT1           5.473      1.443      3.793      0.000

 Variances
    ENG_F              1.000      0.000    999.000    999.000
    ENG_M              1.000      0.000    999.000    999.000

 Residual Variances
    COGN_MT1           0.968      0.027     36.537      0.000
    COGN_FT1           0.950      0.050     18.895      0.000


R-SQUARE

    Observed                                        Two-Tailed
    Variable        Estimate       S.E.  Est./S.E.    P-Value

    COGN_MT1           0.032      0.027      1.192      0.233
    COGN_FT1           0.050      0.050      0.992      0.321


CONFIDENCE INTERVALS OF MODEL RESULTS

                  Lower .5%  Lower 2.5%    Lower 5%    Estimate    Upper 5%  Upper 2.5%   Upper .5%

 COGN_FT1 ON
    ENG_F           -0.520      -0.405      -0.360      -0.120       0.080       0.113       0.190
    ENG_M           -0.717      -0.621      -0.571      -0.327      -0.073      -0.023       0.071

 COGN_MT1 ON
    ENG_F           -0.717      -0.621      -0.571      -0.327      -0.073      -0.023       0.071
    ENG_M           -0.520      -0.405      -0.360      -0.120       0.080       0.113       0.190

 COGN_FT1 WITH
    COGN_MT1        -0.037       0.015       0.044       0.195       0.341       0.378       0.437

 ENG_M    WITH
    ENG_F           -0.094      -0.078      -0.068      -0.023       0.024       0.033       0.049

 Means
    ENG_F            4.287       4.328       4.348       4.449       4.551       4.568       4.603
    ENG_M            4.299       4.342       4.365       4.467       4.565       4.580       4.612

 Intercepts
    COGN_MT1         1.799       2.306       2.637       4.286       6.179       6.588       7.264
    COGN_FT1         1.486       2.098       2.430       4.088       5.976       6.406       7.082

 Variances
    ENG_F            0.143       0.162       0.173       0.249       0.325       0.340       0.376
    ENG_M            0.135       0.154       0.164       0.244       0.331       0.348       0.389

 Residual Variances
    COGN_MT1         0.578       0.643       0.675       0.865       1.018       1.053       1.112
    COGN_FT1         0.316       0.348       0.370       0.530       0.671       0.710       0.796


CONFIDENCE INTERVALS OF STANDARDIZED MODEL RESULTS


STDYX Standardization

                  Lower .5%  Lower 2.5%    Lower 5%    Estimate    Upper 5%  Upper 2.5%   Upper .5%

 COGN_FT1 ON
    ENG_F           -0.316      -0.255      -0.227      -0.080       0.055       0.083       0.142
    ENG_M           -0.485      -0.426      -0.393      -0.216      -0.045      -0.013       0.045

 COGN_MT1 ON
    ENG_F           -0.341      -0.301      -0.279      -0.172      -0.040      -0.012       0.040
    ENG_M           -0.252      -0.203      -0.183      -0.063       0.042       0.062       0.102

 COGN_FT1 WITH
    COGN_MT1        -0.061       0.025       0.074       0.288       0.475       0.504       0.566

 ENG_M    WITH
    ENG_F           -0.365      -0.304      -0.271      -0.093       0.106       0.144       0.220

 Means
    ENG_F            7.107       7.509       7.708       8.924      10.837      11.239      11.976
    ENG_M            6.977       7.438       7.670       9.038      11.160      11.519      12.334

 Intercepts
    COGN_MT1         1.888       2.499       2.856       4.536       6.485       6.949       7.652
    COGN_FT1         2.046       2.892       3.291       5.473       8.066       8.677       9.570

 Variances
    ENG_F            1.000       1.000       1.000       1.000       1.000       1.000       1.000
    ENG_M            1.000       1.000       1.000       1.000       1.000       1.000       1.000

 Residual Variances
    COGN_MT1         0.868       0.896       0.911       0.968       0.996       0.998       0.999
    COGN_FT1         0.757       0.807       0.835       0.950       0.993       0.996       0.999


     Beginning Time:  13:08:27
        Ending Time:  13:08:30
       Elapsed Time:  00:00:03



MUTHEN & MUTHEN
3463 Stoner Ave.
Los Angeles, CA  90066

Tel: (310) 391-9971
Fax: (310) 391-8971
Web: www.StatModel.com
Support: Support@StatModel.com

Copyright (c) 1998-2022 Muthen & Muthen
