Mplus VERSION 8.8 (Mac)
MUTHEN & MUTHEN
04/08/2023   1:12 PM

INPUT INSTRUCTIONS

  TITLE:   APIM MJS German

  DATA:
      FILE IS "Data_APIM.txt";



  VARIABLE:


    NAMES ARE Cogn_MT1 Emot_MT1 Beh_MT1
    Cogn_FT1 Emot_FT1 Beh_FT1
    Cogn_FT2 Emot_FT2 Beh_FT2
    Cogn_MT2 Emot_MT2 Beh_MT2
    Fasz_F Eng_F Sex_F Fut_F
    Mist_F Const_F
    Fasz_M Eng_M Sex_M Fut_M
    Mist_M Const_M;

    USEVAR Cogn_MT1 Cogn_FT1 Fut_F
    Fut_M;


  ANALYSIS:
    estimator=ml;
    bootstrap=5000;


  MODEL:
   Cogn_FT1 ON Fut_F (1);
   Cogn_FT1 ON Fut_M (2);
   Cogn_MT1 ON Fut_F (2);
   Cogn_MT1 ON Fut_M (1);

   Cogn_FT1 with Cogn_MT1;
   Fut_M with Fut_F;


  OUTPUT:
  cinterval (bootstrap) STDYX;



INPUT READING TERMINATED NORMALLY



APIM MJS German

SUMMARY OF ANALYSIS

Number of groups                                                 1
Number of observations                                          69

Number of dependent variables                                    2
Number of independent variables                                  2
Number of continuous latent variables                            0

Observed dependent variables

  Continuous
   COGN_MT1    COGN_FT1

Observed independent variables
   FUT_F       FUT_M


Estimator                                                       ML
Information matrix                                        OBSERVED
Maximum number of iterations                                  1000
Convergence criterion                                    0.500D-04
Maximum number of steepest descent iterations                   20
Number of bootstrap draws
    Requested                                                 5000
    Completed                                                 5000

Input data file(s)
  Data_APIM.txt

Input data format  FREE



UNIVARIATE SAMPLE STATISTICS


     UNIVARIATE HIGHER-ORDER MOMENT DESCRIPTIVE STATISTICS

         Variable/         Mean/     Skewness/   Minimum/ % with                Percentiles
        Sample Size      Variance    Kurtosis    Maximum  Min/Max      20%/60%    40%/80%    Median

     COGN_MT1              2.297       0.438       1.000   10.14%       1.500      1.880      2.000
              69.000       0.863      -0.940       4.130    1.45%       2.250      3.250
     COGN_FT1              2.095       0.763       1.000    2.90%       1.380      1.750      1.750
              69.000       0.576       0.185       4.630    1.45%       2.130      2.750
     FUT_F                 4.771      -1.416       3.800    2.90%       4.400      5.000      5.000
              69.000       0.135       0.519       5.000   62.32%       5.000      5.000
     FUT_M                 4.690      -1.554       3.200    1.45%       4.400      4.800      5.000
              69.000       0.231       1.368       5.000   59.42%       5.000      5.000


THE MODEL ESTIMATION TERMINATED NORMALLY



MODEL FIT INFORMATION

Number of Free Parameters                       12

Loglikelihood

          H0 Value                        -234.662
          H1 Value                        -234.402

Information Criteria

          Akaike (AIC)                     493.323
          Bayesian (BIC)                   520.132
          Sample-Size Adjusted BIC         482.339
            (n* = (n + 2) / 24)

Chi-Square Test of Model Fit

          Value                              0.519
          Degrees of Freedom                     2
          P-Value                           0.7716

RMSEA (Root Mean Square Error Of Approximation)

          Estimate                           0.000
          90 Percent C.I.                    0.000  0.158
          Probability RMSEA <= .05           0.804

CFI/TLI

          CFI                                1.000
          TLI                                1.000

Chi-Square Test of Model Fit for the Baseline Model

          Value                             18.595
          Degrees of Freedom                     5
          P-Value                           0.0023

SRMR (Standardized Root Mean Square Residual)

          Value                              0.022



MODEL RESULTS

                                                    Two-Tailed
                    Estimate       S.E.  Est./S.E.    P-Value

 COGN_FT1 ON
    FUT_F             -0.499      0.179     -2.793      0.005
    FUT_M             -0.234      0.188     -1.241      0.215

 COGN_MT1 ON
    FUT_F             -0.234      0.188     -1.241      0.215
    FUT_M             -0.499      0.179     -2.793      0.005

 COGN_FT1 WITH
    COGN_MT1           0.153      0.093      1.646      0.100

 FUT_M    WITH
    FUT_F              0.059      0.024      2.465      0.014

 Means
    FUT_F              4.771      0.044    107.307      0.000
    FUT_M              4.690      0.059     80.064      0.000

 Intercepts
    COGN_MT1           5.754      0.966      5.953      0.000
    COGN_FT1           5.573      0.951      5.861      0.000

 Variances
    FUT_F              0.135      0.026      5.263      0.000
    FUT_M              0.231      0.051      4.542      0.000

 Residual Variances
    COGN_MT1           0.793      0.102      7.802      0.000
    COGN_FT1           0.511      0.115      4.450      0.000


STANDARDIZED MODEL RESULTS


STDYX Standardization

                                                    Two-Tailed
                    Estimate       S.E.  Est./S.E.    P-Value

 COGN_FT1 ON
    FUT_F             -0.242      0.095     -2.549      0.011
    FUT_M             -0.149      0.118     -1.261      0.207

 COGN_MT1 ON
    FUT_F             -0.092      0.076     -1.208      0.227
    FUT_M             -0.257      0.097     -2.653      0.008

 COGN_FT1 WITH
    COGN_MT1           0.240      0.132      1.821      0.069

 FUT_M    WITH
    FUT_F              0.336      0.118      2.862      0.004

 Means
    FUT_F             12.994      1.535      8.467      0.000
    FUT_M              9.751      1.340      7.277      0.000

 Intercepts
    COGN_MT1           6.161      1.044      5.900      0.000
    COGN_FT1           7.373      1.549      4.760      0.000

 Variances
    FUT_F              1.000      0.000    999.000    999.000
    FUT_M              1.000      0.000    999.000    999.000

 Residual Variances
    COGN_MT1           0.910      0.051     17.917      0.000
    COGN_FT1           0.895      0.074     12.089      0.000


R-SQUARE

    Observed                                        Two-Tailed
    Variable        Estimate       S.E.  Est./S.E.    P-Value

    COGN_MT1           0.090      0.051      1.781      0.075
    COGN_FT1           0.105      0.074      1.421      0.155


CONFIDENCE INTERVALS OF MODEL RESULTS

                  Lower .5%  Lower 2.5%    Lower 5%    Estimate    Upper 5%  Upper 2.5%   Upper .5%

 COGN_FT1 ON
    FUT_F           -0.925      -0.820      -0.766      -0.499      -0.184      -0.119       0.019
    FUT_M           -0.778      -0.644      -0.571      -0.234       0.053       0.102       0.194

 COGN_MT1 ON
    FUT_F           -0.778      -0.644      -0.571      -0.234       0.053       0.102       0.194
    FUT_M           -0.925      -0.820      -0.766      -0.499      -0.184      -0.119       0.019

 COGN_FT1 WITH
    COGN_MT1        -0.067      -0.020       0.005       0.153       0.309       0.344       0.411

 FUT_M    WITH
    FUT_F            0.005       0.015       0.021       0.059       0.100       0.108       0.124

 Means
    FUT_F            4.649       4.681       4.696       4.771       4.841       4.855       4.878
    FUT_M            4.525       4.571       4.588       4.690       4.783       4.797       4.826

 Intercepts
    COGN_MT1         3.181       3.820       4.151       5.754       7.315       7.630       8.304
    COGN_FT1         3.042       3.666       3.997       5.573       7.103       7.447       8.128

 Variances
    FUT_F            0.064       0.082       0.090       0.135       0.175       0.181       0.195
    FUT_M            0.104       0.131       0.145       0.231       0.315       0.331       0.360

 Residual Variances
    COGN_MT1         0.516       0.577       0.609       0.793       0.943       0.980       1.033
    COGN_FT1         0.256       0.296       0.322       0.511       0.695       0.739       0.837


CONFIDENCE INTERVALS OF STANDARDIZED MODEL RESULTS


STDYX Standardization

                  Lower .5%  Lower 2.5%    Lower 5%    Estimate    Upper 5%  Upper 2.5%   Upper .5%

 COGN_FT1 ON
    FUT_F           -0.486      -0.429      -0.395      -0.242      -0.087      -0.056       0.009
    FUT_M           -0.474      -0.397      -0.360      -0.149       0.032       0.062       0.115

 COGN_MT1 ON
    FUT_F           -0.310      -0.261      -0.234      -0.092       0.020       0.038       0.069
    FUT_M           -0.489      -0.436      -0.407      -0.257      -0.092      -0.057       0.011

 COGN_FT1 WITH
    COGN_MT1        -0.125      -0.035       0.010       0.240       0.441       0.470       0.532

 FUT_M    WITH
    FUT_F            0.036       0.103       0.135       0.336       0.524       0.557       0.616

 Means
    FUT_F           10.577      11.026      11.258      12.994      16.118      16.874      19.048
    FUT_M            7.577       7.985       8.224       9.751      12.519      13.212      14.880

 Intercepts
    COGN_MT1         3.647       4.161       4.525       6.161       7.959       8.322       9.077
    COGN_FT1         3.661       4.516       5.043       7.373      10.088      10.590      11.762

 Variances
    FUT_F            1.000       1.000       1.000       1.000       1.000       1.000       1.000
    FUT_M            1.000       1.000       1.000       1.000       1.000       1.000       1.000

 Residual Variances
    COGN_MT1         0.732       0.783       0.806       0.910       0.970       0.979       0.989
    COGN_FT1         0.621       0.700       0.731       0.895       0.969       0.979       0.991


     Beginning Time:  13:12:22
        Ending Time:  13:12:25
       Elapsed Time:  00:00:03



MUTHEN & MUTHEN
3463 Stoner Ave.
Los Angeles, CA  90066

Tel: (310) 391-9971
Fax: (310) 391-8971
Web: www.StatModel.com
Support: Support@StatModel.com

Copyright (c) 1998-2022 Muthen & Muthen
