Mplus VERSION 8.8 (Mac)
MUTHEN & MUTHEN
04/08/2023   1:14 PM

INPUT INSTRUCTIONS

  TITLE:   APIM MJS German

  DATA:
      FILE IS "Data_APIM.txt";



  VARIABLE:


    NAMES ARE Cogn_MT1 Emot_MT1 Beh_MT1
    Cogn_FT1 Emot_FT1 Beh_FT1
    Cogn_FT2 Emot_FT2 Beh_FT2
    Cogn_MT2 Emot_MT2 Beh_MT2
    Fasz_F Eng_F Sex_F Fut_F
    Mist_F Const_F
    Fasz_M Eng_M Sex_M Fut_M
    Mist_M Const_M;

    USEVAR Cogn_MT1 Cogn_FT1 Const_F
    Const_M;


  ANALYSIS:
    estimator=ml;
    bootstrap=5000;


  MODEL:
   Cogn_FT1 ON Const_F (1);
   Cogn_FT1 ON Const_M (2);
   Cogn_MT1 ON Const_F (2);
   Cogn_MT1 ON Const_M (1);

   Cogn_FT1 with Cogn_MT1;
   Const_M with Const_F;


  OUTPUT:
  cinterval (bootstrap) STDYX;



INPUT READING TERMINATED NORMALLY



APIM MJS German

SUMMARY OF ANALYSIS

Number of groups                                                 1
Number of observations                                          69

Number of dependent variables                                    2
Number of independent variables                                  2
Number of continuous latent variables                            0

Observed dependent variables

  Continuous
   COGN_MT1    COGN_FT1

Observed independent variables
   CONST_F     CONST_M


Estimator                                                       ML
Information matrix                                        OBSERVED
Maximum number of iterations                                  1000
Convergence criterion                                    0.500D-04
Maximum number of steepest descent iterations                   20
Number of bootstrap draws
    Requested                                                 5000
    Completed                                                 5000

Input data file(s)
  Data_APIM.txt

Input data format  FREE



UNIVARIATE SAMPLE STATISTICS


     UNIVARIATE HIGHER-ORDER MOMENT DESCRIPTIVE STATISTICS

         Variable/         Mean/     Skewness/   Minimum/ % with                Percentiles
        Sample Size      Variance    Kurtosis    Maximum  Min/Max      20%/60%    40%/80%    Median

     COGN_MT1              2.297       0.438       1.000   10.14%       1.500      1.880      2.000
              69.000       0.863      -0.940       4.130    1.45%       2.250      3.250
     COGN_FT1              2.095       0.763       1.000    2.90%       1.380      1.750      1.750
              69.000       0.576       0.185       4.630    1.45%       2.130      2.750
     CONST_F               1.557       1.233       1.000   30.43%       1.000      1.200      1.400
              69.000       0.365       0.881       3.400    1.45%       1.600      2.000
     CONST_M               1.728       0.781       1.000   17.39%       1.200      1.400      1.600
              69.000       0.428      -0.386       3.400    1.45%       1.800      2.200


THE MODEL ESTIMATION TERMINATED NORMALLY



MODEL FIT INFORMATION

Number of Free Parameters                       12

Loglikelihood

          H0 Value                        -287.739
          H1 Value                        -286.930

Information Criteria

          Akaike (AIC)                     599.478
          Bayesian (BIC)                   626.287
          Sample-Size Adjusted BIC         588.493
            (n* = (n + 2) / 24)

Chi-Square Test of Model Fit

          Value                              1.618
          Degrees of Freedom                     2
          P-Value                           0.4453

RMSEA (Root Mean Square Error Of Approximation)

          Estimate                           0.000
          90 Percent C.I.                    0.000  0.224
          Probability RMSEA <= .05           0.504

CFI/TLI

          CFI                                1.000
          TLI                                1.000

Chi-Square Test of Model Fit for the Baseline Model

          Value                             31.143
          Degrees of Freedom                     5
          P-Value                           0.0000

SRMR (Standardized Root Mean Square Residual)

          Value                              0.047



MODEL RESULTS

                                                    Two-Tailed
                    Estimate       S.E.  Est./S.E.    P-Value

 COGN_FT1 ON
    CONST_F            0.480      0.120      4.009      0.000
    CONST_M            0.227      0.122      1.864      0.062

 COGN_MT1 ON
    CONST_F            0.227      0.122      1.864      0.062
    CONST_M            0.480      0.120      4.009      0.000

 COGN_FT1 WITH
    COGN_MT1           0.123      0.079      1.553      0.121

 CONST_M  WITH
    CONST_F            0.064      0.056      1.152      0.249

 Means
    CONST_F            1.557      0.074     21.070      0.000
    CONST_M            1.728      0.078     22.030      0.000

 Intercepts
    COGN_MT1           1.114      0.292      3.812      0.000
    COGN_FT1           0.955      0.274      3.481      0.001

 Variances
    CONST_F            0.365      0.074      4.908      0.000
    CONST_M            0.428      0.065      6.561      0.000

 Residual Variances
    COGN_MT1           0.786      0.110      7.133      0.000
    COGN_FT1           0.431      0.060      7.219      0.000


STANDARDIZED MODEL RESULTS


STDYX Standardization

                                                    Two-Tailed
                    Estimate       S.E.  Est./S.E.    P-Value

 COGN_FT1 ON
    CONST_F            0.391      0.102      3.847      0.000
    CONST_M            0.200      0.110      1.822      0.068

 COGN_MT1 ON
    CONST_F            0.143      0.078      1.831      0.067
    CONST_M            0.328      0.080      4.079      0.000

 COGN_FT1 WITH
    COGN_MT1           0.212      0.132      1.608      0.108

 CONST_M  WITH
    CONST_F            0.162      0.135      1.205      0.228

 Means
    CONST_F            2.576      0.215     11.960      0.000
    CONST_M            2.641      0.169     15.622      0.000

 Intercepts
    COGN_MT1           1.163      0.333      3.491      0.000
    COGN_FT1           1.286      0.436      2.947      0.003

 Variances
    CONST_F            1.000      0.000    999.000    999.000
    CONST_M            1.000      0.000    999.000    999.000

 Residual Variances
    COGN_MT1           0.857      0.069     12.446      0.000
    COGN_FT1           0.782      0.102      7.641      0.000


R-SQUARE

    Observed                                        Two-Tailed
    Variable        Estimate       S.E.  Est./S.E.    P-Value

    COGN_MT1           0.143      0.069      2.082      0.037
    COGN_FT1           0.218      0.102      2.131      0.033


CONFIDENCE INTERVALS OF MODEL RESULTS

                  Lower .5%  Lower 2.5%    Lower 5%    Estimate    Upper 5%  Upper 2.5%   Upper .5%

 COGN_FT1 ON
    CONST_F          0.141       0.229       0.274       0.480       0.665       0.699       0.763
    CONST_M         -0.105      -0.031       0.012       0.227       0.413       0.447       0.514

 COGN_MT1 ON
    CONST_F         -0.105      -0.031       0.012       0.227       0.413       0.447       0.514
    CONST_M          0.141       0.229       0.274       0.480       0.665       0.699       0.763

 COGN_FT1 WITH
    COGN_MT1        -0.077      -0.033      -0.007       0.123       0.253       0.279       0.335

 CONST_M  WITH
    CONST_F         -0.069      -0.039      -0.024       0.064       0.158       0.181       0.224

 Means
    CONST_F          1.371       1.414       1.438       1.557       1.678       1.707       1.748
    CONST_M          1.530       1.577       1.600       1.728       1.858       1.881       1.939

 Intercepts
    COGN_MT1         0.483       0.632       0.698       1.114       1.654       1.791       2.010
    COGN_FT1         0.344       0.486       0.557       0.955       1.460       1.567       1.768

 Variances
    CONST_F          0.183       0.220       0.239       0.365       0.486       0.511       0.550
    CONST_M          0.255       0.299       0.317       0.428       0.530       0.549       0.591

 Residual Variances
    COGN_MT1         0.489       0.553       0.588       0.786       0.945       0.980       1.049
    COGN_FT1         0.265       0.301       0.318       0.431       0.515       0.537       0.576


CONFIDENCE INTERVALS OF STANDARDIZED MODEL RESULTS


STDYX Standardization

                  Lower .5%  Lower 2.5%    Lower 5%    Estimate    Upper 5%  Upper 2.5%   Upper .5%

 COGN_FT1 ON
    CONST_F          0.109       0.176       0.212       0.391       0.543       0.572       0.621
    CONST_M         -0.093      -0.027       0.010       0.200       0.370       0.402       0.458

 COGN_MT1 ON
    CONST_F         -0.060      -0.019       0.007       0.143       0.265       0.287       0.336
    CONST_M          0.102       0.160       0.190       0.328       0.449       0.473       0.525

 COGN_FT1 WITH
    COGN_MT1        -0.158      -0.064      -0.013       0.212       0.414       0.451       0.517

 CONST_M  WITH
    CONST_F         -0.204      -0.113      -0.070       0.162       0.373       0.413       0.494

 Means
    CONST_F          2.204       2.280       2.326       2.576       3.029       3.108       3.320
    CONST_M          2.302       2.381       2.421       2.641       2.972       3.043       3.214

 Intercepts
    COGN_MT1         0.494       0.639       0.712       1.163       1.798       1.937       2.173
    COGN_FT1         0.415       0.622       0.707       1.286       2.139       2.315       2.630

 Variances
    CONST_F          1.000       1.000       1.000       1.000       1.000       1.000       1.000
    CONST_M          1.000       1.000       1.000       1.000       1.000       1.000       1.000

 Residual Variances
    COGN_MT1         0.638       0.697       0.728       0.857       0.952       0.964       0.984
    COGN_FT1         0.488       0.558       0.593       0.782       0.927       0.947       0.976


     Beginning Time:  13:14:28
        Ending Time:  13:14:36
       Elapsed Time:  00:00:08



MUTHEN & MUTHEN
3463 Stoner Ave.
Los Angeles, CA  90066

Tel: (310) 391-9971
Fax: (310) 391-8971
Web: www.StatModel.com
Support: Support@StatModel.com

Copyright (c) 1998-2022 Muthen & Muthen
