Mplus VERSION 8.8 (Mac)
MUTHEN & MUTHEN
04/08/2023   1:13 PM

INPUT INSTRUCTIONS

  TITLE:   APIM MJS German

  DATA:
      FILE IS "Data_APIM.txt";



  VARIABLE:


    NAMES ARE Cogn_MT1 Emot_MT1 Beh_MT1
    Cogn_FT1 Emot_FT1 Beh_FT1
    Cogn_FT2 Emot_FT2 Beh_FT2
    Cogn_MT2 Emot_MT2 Beh_MT2
    Fasz_F Eng_F Sex_F Fut_F
    Mist_F Const_F
    Fasz_M Eng_M Sex_M Fut_M
    Mist_M Const_M;

    USEVAR Cogn_MT1 Cogn_FT1 Mist_F
    Mist_M;


  ANALYSIS:
    estimator=ml;
    bootstrap=5000;


  MODEL:
   Cogn_FT1 ON Mist_F (1);
   Cogn_FT1 ON Mist_M (2);
   Cogn_MT1 ON Mist_F (2);
   Cogn_MT1 ON Mist_M (1);

   Cogn_FT1 with Cogn_MT1;
   Mist_M with Mist_F;


  OUTPUT:
  cinterval (bootstrap) STDYX;



INPUT READING TERMINATED NORMALLY



APIM MJS German

SUMMARY OF ANALYSIS

Number of groups                                                 1
Number of observations                                          69

Number of dependent variables                                    2
Number of independent variables                                  2
Number of continuous latent variables                            0

Observed dependent variables

  Continuous
   COGN_MT1    COGN_FT1

Observed independent variables
   MIST_F      MIST_M


Estimator                                                       ML
Information matrix                                        OBSERVED
Maximum number of iterations                                  1000
Convergence criterion                                    0.500D-04
Maximum number of steepest descent iterations                   20
Number of bootstrap draws
    Requested                                                 5000
    Completed                                                 5000

Input data file(s)
  Data_APIM.txt

Input data format  FREE



UNIVARIATE SAMPLE STATISTICS


     UNIVARIATE HIGHER-ORDER MOMENT DESCRIPTIVE STATISTICS

         Variable/         Mean/     Skewness/   Minimum/ % with                Percentiles
        Sample Size      Variance    Kurtosis    Maximum  Min/Max      20%/60%    40%/80%    Median

     COGN_MT1              2.297       0.438       1.000   10.14%       1.500      1.880      2.000
              69.000       0.863      -0.940       4.130    1.45%       2.250      3.250
     COGN_FT1              2.095       0.763       1.000    2.90%       1.380      1.750      1.750
              69.000       0.576       0.185       4.630    1.45%       2.130      2.750
     MIST_F                1.527       2.019       1.000   50.72%       1.000      1.000      1.000
              69.000       0.701       3.487       4.670    1.45%       1.330      1.670
     MIST_M                1.406       2.287       1.000   50.72%       1.000      1.000      1.000
              69.000       0.364       6.046       4.000    1.45%       1.330      1.670


THE MODEL ESTIMATION TERMINATED NORMALLY



MODEL FIT INFORMATION

Number of Free Parameters                       12

Loglikelihood

          H0 Value                        -297.045
          H1 Value                        -296.379

Information Criteria

          Akaike (AIC)                     618.090
          Bayesian (BIC)                   644.899
          Sample-Size Adjusted BIC         607.105
            (n* = (n + 2) / 24)

Chi-Square Test of Model Fit

          Value                              1.331
          Degrees of Freedom                     2
          P-Value                           0.5140

RMSEA (Root Mean Square Error Of Approximation)

          Estimate                           0.000
          90 Percent C.I.                    0.000  0.212
          Probability RMSEA <= .05           0.570

CFI/TLI

          CFI                                1.000
          TLI                                1.000

Chi-Square Test of Model Fit for the Baseline Model

          Value                             47.968
          Degrees of Freedom                     5
          P-Value                           0.0000

SRMR (Standardized Root Mean Square Residual)

          Value                              0.040



MODEL RESULTS

                                                    Two-Tailed
                    Estimate       S.E.  Est./S.E.    P-Value

 COGN_FT1 ON
    MIST_F             0.541      0.097      5.599      0.000
    MIST_M             0.096      0.088      1.092      0.275

 COGN_MT1 ON
    MIST_F             0.096      0.088      1.092      0.275
    MIST_M             0.541      0.097      5.599      0.000

 COGN_FT1 WITH
    COGN_MT1           0.135      0.063      2.144      0.032

 MIST_M   WITH
    MIST_F             0.012      0.054      0.219      0.827

 Means
    MIST_F             1.527      0.101     15.176      0.000
    MIST_M             1.406      0.073     19.221      0.000

 Intercepts
    COGN_MT1           1.390      0.226      6.159      0.000
    COGN_FT1           1.134      0.203      5.585      0.000

 Variances
    MIST_F             0.701      0.193      3.626      0.000
    MIST_M             0.364      0.123      2.950      0.003

 Residual Variances
    COGN_MT1           0.697      0.093      7.531      0.000
    COGN_FT1           0.388      0.067      5.801      0.000


STANDARDIZED MODEL RESULTS


STDYX Standardization

                                                    Two-Tailed
                    Estimate       S.E.  Est./S.E.    P-Value

 COGN_FT1 ON
    MIST_F             0.586      0.097      6.066      0.000
    MIST_M             0.075      0.060      1.249      0.212

 COGN_MT1 ON
    MIST_F             0.089      0.086      1.032      0.302
    MIST_M             0.362      0.078      4.624      0.000

 COGN_FT1 WITH
    COGN_MT1           0.259      0.119      2.182      0.029

 MIST_M   WITH
    MIST_F             0.023      0.116      0.202      0.840

 Means
    MIST_F             1.823      0.201      9.092      0.000
    MIST_M             2.330      0.378      6.162      0.000

 Intercepts
    COGN_MT1           1.543      0.261      5.908      0.000
    COGN_FT1           1.467      0.346      4.234      0.000

 Variances
    MIST_F             1.000      0.000    999.000    999.000
    MIST_M             1.000      0.000    999.000    999.000

 Residual Variances
    COGN_MT1           0.859      0.057     15.192      0.000
    COGN_FT1           0.649      0.112      5.823      0.000


R-SQUARE

    Observed                                        Two-Tailed
    Variable        Estimate       S.E.  Est./S.E.    P-Value

    COGN_MT1           0.141      0.057      2.490      0.013
    COGN_FT1           0.351      0.112      3.146      0.002


CONFIDENCE INTERVALS OF MODEL RESULTS

                  Lower .5%  Lower 2.5%    Lower 5%    Estimate    Upper 5%  Upper 2.5%   Upper .5%

 COGN_FT1 ON
    MIST_F           0.277       0.345       0.377       0.541       0.692       0.723       0.784
    MIST_M          -0.101      -0.062      -0.041       0.096       0.253       0.282       0.338

 COGN_MT1 ON
    MIST_F          -0.101      -0.062      -0.041       0.096       0.253       0.282       0.338
    MIST_M           0.277       0.345       0.377       0.541       0.692       0.723       0.784

 COGN_FT1 WITH
    COGN_MT1        -0.034       0.011       0.030       0.135       0.233       0.256       0.295

 MIST_M   WITH
    MIST_F          -0.117      -0.090      -0.074       0.012       0.104       0.123       0.157

 Means
    MIST_F           1.299       1.339       1.367       1.527       1.696       1.735       1.807
    MIST_M           1.237       1.276       1.295       1.406       1.532       1.557       1.619

 Intercepts
    COGN_MT1         0.809       0.954       1.024       1.390       1.758       1.834       1.988
    COGN_FT1         0.595       0.736       0.806       1.134       1.474       1.537       1.648

 Variances
    MIST_F           0.257       0.339       0.381       0.701       1.021       1.087       1.225
    MIST_M           0.112       0.143       0.168       0.364       0.576       0.629       0.731

 Residual Variances
    COGN_MT1         0.450       0.499       0.529       0.697       0.832       0.861       0.919
    COGN_FT1         0.214       0.249       0.268       0.388       0.488       0.513       0.556


CONFIDENCE INTERVALS OF STANDARDIZED MODEL RESULTS


STDYX Standardization

                  Lower .5%  Lower 2.5%    Lower 5%    Estimate    Upper 5%  Upper 2.5%   Upper .5%

 COGN_FT1 ON
    MIST_F           0.313       0.377       0.408       0.586       0.729       0.752       0.795
    MIST_M          -0.098      -0.058      -0.037       0.075       0.162       0.177       0.206

 COGN_MT1 ON
    MIST_F          -0.090      -0.051      -0.032       0.089       0.253       0.284       0.339
    MIST_M           0.162       0.201       0.220       0.362       0.482       0.503       0.546

 COGN_FT1 WITH
    COGN_MT1        -0.073       0.023       0.063       0.259       0.449       0.483       0.543

 MIST_M   WITH
    MIST_F          -0.228      -0.173      -0.145       0.023       0.234       0.284       0.366

 Means
    MIST_F           1.546       1.595       1.631       1.823       2.258       2.371       2.629
    MIST_M           1.819       1.906       1.968       2.330       3.213       3.441       3.773

 Intercepts
    COGN_MT1         0.892       1.061       1.137       1.543       1.997       2.073       2.266
    COGN_FT1         0.704       0.875       0.971       1.467       2.106       2.211       2.437

 Variances
    MIST_F           1.000       1.000       1.000       1.000       1.000       1.000       1.000
    MIST_M           1.000       1.000       1.000       1.000       1.000       1.000       1.000

 Residual Variances
    COGN_MT1         0.686       0.727       0.747       0.859       0.935       0.946       0.965
    COGN_FT1         0.350       0.421       0.452       0.649       0.820       0.850       0.886


     Beginning Time:  13:13:18
        Ending Time:  13:13:21
       Elapsed Time:  00:00:03



MUTHEN & MUTHEN
3463 Stoner Ave.
Los Angeles, CA  90066

Tel: (310) 391-9971
Fax: (310) 391-8971
Web: www.StatModel.com
Support: Support@StatModel.com

Copyright (c) 1998-2022 Muthen & Muthen
