Mplus VERSION 8.8 (Mac)
MUTHEN & MUTHEN
03/26/2023   6:13 PM

INPUT INSTRUCTIONS

  TITLE:   CFA MJS German

  DATA:
      FILE IS "MJS_Study3.txt";



  VARIABLE:


    NAMES ARE Gender MJS01-MJS24;

    CATEGORICAL = MJS01-MJS24;

    USEVAR MJS01-MJS24;

  ANALYSIS: Rotation = GEOMIN(orthogonal);
    estimator=wlsmv;

  MODEL: G f1 f2 f3 BY MJS01-MJS24(*1);


  OUTPUT:
  MODINDICES STDYX;



INPUT READING TERMINATED NORMALLY



CFA MJS German

SUMMARY OF ANALYSIS

Number of groups                                                 1
Number of observations                                         656

Number of dependent variables                                   24
Number of independent variables                                  0
Number of continuous latent variables                            4

Observed dependent variables

  Binary and ordered categorical (ordinal)
   MJS01       MJS02       MJS03       MJS04       MJS05       MJS06
   MJS07       MJS08       MJS09       MJS10       MJS11       MJS12
   MJS13       MJS14       MJS15       MJS16       MJS17       MJS18
   MJS19       MJS20       MJS21       MJS22       MJS23       MJS24

Continuous latent variables

  EFA factors
  *1:   G           F1          F2          F3


Estimator                                                    WLSMV
Rotation                                                    GEOMIN
Row standardization                                    CORRELATION
Type of rotation                                        ORTHOGONAL
Epsilon value                                               Varies
Maximum number of iterations                                  1000
Convergence criterion                                    0.500D-04
Maximum number of steepest descent iterations                   20
Optimization Specifications for the Exploratory Factor Analysis
Rotation Algorithm
  Number of random starts                                       30
  Maximum number of iterations                               10000
  Derivative convergence criterion                       0.100D-04
Parameterization                                             DELTA
Link                                                        PROBIT

Input data file(s)
  MJS_Study3.txt

Input data format  FREE


UNIVARIATE PROPORTIONS AND COUNTS FOR CATEGORICAL VARIABLES

    MJS01
      Category 1    0.482          316.000
      Category 2    0.296          194.000
      Category 3    0.084           55.000
      Category 4    0.058           38.000
      Category 5    0.047           31.000
      Category 6    0.024           16.000
      Category 7    0.009            6.000
    MJS02
      Category 1    0.238          156.000
      Category 2    0.236          155.000
      Category 3    0.163          107.000
      Category 4    0.125           82.000
      Category 5    0.136           89.000
      Category 6    0.082           54.000
      Category 7    0.020           13.000
    MJS03
      Category 1    0.136           89.000
      Category 2    0.155          102.000
      Category 3    0.174          114.000
      Category 4    0.154          101.000
      Category 5    0.220          144.000
      Category 6    0.116           76.000
      Category 7    0.046           30.000
    MJS04
      Category 1    0.544          357.000
      Category 2    0.253          166.000
      Category 3    0.076           50.000
      Category 4    0.056           37.000
      Category 5    0.030           20.000
      Category 6    0.027           18.000
      Category 7    0.012            8.000
    MJS05
      Category 1    0.169          111.000
      Category 2    0.169          111.000
      Category 3    0.122           80.000
      Category 4    0.143           94.000
      Category 5    0.212          139.000
      Category 6    0.148           97.000
      Category 7    0.037           24.000
    MJS06
      Category 1    0.279          183.000
      Category 2    0.232          152.000
      Category 3    0.152          100.000
      Category 4    0.120           79.000
      Category 5    0.117           77.000
      Category 6    0.072           47.000
      Category 7    0.027           18.000
    MJS07
      Category 1    0.607          398.000
      Category 2    0.207          136.000
      Category 3    0.075           49.000
      Category 4    0.050           33.000
      Category 5    0.032           21.000
      Category 6    0.021           14.000
      Category 7    0.008            5.000
    MJS08
      Category 1    0.332          218.000
      Category 2    0.216          142.000
      Category 3    0.157          103.000
      Category 4    0.101           66.000
      Category 5    0.104           68.000
      Category 6    0.062           41.000
      Category 7    0.027           18.000
    MJS09
      Category 1    0.035           23.000
      Category 2    0.085           56.000
      Category 3    0.127           83.000
      Category 4    0.337          221.000
      Category 5    0.241          158.000
      Category 6    0.114           75.000
      Category 7    0.061           40.000
    MJS10
      Category 1    0.037           24.000
      Category 2    0.095           62.000
      Category 3    0.133           87.000
      Category 4    0.258          169.000
      Category 5    0.279          183.000
      Category 6    0.139           91.000
      Category 7    0.061           40.000
    MJS11
      Category 1    0.116           76.000
      Category 2    0.230          151.000
      Category 3    0.227          149.000
      Category 4    0.253          166.000
      Category 5    0.104           68.000
      Category 6    0.053           35.000
      Category 7    0.017           11.000
    MJS12
      Category 1    0.021           14.000
      Category 2    0.037           24.000
      Category 3    0.078           51.000
      Category 4    0.146           96.000
      Category 5    0.265          174.000
      Category 6    0.285          187.000
      Category 7    0.168          110.000
    MJS13
      Category 1    0.023           15.000
      Category 2    0.027           18.000
      Category 3    0.049           32.000
      Category 4    0.122           80.000
      Category 5    0.206          135.000
      Category 6    0.297          195.000
      Category 7    0.276          181.000
    MJS14
      Category 1    0.032           21.000
      Category 2    0.038           25.000
      Category 3    0.070           46.000
      Category 4    0.165          108.000
      Category 5    0.152          100.000
      Category 6    0.235          154.000
      Category 7    0.308          202.000
    MJS15
      Category 1    0.062           41.000
      Category 2    0.101           66.000
      Category 3    0.174          114.000
      Category 4    0.262          172.000
      Category 5    0.220          144.000
      Category 6    0.120           79.000
      Category 7    0.061           40.000
    MJS16
      Category 1    0.142           93.000
      Category 2    0.206          135.000
      Category 3    0.194          127.000
      Category 4    0.279          183.000
      Category 5    0.102           67.000
      Category 6    0.056           37.000
      Category 7    0.021           14.000
    MJS17
      Category 1    0.703          461.000
      Category 2    0.189          124.000
      Category 3    0.041           27.000
      Category 4    0.034           22.000
      Category 5    0.020           13.000
      Category 6    0.012            8.000
      Category 7    0.002            1.000
    MJS18
      Category 1    0.605          397.000
      Category 2    0.188          123.000
      Category 3    0.084           55.000
      Category 4    0.055           36.000
      Category 5    0.053           35.000
      Category 6    0.008            5.000
      Category 7    0.008            5.000
    MJS19
      Category 1    0.209          137.000
      Category 2    0.220          144.000
      Category 3    0.183          120.000
      Category 4    0.180          118.000
      Category 5    0.149           98.000
      Category 6    0.047           31.000
      Category 7    0.012            8.000
    MJS20
      Category 1    0.457          300.000
      Category 2    0.265          174.000
      Category 3    0.107           70.000
      Category 4    0.062           41.000
      Category 5    0.069           45.000
      Category 6    0.023           15.000
      Category 7    0.017           11.000
    MJS21
      Category 1    0.454          298.000
      Category 2    0.232          152.000
      Category 3    0.133           87.000
      Category 4    0.082           54.000
      Category 5    0.073           48.000
      Category 6    0.018           12.000
      Category 7    0.008            5.000
    MJS22
      Category 1    0.224          147.000
      Category 2    0.200          131.000
      Category 3    0.177          116.000
      Category 4    0.163          107.000
      Category 5    0.163          107.000
      Category 6    0.053           35.000
      Category 7    0.020           13.000
    MJS23
      Category 1    0.360          236.000
      Category 2    0.287          188.000
      Category 3    0.183          120.000
      Category 4    0.096           63.000
      Category 5    0.050           33.000
      Category 6    0.020           13.000
      Category 7    0.005            3.000
    MJS24
      Category 1    0.735          482.000
      Category 2    0.127           83.000
      Category 3    0.061           40.000
      Category 4    0.041           27.000
      Category 5    0.020           13.000
      Category 6    0.012            8.000
      Category 7    0.005            3.000



THE MODEL ESTIMATION TERMINATED NORMALLY



MODEL FIT INFORMATION

Number of Free Parameters                      234

Chi-Square Test of Model Fit

          Value                            833.158*
          Degrees of Freedom                   186
          P-Value                           0.0000

*   The chi-square value for MLM, MLMV, MLR, ULSMV, WLSM and WLSMV cannot be used
    for chi-square difference testing in the regular way.  MLM, MLR and WLSM
    chi-square difference testing is described on the Mplus website.  MLMV, WLSMV,
    and ULSMV difference testing is done using the DIFFTEST option.

RMSEA (Root Mean Square Error Of Approximation)

          Estimate                           0.073
          90 Percent C.I.                    0.068  0.078
          Probability RMSEA <= .05           0.000

CFI/TLI

          CFI                                0.966
          TLI                                0.950

Chi-Square Test of Model Fit for the Baseline Model

          Value                          19527.646
          Degrees of Freedom                   276
          P-Value                           0.0000

SRMR (Standardized Root Mean Square Residual)

          Value                              0.026

Optimum Function Value for Weighted Least-Squares Estimator

          Value                     0.22771427D+00



MODEL RESULTS

                                                    Two-Tailed
                    Estimate       S.E.  Est./S.E.    P-Value

 G        BY
    MJS01              0.874      0.013     68.748      0.000
    MJS02              0.591      0.036     16.289      0.000
    MJS03              0.643      0.029     21.924      0.000
    MJS04              0.939      0.009    100.351      0.000
    MJS05              0.547      0.037     14.601      0.000
    MJS06              0.676      0.031     21.976      0.000
    MJS07              0.938      0.009     99.119      0.000
    MJS08              0.746      0.022     33.327      0.000
    MJS09              0.250      0.042      5.927      0.000
    MJS10              0.317      0.040      8.001      0.000
    MJS11              0.461      0.036     12.890      0.000
    MJS12              0.190      0.044      4.327      0.000
    MJS13              0.022      0.043      0.516      0.606
    MJS14              0.097      0.045      2.153      0.031
    MJS15              0.370      0.036     10.212      0.000
    MJS16              0.499      0.035     14.225      0.000
    MJS17              0.548      0.042     13.038      0.000
    MJS18              0.537      0.044     12.134      0.000
    MJS19              0.345      0.044      7.757      0.000
    MJS20              0.517      0.040     12.820      0.000
    MJS21              0.450      0.045     10.033      0.000
    MJS22              0.368      0.048      7.686      0.000
    MJS23              0.432      0.042     10.300      0.000
    MJS24              0.726      0.034     21.064      0.000

 F1       BY
    MJS01              0.156      0.036      4.360      0.000
    MJS02              0.592      0.036     16.307      0.000
    MJS03              0.446      0.035     12.593      0.000
    MJS04              0.024      0.025      0.975      0.329
    MJS05              0.624      0.033     19.059      0.000
    MJS06              0.541      0.035     15.483      0.000
    MJS07              0.005      0.021      0.242      0.809
    MJS08              0.303      0.034      9.023      0.000
    MJS09              0.115      0.062      1.851      0.064
    MJS10              0.082      0.061      1.355      0.175
    MJS11             -0.175      0.062     -2.809      0.005
    MJS12              0.301      0.061      4.964      0.000
    MJS13              0.339      0.063      5.354      0.000
    MJS14              0.251      0.062      4.035      0.000
    MJS15             -0.067      0.059     -1.127      0.260
    MJS16             -0.248      0.064     -3.869      0.000
    MJS17             -0.094      0.048     -1.961      0.050
    MJS18             -0.139      0.050     -2.746      0.006
    MJS19              0.237      0.045      5.249      0.000
    MJS20              0.108      0.051      2.114      0.035
    MJS21              0.036      0.038      0.953      0.341
    MJS22              0.185      0.048      3.831      0.000
    MJS23              0.029      0.039      0.761      0.446
    MJS24             -0.220      0.051     -4.297      0.000

 F2       BY
    MJS01              0.002      0.025      0.063      0.950
    MJS02              0.084      0.033      2.545      0.011
    MJS03              0.047      0.025      1.916      0.055
    MJS04             -0.070      0.032     -2.208      0.027
    MJS05             -0.025      0.025     -0.983      0.326
    MJS06              0.041      0.024      1.707      0.088
    MJS07             -0.071      0.037     -1.902      0.057
    MJS08             -0.075      0.026     -2.857      0.004
    MJS09              0.720      0.018     38.929      0.000
    MJS10              0.720      0.019     37.281      0.000
    MJS11              0.617      0.033     18.539      0.000
    MJS12              0.662      0.027     24.604      0.000
    MJS13              0.793      0.030     26.383      0.000
    MJS14              0.703      0.025     28.328      0.000
    MJS15              0.708      0.023     30.411      0.000
    MJS16              0.571      0.038     15.170      0.000
    MJS17              0.059      0.035      1.685      0.092
    MJS18              0.062      0.032      1.948      0.051
    MJS19              0.107      0.039      2.716      0.007
    MJS20              0.233      0.032      7.308      0.000
    MJS21              0.070      0.032      2.164      0.030
    MJS22              0.110      0.034      3.224      0.001
    MJS23              0.170      0.035      4.907      0.000
    MJS24              0.002      0.020      0.117      0.907

 F3       BY
    MJS01             -0.018      0.030     -0.621      0.535
    MJS02              0.037      0.023      1.595      0.111
    MJS03              0.044      0.023      1.922      0.055
    MJS04             -0.087      0.035     -2.473      0.013
    MJS05             -0.082      0.028     -2.883      0.004
    MJS06              0.030      0.020      1.523      0.128
    MJS07             -0.132      0.039     -3.418      0.001
    MJS08             -0.010      0.023     -0.423      0.672
    MJS09              0.032      0.022      1.481      0.139
    MJS10              0.017      0.022      0.786      0.432
    MJS11              0.021      0.024      0.885      0.376
    MJS12              0.079      0.032      2.493      0.013
    MJS13              0.091      0.034      2.651      0.008
    MJS14              0.088      0.034      2.587      0.010
    MJS15              0.038      0.028      1.326      0.185
    MJS16              0.048      0.031      1.521      0.128
    MJS17              0.507      0.045     11.383      0.000
    MJS18              0.590      0.038     15.627      0.000
    MJS19              0.463      0.033     13.925      0.000
    MJS20              0.504      0.031     16.054      0.000
    MJS21              0.673      0.029     23.551      0.000
    MJS22              0.646      0.027     24.288      0.000
    MJS23              0.543      0.031     17.505      0.000
    MJS24              0.521      0.049     10.706      0.000

 F1       WITH
    G                  0.000      0.000    999.000    999.000

 F2       WITH
    G                  0.000      0.000    999.000    999.000
    F1                 0.000      0.000    999.000    999.000

 F3       WITH
    G                  0.000      0.000    999.000    999.000
    F1                 0.000      0.000    999.000    999.000
    F2                 0.000      0.000    999.000    999.000

 Thresholds
    MJS01$1           -0.046      0.049     -0.937      0.349
    MJS01$2            0.764      0.054     14.014      0.000
    MJS01$3            1.086      0.061     17.801      0.000
    MJS01$4            1.400      0.071     19.704      0.000
    MJS01$5            1.831      0.094     19.436      0.000
    MJS01$6            2.360      0.151     15.650      0.000
    MJS02$1           -0.713      0.054    -13.275      0.000
    MJS02$2           -0.065      0.049     -1.327      0.184
    MJS02$3            0.351      0.050      7.013      0.000
    MJS02$4            0.713      0.054     13.275      0.000
    MJS02$5            1.269      0.066     19.136      0.000
    MJS02$6            2.058      0.113     18.166      0.000
    MJS03$1           -1.100      0.061    -17.924      0.000
    MJS03$2           -0.550      0.052    -10.634      0.000
    MJS03$3           -0.088      0.049     -1.796      0.073
    MJS03$4            0.303      0.050      6.082      0.000
    MJS03$5            0.988      0.059     16.835      0.000
    MJS03$6            1.688      0.085     19.870      0.000
    MJS04$1            0.111      0.049      2.264      0.024
    MJS04$2            0.832      0.056     14.958      0.000
    MJS04$3            1.143      0.063     18.281      0.000
    MJS04$4            1.475      0.074     19.889      0.000
    MJS04$5            1.755      0.089     19.706      0.000
    MJS04$6            2.251      0.135     16.637      0.000
    MJS05$1           -0.957      0.058    -16.499      0.000
    MJS05$2           -0.417      0.051     -8.252      0.000
    MJS05$3           -0.100      0.049     -2.030      0.042
    MJS05$4            0.263      0.050      5.304      0.000
    MJS05$5            0.899      0.057     15.809      0.000
    MJS05$6            1.792      0.091     19.586      0.000
    MJS06$1           -0.586      0.052    -11.244      0.000
    MJS06$2            0.027      0.049      0.547      0.585
    MJS06$3            0.421      0.051      8.329      0.000
    MJS06$4            0.784      0.055     14.306      0.000
    MJS06$5            1.287      0.067     19.229      0.000
    MJS06$6            1.920      0.101     19.016      0.000
    MJS07$1            0.271      0.050      5.460      0.000
    MJS07$2            0.893      0.057     15.739      0.000
    MJS07$3            1.220      0.065     18.835      0.000
    MJS07$4            1.547      0.077     19.971      0.000
    MJS07$5            1.896      0.099     19.138      0.000
    MJS07$6            2.427      0.162     15.011      0.000
    MJS08$1           -0.434      0.051     -8.561      0.000
    MJS08$2            0.123      0.049      2.498      0.012
    MJS08$3            0.541      0.052     10.481      0.000
    MJS08$4            0.865      0.056     15.387      0.000
    MJS08$5            1.341      0.069     19.487      0.000
    MJS08$6            1.920      0.101     19.016      0.000
    MJS09$1           -1.811      0.093    -19.515      0.000
    MJS09$2           -1.173      0.063    -18.510      0.000
    MJS09$3           -0.684      0.053    -12.828      0.000
    MJS09$4            0.212      0.049      4.292      0.000
    MJS09$5            0.933      0.058     16.226      0.000
    MJS09$6            1.547      0.077     19.971      0.000
    MJS10$1           -1.792      0.091    -19.586      0.000
    MJS10$2           -1.121      0.062    -18.105      0.000
    MJS10$3           -0.632      0.053    -12.001      0.000
    MJS10$4            0.054      0.049      1.093      0.274
    MJS10$5            0.843      0.056     15.101      0.000
    MJS10$6            1.547      0.077     19.971      0.000
    MJS11$1           -1.196      0.064    -18.675      0.000
    MJS11$2           -0.396      0.050     -7.865      0.000
    MJS11$3            0.184      0.049      3.746      0.000
    MJS11$4            0.939      0.058     16.294      0.000
    MJS11$5            1.475      0.074     19.889      0.000
    MJS11$6            2.126      0.120     17.667      0.000
    MJS12$1           -2.027      0.110    -18.375      0.000
    MJS12$2           -1.572      0.079    -19.978      0.000
    MJS12$3           -1.100      0.061    -17.924      0.000
    MJS12$4           -0.577      0.052    -11.091      0.000
    MJS12$5            0.119      0.049      2.420      0.016
    MJS12$6            0.963      0.058     16.567      0.000
    MJS13$1           -1.998      0.108    -18.562      0.000
    MJS13$2           -1.642      0.082    -19.940      0.000
    MJS13$3           -1.287      0.067    -19.229      0.000
    MJS13$4           -0.769      0.055    -14.087      0.000
    MJS13$5           -0.184      0.049     -3.746      0.000
    MJS13$6            0.595      0.052     11.395      0.000
    MJS14$1           -1.852      0.096    -19.347      0.000
    MJS14$2           -1.475      0.074    -19.889      0.000
    MJS14$3           -1.079      0.061    -17.739      0.000
    MJS14$4           -0.510      0.051     -9.945      0.000
    MJS14$5           -0.107      0.049     -2.186      0.029
    MJS14$6            0.502      0.051      9.792      0.000
    MJS15$1           -1.534      0.077    -19.963      0.000
    MJS15$2           -0.982      0.059    -16.769      0.000
    MJS15$3           -0.421      0.051     -8.329      0.000
    MJS15$4            0.251      0.049      5.071      0.000
    MJS15$5            0.910      0.057     15.949      0.000
    MJS15$6            1.547      0.077     19.971      0.000
    MJS16$1           -1.072      0.061    -17.677      0.000
    MJS16$2           -0.392      0.050     -7.788      0.000
    MJS16$3            0.103      0.049      2.108      0.035
    MJS16$4            0.916      0.057     16.018      0.000
    MJS16$5            1.420      0.072     19.765      0.000
    MJS16$6            2.027      0.110     18.375      0.000
    MJS17$1            0.532      0.052     10.328      0.000
    MJS17$2            1.236      0.065     18.938      0.000
    MJS17$3            1.498      0.075     19.926      0.000
    MJS17$4            1.831      0.094     19.436      0.000
    MJS17$5            2.205      0.130     17.028      0.000
    MJS17$6            2.963      0.308      9.632      0.000
    MJS18$1            0.267      0.050      5.382      0.000
    MJS18$2            0.816      0.055     14.742      0.000
    MJS18$3            1.158      0.063     18.397      0.000
    MJS18$4            1.486      0.075     19.909      0.000
    MJS18$5            2.164      0.125     17.368      0.000
    MJS18$6            2.427      0.162     15.011      0.000
    MJS19$1           -0.810      0.055    -14.670      0.000
    MJS19$2           -0.181      0.049     -3.668      0.000
    MJS19$3            0.283      0.050      5.693      0.000
    MJS19$4            0.810      0.055     14.670      0.000
    MJS19$5            1.559      0.078     19.976      0.000
    MJS19$6            2.251      0.135     16.637      0.000
    MJS20$1           -0.107      0.049     -2.186      0.029
    MJS20$2            0.590      0.052     11.320      0.000
    MJS20$3            0.951      0.058     16.431      0.000
    MJS20$4            1.236      0.065     18.938      0.000
    MJS20$5            1.755      0.089     19.706      0.000
    MJS20$6            2.126      0.120     17.667      0.000
    MJS21$1           -0.115      0.049     -2.342      0.019
    MJS21$2            0.484      0.051      9.485      0.000
    MJS21$3            0.910      0.057     15.949      0.000
    MJS21$4            1.287      0.067     19.229      0.000
    MJS21$5            1.945      0.103     18.881      0.000
    MJS21$6            2.427      0.162     15.011      0.000
    MJS22$1           -0.758      0.054    -13.940      0.000
    MJS22$2           -0.192      0.049     -3.902      0.000
    MJS22$3            0.255      0.050      5.148      0.000
    MJS22$4            0.718      0.054     13.349      0.000
    MJS22$5            1.453      0.073     19.845      0.000
    MJS22$6            2.058      0.113     18.166      0.000
    MJS23$1           -0.359      0.050     -7.168      0.000
    MJS23$2            0.375      0.050      7.478      0.000
    MJS23$3            0.951      0.058     16.431      0.000
    MJS23$4            1.442      0.073     19.820      0.000
    MJS23$5            1.971      0.105     18.730      0.000
    MJS23$6            2.607      0.197     13.213      0.000
    MJS24$1            0.627      0.053     11.926      0.000
    MJS24$2            1.086      0.061     17.801      0.000
    MJS24$3            1.420      0.072     19.765      0.000
    MJS24$4            1.792      0.091     19.586      0.000
    MJS24$5            2.126      0.120     17.667      0.000
    MJS24$6            2.607      0.197     13.213      0.000

 Variances
    G                  1.000      0.000    999.000    999.000
    F1                 1.000      0.000    999.000    999.000
    F2                 1.000      0.000    999.000    999.000
    F3                 1.000      0.000    999.000    999.000


QUALITY OF NUMERICAL RESULTS

     Condition Number for the Information Matrix              0.731E-05
       (ratio of smallest to largest eigenvalue)


STANDARDIZED MODEL RESULTS


STDYX Standardization

                                                    Two-Tailed
                    Estimate       S.E.  Est./S.E.    P-Value

 G        BY
    MJS01              0.874      0.013     68.748      0.000
    MJS02              0.591      0.036     16.289      0.000
    MJS03              0.643      0.029     21.924      0.000
    MJS04              0.939      0.009    100.351      0.000
    MJS05              0.547      0.037     14.601      0.000
    MJS06              0.676      0.031     21.976      0.000
    MJS07              0.938      0.009     99.119      0.000
    MJS08              0.746      0.022     33.327      0.000
    MJS09              0.250      0.042      5.927      0.000
    MJS10              0.317      0.040      8.001      0.000
    MJS11              0.461      0.036     12.890      0.000
    MJS12              0.190      0.044      4.327      0.000
    MJS13              0.022      0.043      0.516      0.606
    MJS14              0.097      0.045      2.153      0.031
    MJS15              0.370      0.036     10.212      0.000
    MJS16              0.499      0.035     14.225      0.000
    MJS17              0.548      0.042     13.038      0.000
    MJS18              0.537      0.044     12.134      0.000
    MJS19              0.345      0.044      7.757      0.000
    MJS20              0.517      0.040     12.820      0.000
    MJS21              0.450      0.045     10.033      0.000
    MJS22              0.368      0.048      7.686      0.000
    MJS23              0.432      0.042     10.300      0.000
    MJS24              0.726      0.034     21.064      0.000

 F1       BY
    MJS01              0.156      0.036      4.360      0.000
    MJS02              0.592      0.036     16.307      0.000
    MJS03              0.446      0.035     12.593      0.000
    MJS04              0.024      0.025      0.975      0.329
    MJS05              0.624      0.033     19.059      0.000
    MJS06              0.541      0.035     15.483      0.000
    MJS07              0.005      0.021      0.242      0.809
    MJS08              0.303      0.034      9.023      0.000
    MJS09              0.115      0.062      1.851      0.064
    MJS10              0.082      0.061      1.355      0.175
    MJS11             -0.175      0.062     -2.809      0.005
    MJS12              0.301      0.061      4.964      0.000
    MJS13              0.339      0.063      5.354      0.000
    MJS14              0.251      0.062      4.035      0.000
    MJS15             -0.067      0.059     -1.127      0.260
    MJS16             -0.248      0.064     -3.869      0.000
    MJS17             -0.094      0.048     -1.961      0.050
    MJS18             -0.139      0.050     -2.746      0.006
    MJS19              0.237      0.045      5.249      0.000
    MJS20              0.108      0.051      2.114      0.035
    MJS21              0.036      0.038      0.953      0.341
    MJS22              0.185      0.048      3.831      0.000
    MJS23              0.029      0.039      0.761      0.446
    MJS24             -0.220      0.051     -4.297      0.000

 F2       BY
    MJS01              0.002      0.025      0.063      0.950
    MJS02              0.084      0.033      2.545      0.011
    MJS03              0.047      0.025      1.916      0.055
    MJS04             -0.070      0.032     -2.208      0.027
    MJS05             -0.025      0.025     -0.983      0.326
    MJS06              0.041      0.024      1.707      0.088
    MJS07             -0.071      0.037     -1.902      0.057
    MJS08             -0.075      0.026     -2.857      0.004
    MJS09              0.720      0.018     38.929      0.000
    MJS10              0.720      0.019     37.281      0.000
    MJS11              0.617      0.033     18.539      0.000
    MJS12              0.662      0.027     24.604      0.000
    MJS13              0.793      0.030     26.383      0.000
    MJS14              0.703      0.025     28.328      0.000
    MJS15              0.708      0.023     30.411      0.000
    MJS16              0.571      0.038     15.170      0.000
    MJS17              0.059      0.035      1.685      0.092
    MJS18              0.062      0.032      1.948      0.051
    MJS19              0.107      0.039      2.716      0.007
    MJS20              0.233      0.032      7.308      0.000
    MJS21              0.070      0.032      2.164      0.030
    MJS22              0.110      0.034      3.224      0.001
    MJS23              0.170      0.035      4.907      0.000
    MJS24              0.002      0.020      0.117      0.907

 F3       BY
    MJS01             -0.018      0.030     -0.621      0.535
    MJS02              0.037      0.023      1.595      0.111
    MJS03              0.044      0.023      1.922      0.055
    MJS04             -0.087      0.035     -2.473      0.013
    MJS05             -0.082      0.028     -2.883      0.004
    MJS06              0.030      0.020      1.523      0.128
    MJS07             -0.132      0.039     -3.418      0.001
    MJS08             -0.010      0.023     -0.423      0.672
    MJS09              0.032      0.022      1.481      0.139
    MJS10              0.017      0.022      0.786      0.432
    MJS11              0.021      0.024      0.885      0.376
    MJS12              0.079      0.032      2.493      0.013
    MJS13              0.091      0.034      2.651      0.008
    MJS14              0.088      0.034      2.587      0.010
    MJS15              0.038      0.028      1.326      0.185
    MJS16              0.048      0.031      1.521      0.128
    MJS17              0.507      0.045     11.383      0.000
    MJS18              0.590      0.038     15.627      0.000
    MJS19              0.463      0.033     13.925      0.000
    MJS20              0.504      0.031     16.054      0.000
    MJS21              0.673      0.029     23.551      0.000
    MJS22              0.646      0.027     24.288      0.000
    MJS23              0.543      0.031     17.505      0.000
    MJS24              0.521      0.049     10.706      0.000

 F1       WITH
    G                  0.000      0.000    999.000    999.000

 F2       WITH
    G                  0.000      0.000    999.000    999.000
    F1                 0.000      0.000    999.000    999.000

 F3       WITH
    G                  0.000      0.000    999.000    999.000
    F1                 0.000      0.000    999.000    999.000
    F2                 0.000      0.000    999.000    999.000

 Thresholds
    MJS01$1           -0.046      0.049     -0.937      0.349
    MJS01$2            0.764      0.054     14.014      0.000
    MJS01$3            1.086      0.061     17.801      0.000
    MJS01$4            1.400      0.071     19.704      0.000
    MJS01$5            1.831      0.094     19.436      0.000
    MJS01$6            2.360      0.151     15.650      0.000
    MJS02$1           -0.713      0.054    -13.275      0.000
    MJS02$2           -0.065      0.049     -1.327      0.184
    MJS02$3            0.351      0.050      7.013      0.000
    MJS02$4            0.713      0.054     13.275      0.000
    MJS02$5            1.269      0.066     19.136      0.000
    MJS02$6            2.058      0.113     18.166      0.000
    MJS03$1           -1.100      0.061    -17.924      0.000
    MJS03$2           -0.550      0.052    -10.634      0.000
    MJS03$3           -0.088      0.049     -1.796      0.073
    MJS03$4            0.303      0.050      6.082      0.000
    MJS03$5            0.988      0.059     16.835      0.000
    MJS03$6            1.688      0.085     19.870      0.000
    MJS04$1            0.111      0.049      2.264      0.024
    MJS04$2            0.832      0.056     14.958      0.000
    MJS04$3            1.143      0.063     18.281      0.000
    MJS04$4            1.475      0.074     19.889      0.000
    MJS04$5            1.755      0.089     19.706      0.000
    MJS04$6            2.251      0.135     16.637      0.000
    MJS05$1           -0.957      0.058    -16.499      0.000
    MJS05$2           -0.417      0.051     -8.252      0.000
    MJS05$3           -0.100      0.049     -2.030      0.042
    MJS05$4            0.263      0.050      5.304      0.000
    MJS05$5            0.899      0.057     15.809      0.000
    MJS05$6            1.792      0.091     19.586      0.000
    MJS06$1           -0.586      0.052    -11.244      0.000
    MJS06$2            0.027      0.049      0.547      0.585
    MJS06$3            0.421      0.051      8.329      0.000
    MJS06$4            0.784      0.055     14.306      0.000
    MJS06$5            1.287      0.067     19.229      0.000
    MJS06$6            1.920      0.101     19.016      0.000
    MJS07$1            0.271      0.050      5.460      0.000
    MJS07$2            0.893      0.057     15.739      0.000
    MJS07$3            1.220      0.065     18.835      0.000
    MJS07$4            1.547      0.077     19.971      0.000
    MJS07$5            1.896      0.099     19.138      0.000
    MJS07$6            2.427      0.162     15.011      0.000
    MJS08$1           -0.434      0.051     -8.561      0.000
    MJS08$2            0.123      0.049      2.498      0.012
    MJS08$3            0.541      0.052     10.481      0.000
    MJS08$4            0.865      0.056     15.387      0.000
    MJS08$5            1.341      0.069     19.487      0.000
    MJS08$6            1.920      0.101     19.016      0.000
    MJS09$1           -1.811      0.093    -19.515      0.000
    MJS09$2           -1.173      0.063    -18.510      0.000
    MJS09$3           -0.684      0.053    -12.828      0.000
    MJS09$4            0.212      0.049      4.292      0.000
    MJS09$5            0.933      0.058     16.226      0.000
    MJS09$6            1.547      0.077     19.971      0.000
    MJS10$1           -1.792      0.091    -19.586      0.000
    MJS10$2           -1.121      0.062    -18.105      0.000
    MJS10$3           -0.632      0.053    -12.001      0.000
    MJS10$4            0.054      0.049      1.093      0.274
    MJS10$5            0.843      0.056     15.101      0.000
    MJS10$6            1.547      0.077     19.971      0.000
    MJS11$1           -1.196      0.064    -18.675      0.000
    MJS11$2           -0.396      0.050     -7.865      0.000
    MJS11$3            0.184      0.049      3.746      0.000
    MJS11$4            0.939      0.058     16.294      0.000
    MJS11$5            1.475      0.074     19.889      0.000
    MJS11$6            2.126      0.120     17.667      0.000
    MJS12$1           -2.027      0.110    -18.375      0.000
    MJS12$2           -1.572      0.079    -19.978      0.000
    MJS12$3           -1.100      0.061    -17.924      0.000
    MJS12$4           -0.577      0.052    -11.091      0.000
    MJS12$5            0.119      0.049      2.420      0.016
    MJS12$6            0.963      0.058     16.567      0.000
    MJS13$1           -1.998      0.108    -18.562      0.000
    MJS13$2           -1.642      0.082    -19.940      0.000
    MJS13$3           -1.287      0.067    -19.229      0.000
    MJS13$4           -0.769      0.055    -14.087      0.000
    MJS13$5           -0.184      0.049     -3.746      0.000
    MJS13$6            0.595      0.052     11.395      0.000
    MJS14$1           -1.852      0.096    -19.347      0.000
    MJS14$2           -1.475      0.074    -19.889      0.000
    MJS14$3           -1.079      0.061    -17.739      0.000
    MJS14$4           -0.510      0.051     -9.945      0.000
    MJS14$5           -0.107      0.049     -2.186      0.029
    MJS14$6            0.502      0.051      9.792      0.000
    MJS15$1           -1.534      0.077    -19.963      0.000
    MJS15$2           -0.982      0.059    -16.769      0.000
    MJS15$3           -0.421      0.051     -8.329      0.000
    MJS15$4            0.251      0.049      5.071      0.000
    MJS15$5            0.910      0.057     15.949      0.000
    MJS15$6            1.547      0.077     19.971      0.000
    MJS16$1           -1.072      0.061    -17.677      0.000
    MJS16$2           -0.392      0.050     -7.788      0.000
    MJS16$3            0.103      0.049      2.108      0.035
    MJS16$4            0.916      0.057     16.018      0.000
    MJS16$5            1.420      0.072     19.765      0.000
    MJS16$6            2.027      0.110     18.375      0.000
    MJS17$1            0.532      0.052     10.328      0.000
    MJS17$2            1.236      0.065     18.938      0.000
    MJS17$3            1.498      0.075     19.926      0.000
    MJS17$4            1.831      0.094     19.436      0.000
    MJS17$5            2.205      0.130     17.028      0.000
    MJS17$6            2.963      0.308      9.632      0.000
    MJS18$1            0.267      0.050      5.382      0.000
    MJS18$2            0.816      0.055     14.742      0.000
    MJS18$3            1.158      0.063     18.397      0.000
    MJS18$4            1.486      0.075     19.909      0.000
    MJS18$5            2.164      0.125     17.368      0.000
    MJS18$6            2.427      0.162     15.011      0.000
    MJS19$1           -0.810      0.055    -14.670      0.000
    MJS19$2           -0.181      0.049     -3.668      0.000
    MJS19$3            0.283      0.050      5.693      0.000
    MJS19$4            0.810      0.055     14.670      0.000
    MJS19$5            1.559      0.078     19.976      0.000
    MJS19$6            2.251      0.135     16.637      0.000
    MJS20$1           -0.107      0.049     -2.186      0.029
    MJS20$2            0.590      0.052     11.320      0.000
    MJS20$3            0.951      0.058     16.431      0.000
    MJS20$4            1.236      0.065     18.938      0.000
    MJS20$5            1.755      0.089     19.706      0.000
    MJS20$6            2.126      0.120     17.667      0.000
    MJS21$1           -0.115      0.049     -2.342      0.019
    MJS21$2            0.484      0.051      9.485      0.000
    MJS21$3            0.910      0.057     15.949      0.000
    MJS21$4            1.287      0.067     19.229      0.000
    MJS21$5            1.945      0.103     18.881      0.000
    MJS21$6            2.427      0.162     15.011      0.000
    MJS22$1           -0.758      0.054    -13.940      0.000
    MJS22$2           -0.192      0.049     -3.902      0.000
    MJS22$3            0.255      0.050      5.148      0.000
    MJS22$4            0.718      0.054     13.349      0.000
    MJS22$5            1.453      0.073     19.845      0.000
    MJS22$6            2.058      0.113     18.166      0.000
    MJS23$1           -0.359      0.050     -7.168      0.000
    MJS23$2            0.375      0.050      7.478      0.000
    MJS23$3            0.951      0.058     16.431      0.000
    MJS23$4            1.442      0.073     19.820      0.000
    MJS23$5            1.971      0.105     18.730      0.000
    MJS23$6            2.607      0.197     13.213      0.000
    MJS24$1            0.627      0.053     11.926      0.000
    MJS24$2            1.086      0.061     17.801      0.000
    MJS24$3            1.420      0.072     19.765      0.000
    MJS24$4            1.792      0.091     19.586      0.000
    MJS24$5            2.126      0.120     17.667      0.000
    MJS24$6            2.607      0.197     13.213      0.000

 Variances
    G                  1.000      0.000    999.000    999.000
    F1                 1.000      0.000    999.000    999.000
    F2                 1.000      0.000    999.000    999.000
    F3                 1.000      0.000    999.000    999.000


R-SQUARE

    Observed                                        Two-Tailed   Residual
    Variable        Estimate       S.E.  Est./S.E.    P-Value    Variance

    MJS01              0.788      0.019     40.615      0.000      0.212
    MJS02              0.709      0.021     34.221      0.000      0.291
    MJS03              0.616      0.023     26.350      0.000      0.384
    MJS04              0.894      0.015     60.702      0.000      0.106
    MJS05              0.696      0.023     30.009      0.000      0.304
    MJS06              0.752      0.020     38.097      0.000      0.248
    MJS07              0.903      0.016     58.204      0.000      0.097
    MJS08              0.654      0.025     26.489      0.000      0.346
    MJS09              0.595      0.024     24.727      0.000      0.405
    MJS10              0.626      0.025     25.379      0.000      0.374
    MJS11              0.624      0.027     22.922      0.000      0.376
    MJS12              0.572      0.027     21.379      0.000      0.428
    MJS13              0.753      0.029     25.914      0.000      0.247
    MJS14              0.574      0.028     20.660      0.000      0.426
    MJS15              0.645      0.024     27.183      0.000      0.355
    MJS16              0.638      0.029     22.110      0.000      0.362
    MJS17              0.570      0.042     13.494      0.000      0.430
    MJS18              0.659      0.033     20.049      0.000      0.341
    MJS19              0.401      0.033     11.994      0.000      0.599
    MJS20              0.587      0.031     18.936      0.000      0.413
    MJS21              0.662      0.029     22.739      0.000      0.338
    MJS22              0.600      0.030     20.265      0.000      0.400
    MJS23              0.511      0.032     16.113      0.000      0.489
    MJS24              0.846      0.033     25.635      0.000      0.154


MODEL MODIFICATION INDICES

NOTE:  Modification indices for direct effects of observed dependent variables
regressed on covariates and residual covariances among observed dependent
variables may not be included.  To include these, request MODINDICES (ALL).

Minimum M.I. value for printing the modification index    10.000

                                   M.I.     E.P.C.  Std E.P.C.  StdYX E.P.C.

No modification indices above the minimum value.



     Beginning Time:  18:13:26
        Ending Time:  18:13:28
       Elapsed Time:  00:00:02



MUTHEN & MUTHEN
3463 Stoner Ave.
Los Angeles, CA  90066

Tel: (310) 391-9971
Fax: (310) 391-8971
Web: www.StatModel.com
Support: Support@StatModel.com

Copyright (c) 1998-2022 Muthen & Muthen
